2002.09.25 10:07 B d:\CT\cgi-bin\cybertown\templates\club\___menu.tmpl <-- cybertown /services/http/80/cgi-bin/cybertown/templates/club ___menu.tmpl
2002.09.25 10:07 B d:\CT\cgi-bin\cybertown\templates\club\___place.tmpl <-- cybertown /services/http/80/cgi-bin/cybertown/templates/club ___place.tmpl
2002.09.25 10:07 B d:\CT\cgi-bin\cybertown\templates\club\__place.tmpl <-- cybertown /services/http/80/cgi-bin/cybertown/templates/club __place.tmpl
2002.09.25 10:07 B d:\CT\cgi-bin\cybertown\templates\club\_newcomers_control.tmpl <-- cybertown /services/http/80/cgi-bin/cybertown/templates/club _newcomers_control.tmpl
2002.09.25 10:07 B d:\CT\cgi-bin\cybertown\templates\club\_place.cfg <-- cybertown /services/http/80/cgi-bin/cybertown/templates/club _place.cfg
2002.09.25 10:07 B d:\CT\cgi-bin\cybertown\templates\club\_place.tmpl <-- cybertown /services/http/80/cgi-bin/cybertown/templates/club _place.tmpl
2002.09.25 10:07 B d:\CT\cgi-bin\cybertown\templates\club\_update.tmpl <-- cybertown /services/http/80/cgi-bin/cybertown/templates/club _update.tmpl
2002.09.25 10:07 B d:\CT\cgi-bin\cybertown\templates\club\action.cfg <-- cybertown /services/http/80/cgi-bin/cybertown/templates/club action.cfg
2002.09.25 10:07 B d:\CT\cgi-bin\cybertown\templates\club\action.tmpl <-- cybertown /services/http/80/cgi-bin/cybertown/templates/club action.tmpl
2002.09.25 10:07 B d:\CT\cgi-bin\cybertown\templates\club\enter3D.cfg <-- cybertown /services/http/80/cgi-bin/cybertown/templates/club enter3D.cfg
2002.09.25 10:07 B d:\CT\cgi-bin\cybertown\templates\club\enter3D.tmpl <-- cybertown /services/http/80/cgi-bin/cybertown/templates/club enter3D.tmpl
2002.09.25 10:07 B d:\CT\cgi-bin\cybertown\templates\club\error.bak <-- cybertown /services/http/80/cgi-bin/cybertown/templates/club error.bak
2002.09.25 10:07 B d:\CT\cgi-bin\cybertown\templates\club\error.tmpl <-- cybertown /services/http/80/cgi-bin/cybertown/templates/club error.tmpl
2002.09.25 10:07 B d:\CT\cgi-bin\cybertown\templates\club\index.cfg <-- cybertown /services/http/80/cgi-bin/cybertown/templates/club index.cfg
2002.09.25 10:07 B d:\CT\cgi-bin\cybertown\templates\club\index.tmpl <-- cybertown /services/http/80/cgi-bin/cybertown/templates/club index.tmpl
2002.09.25 10:07 B d:\CT\cgi-bin\cybertown\templates\club\index2d.tmpl <-- cybertown /services/http/80/cgi-bin/cybertown/templates/club index2d.tmpl
2002.09.25 10:07 B d:\CT\cgi-bin\cybertown\templates\club\index3d.tmpl <-- cybertown /services/http/80/cgi-bin/cybertown/templates/club index3d.tmpl
2002.09.25 10:07 B d:\CT\cgi-bin\cybertown\templates\club\index_error.tmpl <-- cybertown /services/http/80/cgi-bin/cybertown/templates/club index_error.tmpl
2002.09.25 10:07 B d:\CT\cgi-bin\cybertown\templates\club\info_links.cfg <-- cybertown /services/http/80/cgi-bin/cybertown/templates/club info_links.cfg
2002.09.25 10:08 B d:\CT\cgi-bin\cybertown\templates\club\info_links.tmpl <-- cybertown /services/http/80/cgi-bin/cybertown/templates/club info_links.tmpl
2002.09.25 10:08 B d:\CT\cgi-bin\cybertown\templates\club\javachat.tmpl <-- cybertown /services/http/80/cgi-bin/cybertown/templates/club javachat.tmpl
2002.09.25 10:08 B d:\CT\cgi-bin\cybertown\templates\club\link.cfg <-- cybertown /services/http/80/cgi-bin/cybertown/templates/club link.cfg
2002.09.25 10:08 B d:\CT\cgi-bin\cybertown\templates\club\link.tmpl <-- cybertown /services/http/80/cgi-bin/cybertown/templates/club link.tmpl
2002.09.25 10:08 B d:\CT\cgi-bin\cybertown\templates\club\memlist.cfg <-- cybertown /services/http/80/cgi-bin/cybertown/templates/club memlist.cfg
2002.09.25 10:08 B d:\CT\cgi-bin\cybertown\templates\club\memlist.tmpl <-- cybertown /services/http/80/cgi-bin/cybertown/templates/club memlist.tmpl
2002.09.25 10:08 B d:\CT\cgi-bin\cybertown\templates\club\menu.cfg <-- cybertown /services/http/80/cgi-bin/cybertown/templates/club menu.cfg
2002.09.25 10:08 B d:\CT\cgi-bin\cybertown\templates\club\menu.tmpl <-- cybertown /services/http/80/cgi-bin/cybertown/templates/club menu.tmpl
2002.09.25 10:08 B d:\CT\cgi-bin\cybertown\templates\club\newcomers_control.tmpl <-- cybertown /services/http/80/cgi-bin/cybertown/templates/club newcomers_control.tmpl
2002.09.25 10:08 B d:\CT\cgi-bin\cybertown\templates\club\place.cfg <-- cybertown /services/http/80/cgi-bin/cybertown/templates/club place.cfg
2002.09.25 10:08 B d:\CT\cgi-bin\cybertown\templates\club\place.tmpl <-- cybertown /services/http/80/cgi-bin/cybertown/templates/club place.tmpl
2002.09.25 10:08 B d:\CT\cgi-bin\cybertown\templates\club\reload.cfg <-- cybertown /services/http/80/cgi-bin/cybertown/templates/club reload.cfg
2002.09.25 10:08 B d:\CT\cgi-bin\cybertown\templates\club\reload.tmpl <-- cybertown /services/http/80/cgi-bin/cybertown/templates/club reload.tmpl
2002.09.25 10:08 B d:\CT\cgi-bin\cybertown\templates\club\showinfo.cfg <-- cybertown /services/http/80/cgi-bin/cybertown/templates/club showinfo.cfg
2002.09.25 10:08 B d:\CT\cgi-bin\cybertown\templates\club\showinfo.tmpl <-- cybertown /services/http/80/cgi-bin/cybertown/templates/club showinfo.tmpl
2002.09.25 10:08 B d:\CT\cgi-bin\cybertown\templates\club\showrules.cfg <-- cybertown /services/http/80/cgi-bin/cybertown/templates/club showrules.cfg
2002.09.25 10:08 B d:\CT\cgi-bin\cybertown\templates\club\showrules.tmpl <-- cybertown /services/http/80/cgi-bin/cybertown/templates/club showrules.tmpl
2002.09.25 10:08 B d:\CT\cgi-bin\cybertown\templates\club\update.cfg <-- cybertown /services/http/80/cgi-bin/cybertown/templates/club update.cfg
2002.09.25 10:08 B d:\CT\cgi-bin\cybertown\templates\club\update.tmpl <-- cybertown /services/http/80/cgi-bin/cybertown/templates/club update.tmpl
2002.09.25 10:08 B d:\CT\cgi-bin\cybertown\templates\club\updatelink.cfg <-- cybertown /services/http/80/cgi-bin/cybertown/templates/club updatelink.cfg
2002.09.25 10:08 B d:\CT\cgi-bin\cybertown\templates\club\updatelink.tmpl <-- cybertown /services/http/80/cgi-bin/cybertown/templates/club updatelink.tmpl
2002.09.25 10:08 B d:\CT\cgi-bin\cybertown\templates\club\updaterules.cfg <-- cybertown /services/http/80/cgi-bin/cybertown/templates/club updaterules.cfg
2002.09.25 10:08 B d:\CT\cgi-bin\cybertown\templates\club\updaterules.tmpl <-- cybertown /services/http/80/cgi-bin/cybertown/templates/club updaterules.tmpl
2002.09.25 10:08 B d:\CT\cgi-bin\cybertown\templates\club\vrml.cfg <-- cybertown /services/http/80/cgi-bin/cybertown/templates/club vrml.cfg
2002.09.25 10:08 B d:\CT\cgi-bin\cybertown\templates\club\vrml.tmpl <-- cybertown /services/http/80/cgi-bin/cybertown/templates/club vrml.tmpl
2002.09.25 19:10 B c:\WINDOWS\Desktop\sec\Ct\cgi-bin\cybertown\templates\club\WS_FTP.LOG --> ftp.cybertown.com /services/http/80/cgi-bin/cybertown/templates/club WS_FTP.LOG
2002.09.25 19:22 B c:\WINDOWS\Desktop\sec\Ct\cgi-bin\cybertown\templates\club\___menu.tmpl --> ftp.cybertown.com /services/http/80/cgi-bin/cybertown/templates/club ___menu.tmpl
2002.09.25 19:22 B c:\WINDOWS\Desktop\sec\Ct\cgi-bin\cybertown\templates\club\___place.tmpl --> ftp.cybertown.com /services/http/80/cgi-bin/cybertown/templates/club ___place.tmpl
2002.09.25 19:22 B c:\WINDOWS\Desktop\sec\Ct\cgi-bin\cybertown\templates\club\__place.tmpl --> ftp.cybertown.com /services/http/80/cgi-bin/cybertown/templates/club __place.tmpl
2002.09.25 19:22 B c:\WINDOWS\Desktop\sec\Ct\cgi-bin\cybertown\templates\club\_newcomers_control.tmpl --> ftp.cybertown.com /services/http/80/cgi-bin/cybertown/templates/club _newcomers_control.tmpl
2002.09.25 19:22 B c:\WINDOWS\Desktop\sec\Ct\cgi-bin\cybertown\templates\club\_place.cfg --> ftp.cybertown.com /services/http/80/cgi-bin/cybertown/templates/club _place.cfg
2002.09.25 19:22 B c:\WINDOWS\Desktop\sec\Ct\cgi-bin\cybertown\templates\club\_place.tmpl --> ftp.cybertown.com /services/http/80/cgi-bin/cybertown/templates/club _place.tmpl
2002.09.25 19:22 B c:\WINDOWS\Desktop\sec\Ct\cgi-bin\cybertown\templates\club\_update.tmpl --> ftp.cybertown.com /services/http/80/cgi-bin/cybertown/templates/club _update.tmpl
2002.09.25 19:22 B c:\WINDOWS\Desktop\sec\Ct\cgi-bin\cybertown\templates\club\action.cfg --> ftp.cybertown.com /services/http/80/cgi-bin/cybertown/templates/club action.cfg
2002.09.25 19:22 B c:\WINDOWS\Desktop\sec\Ct\cgi-bin\cybertown\templates\club\action.tmpl --> ftp.cybertown.com /services/http/80/cgi-bin/cybertown/templates/club action.tmpl
2002.09.25 19:22 B c:\WINDOWS\Desktop\sec\Ct\cgi-bin\cybertown\templates\club\enter3D.cfg --> ftp.cybertown.com /services/http/80/cgi-bin/cybertown/templates/club enter3D.cfg
2002.09.25 19:22 B c:\WINDOWS\Desktop\sec\Ct\cgi-bin\cybertown\templates\club\enter3D.tmpl --> ftp.cybertown.com /services/http/80/cgi-bin/cybertown/templates/club enter3D.tmpl
2002.09.25 19:22 B c:\WINDOWS\Desktop\sec\Ct\cgi-bin\cybertown\templates\club\error.bak --> ftp.cybertown.com /services/http/80/cgi-bin/cybertown/templates/club error.bak
2002.09.25 19:22 B c:\WINDOWS\Desktop\sec\Ct\cgi-bin\cybertown\templates\club\error.tmpl --> ftp.cybertown.com /services/http/80/cgi-bin/cybertown/templates/club error.tmpl
2002.09.25 19:22 B c:\WINDOWS\Desktop\sec\Ct\cgi-bin\cybertown\templates\club\index.cfg --> ftp.cybertown.com /services/http/80/cgi-bin/cybertown/templates/club index.cfg
2002.09.25 19:22 B c:\WINDOWS\Desktop\sec\Ct\cgi-bin\cybertown\templates\club\index.tmpl --> ftp.cybertown.com /services/http/80/cgi-bin/cybertown/templates/club index.tmpl
2002.09.25 19:22 B c:\WINDOWS\Desktop\sec\Ct\cgi-bin\cybertown\templates\club\index2d.tmpl --> ftp.cybertown.com /services/http/80/cgi-bin/cybertown/templates/club index2d.tmpl
2002.09.25 19:22 B c:\WINDOWS\Desktop\sec\Ct\cgi-bin\cybertown\templates\club\index3d.tmpl --> ftp.cybertown.com /services/http/80/cgi-bin/cybertown/templates/club index3d.tmpl
2002.09.25 19:22 B c:\WINDOWS\Desktop\sec\Ct\cgi-bin\cybertown\templates\club\index_error.tmpl --> ftp.cybertown.com /services/http/80/cgi-bin/cybertown/templates/club index_error.tmpl
2002.09.25 19:22 B c:\WINDOWS\Desktop\sec\Ct\cgi-bin\cybertown\templates\club\info_links.cfg --> ftp.cybertown.com /services/http/80/cgi-bin/cybertown/templates/club info_links.cfg
2002.09.25 19:22 B c:\WINDOWS\Desktop\sec\Ct\cgi-bin\cybertown\templates\club\info_links.tmpl --> ftp.cybertown.com /services/http/80/cgi-bin/cybertown/templates/club info_links.tmpl
2002.09.25 19:22 B c:\WINDOWS\Desktop\sec\Ct\cgi-bin\cybertown\templates\club\javachat.tmpl --> ftp.cybertown.com /services/http/80/cgi-bin/cybertown/templates/club javachat.tmpl
2002.09.25 19:22 B c:\WINDOWS\Desktop\sec\Ct\cgi-bin\cybertown\templates\club\link.cfg --> ftp.cybertown.com /services/http/80/cgi-bin/cybertown/templates/club link.cfg
2002.09.25 19:22 B c:\WINDOWS\Desktop\sec\Ct\cgi-bin\cybertown\templates\club\link.tmpl --> ftp.cybertown.com /services/http/80/cgi-bin/cybertown/templates/club link.tmpl
2002.09.25 19:22 B c:\WINDOWS\Desktop\sec\Ct\cgi-bin\cybertown\templates\club\memlist.cfg --> ftp.cybertown.com /services/http/80/cgi-bin/cybertown/templates/club memlist.cfg
2002.09.25 19:22 B c:\WINDOWS\Desktop\sec\Ct\cgi-bin\cybertown\templates\club\memlist.tmpl --> ftp.cybertown.com /services/http/80/cgi-bin/cybertown/templates/club memlist.tmpl
2002.09.25 19:22 B c:\WINDOWS\Desktop\sec\Ct\cgi-bin\cybertown\templates\club\menu.cfg --> ftp.cybertown.com /services/http/80/cgi-bin/cybertown/templates/club menu.cfg
2002.09.25 19:22 B c:\WINDOWS\Desktop\sec\Ct\cgi-bin\cybertown\templates\club\menu.tmpl --> ftp.cybertown.com /services/http/80/cgi-bin/cybertown/templates/club menu.tmpl
2002.09.25 19:22 B c:\WINDOWS\Desktop\sec\Ct\cgi-bin\cybertown\templates\club\newcomers_control.tmpl --> ftp.cybertown.com /services/http/80/cgi-bin/cybertown/templates/club newcomers_control.tmpl
2002.09.25 19:22 B c:\WINDOWS\Desktop\sec\Ct\cgi-bin\cybertown\templates\club\place.cfg --> ftp.cybertown.com /services/http/80/cgi-bin/cybertown/templates/club place.cfg
2002.09.25 19:22 B c:\WINDOWS\Desktop\sec\Ct\cgi-bin\cybertown\templates\club\place.tmpl --> ftp.cybertown.com /services/http/80/cgi-bin/cybertown/templates/club place.tmpl
2002.09.25 19:22 B c:\WINDOWS\Desktop\sec\Ct\cgi-bin\cybertown\templates\club\reload.cfg --> ftp.cybertown.com /services/http/80/cgi-bin/cybertown/templates/club reload.cfg
2002.09.25 19:22 B c:\WINDOWS\Desktop\sec\Ct\cgi-bin\cybertown\templates\club\reload.tmpl --> ftp.cybertown.com /services/http/80/cgi-bin/cybertown/templates/club reload.tmpl
2002.09.25 19:22 B c:\WINDOWS\Desktop\sec\Ct\cgi-bin\cybertown\templates\club\showinfo.cfg --> ftp.cybertown.com /services/http/80/cgi-bin/cybertown/templates/club showinfo.cfg
2002.09.25 19:22 B c:\WINDOWS\Desktop\sec\Ct\cgi-bin\cybertown\templates\club\showinfo.tmpl --> ftp.cybertown.com /services/http/80/cgi-bin/cybertown/templates/club showinfo.tmpl
2002.09.25 19:22 B c:\WINDOWS\Desktop\sec\Ct\cgi-bin\cybertown\templates\club\showrules.cfg --> ftp.cybertown.com /services/http/80/cgi-bin/cybertown/templates/club showrules.cfg
2002.09.25 19:22 B c:\WINDOWS\Desktop\sec\Ct\cgi-bin\cybertown\templates\club\showrules.tmpl --> ftp.cybertown.com /services/http/80/cgi-bin/cybertown/templates/club showrules.tmpl
2002.09.25 19:22 B c:\WINDOWS\Desktop\sec\Ct\cgi-bin\cybertown\templates\club\update.cfg --> ftp.cybertown.com /services/http/80/cgi-bin/cybertown/templates/club update.cfg
2002.09.25 19:22 B c:\WINDOWS\Desktop\sec\Ct\cgi-bin\cybertown\templates\club\update.tmpl --> ftp.cybertown.com /services/http/80/cgi-bin/cybertown/templates/club update.tmpl
2002.09.25 19:22 B c:\WINDOWS\Desktop\sec\Ct\cgi-bin\cybertown\templates\club\updatelink.cfg --> ftp.cybertown.com /services/http/80/cgi-bin/cybertown/templates/club updatelink.cfg
2002.09.25 19:22 B c:\WINDOWS\Desktop\sec\Ct\cgi-bin\cybertown\templates\club\updatelink.tmpl --> ftp.cybertown.com /services/http/80/cgi-bin/cybertown/templates/club updatelink.tmpl
2002.09.25 19:22 B c:\WINDOWS\Desktop\sec\Ct\cgi-bin\cybertown\templates\club\updaterules.cfg --> ftp.cybertown.com /services/http/80/cgi-bin/cybertown/templates/club updaterules.cfg
2002.09.25 19:22 B c:\WINDOWS\Desktop\sec\Ct\cgi-bin\cybertown\templates\club\updaterules.tmpl --> ftp.cybertown.com /services/http/80/cgi-bin/cybertown/templates/club updaterules.tmpl
2002.09.25 19:22 B c:\WINDOWS\Desktop\sec\Ct\cgi-bin\cybertown\templates\club\vrml.cfg --> ftp.cybertown.com /services/http/80/cgi-bin/cybertown/templates/club vrml.cfg
2002.09.25 19:22 B c:\WINDOWS\Desktop\sec\Ct\cgi-bin\cybertown\templates\club\vrml.tmpl --> ftp.cybertown.com /services/http/80/cgi-bin/cybertown/templates/club vrml.tmpl
