2002.09.25 10:05 B d:\CT\cgi-bin\cybertown\templates\amp\less_new_templates\action.cfg <-- cybertown /services/http/80/cgi-bin/cybertown/templates/amp/less_new_templates action.cfg
2002.09.25 10:05 B d:\CT\cgi-bin\cybertown\templates\amp\less_new_templates\action.tmpl <-- cybertown /services/http/80/cgi-bin/cybertown/templates/amp/less_new_templates action.tmpl
2002.09.25 10:05 B d:\CT\cgi-bin\cybertown\templates\amp\less_new_templates\action_old.tmpl <-- cybertown /services/http/80/cgi-bin/cybertown/templates/amp/less_new_templates action_old.tmpl
2002.09.25 10:05 B d:\CT\cgi-bin\cybertown\templates\amp\less_new_templates\confirm.cfg <-- cybertown /services/http/80/cgi-bin/cybertown/templates/amp/less_new_templates confirm.cfg
2002.09.25 10:05 B d:\CT\cgi-bin\cybertown\templates\amp\less_new_templates\confirm.tmpl <-- cybertown /services/http/80/cgi-bin/cybertown/templates/amp/less_new_templates confirm.tmpl
2002.09.25 10:05 B d:\CT\cgi-bin\cybertown\templates\amp\less_new_templates\contact3d.tmpl <-- cybertown /services/http/80/cgi-bin/cybertown/templates/amp/less_new_templates contact3d.tmpl
2002.09.25 10:05 B d:\CT\cgi-bin\cybertown\templates\amp\less_new_templates\display.tmpl <-- cybertown /services/http/80/cgi-bin/cybertown/templates/amp/less_new_templates display.tmpl
2002.09.25 10:05 B d:\CT\cgi-bin\cybertown\templates\amp\less_new_templates\enter.tmpl <-- cybertown /services/http/80/cgi-bin/cybertown/templates/amp/less_new_templates enter.tmpl
2002.09.25 10:05 B d:\CT\cgi-bin\cybertown\templates\amp\less_new_templates\enter3D.cfg <-- cybertown /services/http/80/cgi-bin/cybertown/templates/amp/less_new_templates enter3D.cfg
2002.09.25 10:05 B d:\CT\cgi-bin\cybertown\templates\amp\less_new_templates\enter3D.tmpl <-- cybertown /services/http/80/cgi-bin/cybertown/templates/amp/less_new_templates enter3D.tmpl
2002.09.25 10:05 B d:\CT\cgi-bin\cybertown\templates\amp\less_new_templates\index.cfg <-- cybertown /services/http/80/cgi-bin/cybertown/templates/amp/less_new_templates index.cfg
2002.09.25 10:05 B d:\CT\cgi-bin\cybertown\templates\amp\less_new_templates\index.tmpl <-- cybertown /services/http/80/cgi-bin/cybertown/templates/amp/less_new_templates index.tmpl
2002.09.25 10:05 B d:\CT\cgi-bin\cybertown\templates\amp\less_new_templates\index2d.tmpl <-- cybertown /services/http/80/cgi-bin/cybertown/templates/amp/less_new_templates index2d.tmpl
2002.09.25 10:05 B d:\CT\cgi-bin\cybertown\templates\amp\less_new_templates\index3d.tmpl <-- cybertown /services/http/80/cgi-bin/cybertown/templates/amp/less_new_templates index3d.tmpl
2002.09.25 10:05 B d:\CT\cgi-bin\cybertown\templates\amp\less_new_templates\info.tmpl <-- cybertown /services/http/80/cgi-bin/cybertown/templates/amp/less_new_templates info.tmpl
2002.09.25 10:05 B d:\CT\cgi-bin\cybertown\templates\amp\less_new_templates\javachat.tmpl <-- cybertown /services/http/80/cgi-bin/cybertown/templates/amp/less_new_templates javachat.tmpl
2002.09.25 10:05 B d:\CT\cgi-bin\cybertown\templates\amp\less_new_templates\javachatparams.tmpl <-- cybertown /services/http/80/cgi-bin/cybertown/templates/amp/less_new_templates javachatparams.tmpl
2002.09.25 10:05 B d:\CT\cgi-bin\cybertown\templates\amp\less_new_templates\menu.tmpl <-- cybertown /services/http/80/cgi-bin/cybertown/templates/amp/less_new_templates menu.tmpl
2002.09.25 10:05 B d:\CT\cgi-bin\cybertown\templates\amp\less_new_templates\place.tmpl <-- cybertown /services/http/80/cgi-bin/cybertown/templates/amp/less_new_templates place.tmpl
2002.09.25 10:05 B d:\CT\cgi-bin\cybertown\templates\amp\less_new_templates\place_pam.tmpl <-- cybertown /services/http/80/cgi-bin/cybertown/templates/amp/less_new_templates place_pam.tmpl
2002.09.25 10:05 B d:\CT\cgi-bin\cybertown\templates\amp\less_new_templates\ticket.cfg <-- cybertown /services/http/80/cgi-bin/cybertown/templates/amp/less_new_templates ticket.cfg
2002.09.25 10:05 B d:\CT\cgi-bin\cybertown\templates\amp\less_new_templates\ticket.tmpl <-- cybertown /services/http/80/cgi-bin/cybertown/templates/amp/less_new_templates ticket.tmpl
2002.09.25 10:05 B d:\CT\cgi-bin\cybertown\templates\amp\less_new_templates\world.tmpl <-- cybertown /services/http/80/cgi-bin/cybertown/templates/amp/less_new_templates world.tmpl
2002.09.25 19:10 B c:\WINDOWS\Desktop\sec\Ct\cgi-bin\cybertown\templates\amp\less_new_templates\WS_FTP.LOG --> ftp.cybertown.com /services/http/80/cgi-bin/cybertown/templates/amp/less_new_templates WS_FTP.LOG
2002.09.25 19:17 B c:\WINDOWS\Desktop\sec\Ct\cgi-bin\cybertown\templates\amp\less_new_templates\action.cfg --> ftp.cybertown.com /services/http/80/cgi-bin/cybertown/templates/amp/less_new_templates action.cfg
2002.09.25 19:17 B c:\WINDOWS\Desktop\sec\Ct\cgi-bin\cybertown\templates\amp\less_new_templates\action.tmpl --> ftp.cybertown.com /services/http/80/cgi-bin/cybertown/templates/amp/less_new_templates action.tmpl
2002.09.25 19:17 B c:\WINDOWS\Desktop\sec\Ct\cgi-bin\cybertown\templates\amp\less_new_templates\action_old.tmpl --> ftp.cybertown.com /services/http/80/cgi-bin/cybertown/templates/amp/less_new_templates action_old.tmpl
2002.09.25 19:17 B c:\WINDOWS\Desktop\sec\Ct\cgi-bin\cybertown\templates\amp\less_new_templates\confirm.cfg --> ftp.cybertown.com /services/http/80/cgi-bin/cybertown/templates/amp/less_new_templates confirm.cfg
2002.09.25 19:17 B c:\WINDOWS\Desktop\sec\Ct\cgi-bin\cybertown\templates\amp\less_new_templates\confirm.tmpl --> ftp.cybertown.com /services/http/80/cgi-bin/cybertown/templates/amp/less_new_templates confirm.tmpl
2002.09.25 19:17 B c:\WINDOWS\Desktop\sec\Ct\cgi-bin\cybertown\templates\amp\less_new_templates\contact3d.tmpl --> ftp.cybertown.com /services/http/80/cgi-bin/cybertown/templates/amp/less_new_templates contact3d.tmpl
2002.09.25 19:17 B c:\WINDOWS\Desktop\sec\Ct\cgi-bin\cybertown\templates\amp\less_new_templates\display.tmpl --> ftp.cybertown.com /services/http/80/cgi-bin/cybertown/templates/amp/less_new_templates display.tmpl
2002.09.25 19:17 B c:\WINDOWS\Desktop\sec\Ct\cgi-bin\cybertown\templates\amp\less_new_templates\enter.tmpl --> ftp.cybertown.com /services/http/80/cgi-bin/cybertown/templates/amp/less_new_templates enter.tmpl
2002.09.25 19:17 B c:\WINDOWS\Desktop\sec\Ct\cgi-bin\cybertown\templates\amp\less_new_templates\enter3D.cfg --> ftp.cybertown.com /services/http/80/cgi-bin/cybertown/templates/amp/less_new_templates enter3D.cfg
2002.09.25 19:17 B c:\WINDOWS\Desktop\sec\Ct\cgi-bin\cybertown\templates\amp\less_new_templates\enter3D.tmpl --> ftp.cybertown.com /services/http/80/cgi-bin/cybertown/templates/amp/less_new_templates enter3D.tmpl
2002.09.25 19:17 B c:\WINDOWS\Desktop\sec\Ct\cgi-bin\cybertown\templates\amp\less_new_templates\index.cfg --> ftp.cybertown.com /services/http/80/cgi-bin/cybertown/templates/amp/less_new_templates index.cfg
2002.09.25 19:17 B c:\WINDOWS\Desktop\sec\Ct\cgi-bin\cybertown\templates\amp\less_new_templates\index.tmpl --> ftp.cybertown.com /services/http/80/cgi-bin/cybertown/templates/amp/less_new_templates index.tmpl
2002.09.25 19:17 B c:\WINDOWS\Desktop\sec\Ct\cgi-bin\cybertown\templates\amp\less_new_templates\index2d.tmpl --> ftp.cybertown.com /services/http/80/cgi-bin/cybertown/templates/amp/less_new_templates index2d.tmpl
2002.09.25 19:17 B c:\WINDOWS\Desktop\sec\Ct\cgi-bin\cybertown\templates\amp\less_new_templates\index3d.tmpl --> ftp.cybertown.com /services/http/80/cgi-bin/cybertown/templates/amp/less_new_templates index3d.tmpl
2002.09.25 19:17 B c:\WINDOWS\Desktop\sec\Ct\cgi-bin\cybertown\templates\amp\less_new_templates\info.tmpl --> ftp.cybertown.com /services/http/80/cgi-bin/cybertown/templates/amp/less_new_templates info.tmpl
2002.09.25 19:17 B c:\WINDOWS\Desktop\sec\Ct\cgi-bin\cybertown\templates\amp\less_new_templates\javachat.tmpl --> ftp.cybertown.com /services/http/80/cgi-bin/cybertown/templates/amp/less_new_templates javachat.tmpl
2002.09.25 19:17 B c:\WINDOWS\Desktop\sec\Ct\cgi-bin\cybertown\templates\amp\less_new_templates\javachatparams.tmpl --> ftp.cybertown.com /services/http/80/cgi-bin/cybertown/templates/amp/less_new_templates javachatparams.tmpl
2002.09.25 19:17 B c:\WINDOWS\Desktop\sec\Ct\cgi-bin\cybertown\templates\amp\less_new_templates\menu.tmpl --> ftp.cybertown.com /services/http/80/cgi-bin/cybertown/templates/amp/less_new_templates menu.tmpl
2002.09.25 19:17 B c:\WINDOWS\Desktop\sec\Ct\cgi-bin\cybertown\templates\amp\less_new_templates\place.tmpl --> ftp.cybertown.com /services/http/80/cgi-bin/cybertown/templates/amp/less_new_templates place.tmpl
2002.09.25 19:17 B c:\WINDOWS\Desktop\sec\Ct\cgi-bin\cybertown\templates\amp\less_new_templates\place_pam.tmpl --> ftp.cybertown.com /services/http/80/cgi-bin/cybertown/templates/amp/less_new_templates place_pam.tmpl
2002.09.25 19:17 B c:\WINDOWS\Desktop\sec\Ct\cgi-bin\cybertown\templates\amp\less_new_templates\ticket.cfg --> ftp.cybertown.com /services/http/80/cgi-bin/cybertown/templates/amp/less_new_templates ticket.cfg
2002.09.25 19:17 B c:\WINDOWS\Desktop\sec\Ct\cgi-bin\cybertown\templates\amp\less_new_templates\ticket.tmpl --> ftp.cybertown.com /services/http/80/cgi-bin/cybertown/templates/amp/less_new_templates ticket.tmpl
2002.09.25 19:17 B c:\WINDOWS\Desktop\sec\Ct\cgi-bin\cybertown\templates\amp\less_new_templates\world.tmpl --> ftp.cybertown.com /services/http/80/cgi-bin/cybertown/templates/amp/less_new_templates world.tmpl
