2002.09.25 10:16 B d:\CT\cgi-bin\cybertown\templates\nightclub\old_dance_avatar_bxx\_enter3Darachnia.tmpl <-- cybertown /services/http/80/cgi-bin/cybertown/templates/nightclub/old_dance_avatar_bxx _enter3Darachnia.tmpl
2002.09.25 10:16 B d:\CT\cgi-bin\cybertown\templates\nightclub\old_dance_avatar_bxx\_enter3Dbela.tmpl <-- cybertown /services/http/80/cgi-bin/cybertown/templates/nightclub/old_dance_avatar_bxx _enter3Dbela.tmpl
2002.09.25 10:16 B d:\CT\cgi-bin\cybertown\templates\nightclub\old_dance_avatar_bxx\_enter3Dcam.tmpl <-- cybertown /services/http/80/cgi-bin/cybertown/templates/nightclub/old_dance_avatar_bxx _enter3Dcam.tmpl
2002.09.25 10:16 B d:\CT\cgi-bin\cybertown\templates\nightclub\old_dance_avatar_bxx\enter3Da.tmpl <-- cybertown /services/http/80/cgi-bin/cybertown/templates/nightclub/old_dance_avatar_bxx enter3Da.tmpl
2002.09.25 10:16 B d:\CT\cgi-bin\cybertown\templates\nightclub\old_dance_avatar_bxx\enter3Dcobalt.tmpl <-- cybertown /services/http/80/cgi-bin/cybertown/templates/nightclub/old_dance_avatar_bxx enter3Dcobalt.tmpl
2002.09.25 10:16 B d:\CT\cgi-bin\cybertown\templates\nightclub\old_dance_avatar_bxx\enter3Ddance.tmpl <-- cybertown /services/http/80/cgi-bin/cybertown/templates/nightclub/old_dance_avatar_bxx enter3Ddance.tmpl
2002.09.25 10:16 B d:\CT\cgi-bin\cybertown\templates\nightclub\old_dance_avatar_bxx\enter3Delectra.tmpl <-- cybertown /services/http/80/cgi-bin/cybertown/templates/nightclub/old_dance_avatar_bxx enter3Delectra.tmpl
2002.09.25 10:16 B d:\CT\cgi-bin\cybertown\templates\nightclub\old_dance_avatar_bxx\enter3Df.tmpl <-- cybertown /services/http/80/cgi-bin/cybertown/templates/nightclub/old_dance_avatar_bxx enter3Df.tmpl
2002.09.25 10:16 B d:\CT\cgi-bin\cybertown\templates\nightclub\old_dance_avatar_bxx\enter3Dfrank.tmpl <-- cybertown /services/http/80/cgi-bin/cybertown/templates/nightclub/old_dance_avatar_bxx enter3Dfrank.tmpl
2002.09.25 10:16 B d:\CT\cgi-bin\cybertown\templates\nightclub\old_dance_avatar_bxx\enter3Dgandalf.tmpl <-- cybertown /services/http/80/cgi-bin/cybertown/templates/nightclub/old_dance_avatar_bxx enter3Dgandalf.tmpl
2002.09.25 10:16 B d:\CT\cgi-bin\cybertown\templates\nightclub\old_dance_avatar_bxx\enter3Dice.tmpl <-- cybertown /services/http/80/cgi-bin/cybertown/templates/nightclub/old_dance_avatar_bxx enter3Dice.tmpl
2002.09.25 10:16 B d:\CT\cgi-bin\cybertown\templates\nightclub\old_dance_avatar_bxx\enter3Dkrishna.tmpl <-- cybertown /services/http/80/cgi-bin/cybertown/templates/nightclub/old_dance_avatar_bxx enter3Dkrishna.tmpl
2002.09.25 10:16 B d:\CT\cgi-bin\cybertown\templates\nightclub\old_dance_avatar_bxx\enter3Dm.tmpl <-- cybertown /services/http/80/cgi-bin/cybertown/templates/nightclub/old_dance_avatar_bxx enter3Dm.tmpl
2002.09.25 10:16 B d:\CT\cgi-bin\cybertown\templates\nightclub\old_dance_avatar_bxx\enter3Dmarge.tmpl <-- cybertown /services/http/80/cgi-bin/cybertown/templates/nightclub/old_dance_avatar_bxx enter3Dmarge.tmpl
2002.09.25 10:16 B d:\CT\cgi-bin\cybertown\templates\nightclub\old_dance_avatar_bxx\enter3Dnebula.tmpl <-- cybertown /services/http/80/cgi-bin/cybertown/templates/nightclub/old_dance_avatar_bxx enter3Dnebula.tmpl
2002.09.25 10:16 B d:\CT\cgi-bin\cybertown\templates\nightclub\old_dance_avatar_bxx\enter3Dneutron.tmpl <-- cybertown /services/http/80/cgi-bin/cybertown/templates/nightclub/old_dance_avatar_bxx enter3Dneutron.tmpl
2002.09.25 10:16 B d:\CT\cgi-bin\cybertown\templates\nightclub\old_dance_avatar_bxx\enter3Dnick.tmpl <-- cybertown /services/http/80/cgi-bin/cybertown/templates/nightclub/old_dance_avatar_bxx enter3Dnick.tmpl
2002.09.25 10:16 B d:\CT\cgi-bin\cybertown\templates\nightclub\old_dance_avatar_bxx\enter3Dozone.tmpl <-- cybertown /services/http/80/cgi-bin/cybertown/templates/nightclub/old_dance_avatar_bxx enter3Dozone.tmpl
2002.09.25 10:16 B d:\CT\cgi-bin\cybertown\templates\nightclub\old_dance_avatar_bxx\enter3Dprima.tmpl <-- cybertown /services/http/80/cgi-bin/cybertown/templates/nightclub/old_dance_avatar_bxx enter3Dprima.tmpl
2002.09.25 10:16 B d:\CT\cgi-bin\cybertown\templates\nightclub\old_dance_avatar_bxx\enter3Dproteus.tmpl <-- cybertown /services/http/80/cgi-bin/cybertown/templates/nightclub/old_dance_avatar_bxx enter3Dproteus.tmpl
2002.09.25 10:16 B d:\CT\cgi-bin\cybertown\templates\nightclub\old_dance_avatar_bxx\enter3Druby.tmpl <-- cybertown /services/http/80/cgi-bin/cybertown/templates/nightclub/old_dance_avatar_bxx enter3Druby.tmpl
2002.09.25 10:16 B d:\CT\cgi-bin\cybertown\templates\nightclub\old_dance_avatar_bxx\enter3Dsilver.tmpl <-- cybertown /services/http/80/cgi-bin/cybertown/templates/nightclub/old_dance_avatar_bxx enter3Dsilver.tmpl
2002.09.25 10:16 B d:\CT\cgi-bin\cybertown\templates\nightclub\old_dance_avatar_bxx\enter3Dthebride.tmpl <-- cybertown /services/http/80/cgi-bin/cybertown/templates/nightclub/old_dance_avatar_bxx enter3Dthebride.tmpl
2002.09.25 19:12 B c:\WINDOWS\Desktop\sec\Ct\cgi-bin\cybertown\templates\nightclub\old_dance_avatar_bxx\WS_FTP.LOG --> ftp.cybertown.com /services/http/80/cgi-bin/cybertown/templates/nightclub/old_dance_avatar_bxx WS_FTP.LOG
2002.09.25 19:28 B c:\WINDOWS\Desktop\sec\Ct\cgi-bin\cybertown\templates\nightclub\old_dance_avatar_bxx\_enter3Darachnia.tmpl --> ftp.cybertown.com /services/http/80/cgi-bin/cybertown/templates/nightclub/old_dance_avatar_bxx _enter3Darachnia.tmpl
2002.09.25 19:28 B c:\WINDOWS\Desktop\sec\Ct\cgi-bin\cybertown\templates\nightclub\old_dance_avatar_bxx\_enter3Dbela.tmpl --> ftp.cybertown.com /services/http/80/cgi-bin/cybertown/templates/nightclub/old_dance_avatar_bxx _enter3Dbela.tmpl
2002.09.25 19:28 B c:\WINDOWS\Desktop\sec\Ct\cgi-bin\cybertown\templates\nightclub\old_dance_avatar_bxx\_enter3Dcam.tmpl --> ftp.cybertown.com /services/http/80/cgi-bin/cybertown/templates/nightclub/old_dance_avatar_bxx _enter3Dcam.tmpl
2002.09.25 19:28 B c:\WINDOWS\Desktop\sec\Ct\cgi-bin\cybertown\templates\nightclub\old_dance_avatar_bxx\enter3Da.tmpl --> ftp.cybertown.com /services/http/80/cgi-bin/cybertown/templates/nightclub/old_dance_avatar_bxx enter3Da.tmpl
2002.09.25 19:28 B c:\WINDOWS\Desktop\sec\Ct\cgi-bin\cybertown\templates\nightclub\old_dance_avatar_bxx\enter3Dcobalt.tmpl --> ftp.cybertown.com /services/http/80/cgi-bin/cybertown/templates/nightclub/old_dance_avatar_bxx enter3Dcobalt.tmpl
2002.09.25 19:28 B c:\WINDOWS\Desktop\sec\Ct\cgi-bin\cybertown\templates\nightclub\old_dance_avatar_bxx\enter3Ddance.tmpl --> ftp.cybertown.com /services/http/80/cgi-bin/cybertown/templates/nightclub/old_dance_avatar_bxx enter3Ddance.tmpl
2002.09.25 19:28 B c:\WINDOWS\Desktop\sec\Ct\cgi-bin\cybertown\templates\nightclub\old_dance_avatar_bxx\enter3Delectra.tmpl --> ftp.cybertown.com /services/http/80/cgi-bin/cybertown/templates/nightclub/old_dance_avatar_bxx enter3Delectra.tmpl
2002.09.25 19:28 B c:\WINDOWS\Desktop\sec\Ct\cgi-bin\cybertown\templates\nightclub\old_dance_avatar_bxx\enter3Df.tmpl --> ftp.cybertown.com /services/http/80/cgi-bin/cybertown/templates/nightclub/old_dance_avatar_bxx enter3Df.tmpl
2002.09.25 19:28 B c:\WINDOWS\Desktop\sec\Ct\cgi-bin\cybertown\templates\nightclub\old_dance_avatar_bxx\enter3Dfrank.tmpl --> ftp.cybertown.com /services/http/80/cgi-bin/cybertown/templates/nightclub/old_dance_avatar_bxx enter3Dfrank.tmpl
2002.09.25 19:28 B c:\WINDOWS\Desktop\sec\Ct\cgi-bin\cybertown\templates\nightclub\old_dance_avatar_bxx\enter3Dgandalf.tmpl --> ftp.cybertown.com /services/http/80/cgi-bin/cybertown/templates/nightclub/old_dance_avatar_bxx enter3Dgandalf.tmpl
2002.09.25 19:28 B c:\WINDOWS\Desktop\sec\Ct\cgi-bin\cybertown\templates\nightclub\old_dance_avatar_bxx\enter3Dice.tmpl --> ftp.cybertown.com /services/http/80/cgi-bin/cybertown/templates/nightclub/old_dance_avatar_bxx enter3Dice.tmpl
2002.09.25 19:28 B c:\WINDOWS\Desktop\sec\Ct\cgi-bin\cybertown\templates\nightclub\old_dance_avatar_bxx\enter3Dkrishna.tmpl --> ftp.cybertown.com /services/http/80/cgi-bin/cybertown/templates/nightclub/old_dance_avatar_bxx enter3Dkrishna.tmpl
2002.09.25 19:28 B c:\WINDOWS\Desktop\sec\Ct\cgi-bin\cybertown\templates\nightclub\old_dance_avatar_bxx\enter3Dm.tmpl --> ftp.cybertown.com /services/http/80/cgi-bin/cybertown/templates/nightclub/old_dance_avatar_bxx enter3Dm.tmpl
2002.09.25 19:28 B c:\WINDOWS\Desktop\sec\Ct\cgi-bin\cybertown\templates\nightclub\old_dance_avatar_bxx\enter3Dmarge.tmpl --> ftp.cybertown.com /services/http/80/cgi-bin/cybertown/templates/nightclub/old_dance_avatar_bxx enter3Dmarge.tmpl
2002.09.25 19:28 B c:\WINDOWS\Desktop\sec\Ct\cgi-bin\cybertown\templates\nightclub\old_dance_avatar_bxx\enter3Dnebula.tmpl --> ftp.cybertown.com /services/http/80/cgi-bin/cybertown/templates/nightclub/old_dance_avatar_bxx enter3Dnebula.tmpl
2002.09.25 19:28 B c:\WINDOWS\Desktop\sec\Ct\cgi-bin\cybertown\templates\nightclub\old_dance_avatar_bxx\enter3Dneutron.tmpl --> ftp.cybertown.com /services/http/80/cgi-bin/cybertown/templates/nightclub/old_dance_avatar_bxx enter3Dneutron.tmpl
2002.09.25 19:28 B c:\WINDOWS\Desktop\sec\Ct\cgi-bin\cybertown\templates\nightclub\old_dance_avatar_bxx\enter3Dnick.tmpl --> ftp.cybertown.com /services/http/80/cgi-bin/cybertown/templates/nightclub/old_dance_avatar_bxx enter3Dnick.tmpl
2002.09.25 19:28 B c:\WINDOWS\Desktop\sec\Ct\cgi-bin\cybertown\templates\nightclub\old_dance_avatar_bxx\enter3Dozone.tmpl --> ftp.cybertown.com /services/http/80/cgi-bin/cybertown/templates/nightclub/old_dance_avatar_bxx enter3Dozone.tmpl
2002.09.25 19:28 B c:\WINDOWS\Desktop\sec\Ct\cgi-bin\cybertown\templates\nightclub\old_dance_avatar_bxx\enter3Dprima.tmpl --> ftp.cybertown.com /services/http/80/cgi-bin/cybertown/templates/nightclub/old_dance_avatar_bxx enter3Dprima.tmpl
2002.09.25 19:28 B c:\WINDOWS\Desktop\sec\Ct\cgi-bin\cybertown\templates\nightclub\old_dance_avatar_bxx\enter3Dproteus.tmpl --> ftp.cybertown.com /services/http/80/cgi-bin/cybertown/templates/nightclub/old_dance_avatar_bxx enter3Dproteus.tmpl
2002.09.25 19:28 B c:\WINDOWS\Desktop\sec\Ct\cgi-bin\cybertown\templates\nightclub\old_dance_avatar_bxx\enter3Druby.tmpl --> ftp.cybertown.com /services/http/80/cgi-bin/cybertown/templates/nightclub/old_dance_avatar_bxx enter3Druby.tmpl
2002.09.25 19:28 B c:\WINDOWS\Desktop\sec\Ct\cgi-bin\cybertown\templates\nightclub\old_dance_avatar_bxx\enter3Dsilver.tmpl --> ftp.cybertown.com /services/http/80/cgi-bin/cybertown/templates/nightclub/old_dance_avatar_bxx enter3Dsilver.tmpl
2002.09.25 19:28 B c:\WINDOWS\Desktop\sec\Ct\cgi-bin\cybertown\templates\nightclub\old_dance_avatar_bxx\enter3Dthebride.tmpl --> ftp.cybertown.com /services/http/80/cgi-bin/cybertown/templates/nightclub/old_dance_avatar_bxx enter3Dthebride.tmpl
