2002.09.25 10:24 B d:\CT\cgi-bin\cybertown\templates\suburbs\_contact3d.tmpl <-- cybertown /services/http/80/cgi-bin/cybertown/templates/suburbs _contact3d.tmpl
2002.09.25 10:24 B d:\CT\cgi-bin\cybertown\templates\suburbs\_enter.tmpl <-- cybertown /services/http/80/cgi-bin/cybertown/templates/suburbs _enter.tmpl
2002.09.25 10:24 B d:\CT\cgi-bin\cybertown\templates\suburbs\_enter3D.tmpl <-- cybertown /services/http/80/cgi-bin/cybertown/templates/suburbs _enter3D.tmpl
2002.09.25 10:24 B d:\CT\cgi-bin\cybertown\templates\suburbs\_javachat.tmpl <-- cybertown /services/http/80/cgi-bin/cybertown/templates/suburbs _javachat.tmpl
2002.09.25 10:24 B d:\CT\cgi-bin\cybertown\templates\suburbs\_menu.tmpl <-- cybertown /services/http/80/cgi-bin/cybertown/templates/suburbs _menu.tmpl
2002.09.25 10:24 B d:\CT\cgi-bin\cybertown\templates\suburbs\_place.tmpl <-- cybertown /services/http/80/cgi-bin/cybertown/templates/suburbs _place.tmpl
2002.09.25 10:24 B d:\CT\cgi-bin\cybertown\templates\suburbs\action.cfg <-- cybertown /services/http/80/cgi-bin/cybertown/templates/suburbs action.cfg
2002.09.25 10:24 B d:\CT\cgi-bin\cybertown\templates\suburbs\action.tmpl <-- cybertown /services/http/80/cgi-bin/cybertown/templates/suburbs action.tmpl
2002.09.25 10:24 B d:\CT\cgi-bin\cybertown\templates\suburbs\check.tmpl <-- cybertown /services/http/80/cgi-bin/cybertown/templates/suburbs check.tmpl
2002.09.25 10:24 B d:\CT\cgi-bin\cybertown\templates\suburbs\checkbxx.tmpl <-- cybertown /services/http/80/cgi-bin/cybertown/templates/suburbs checkbxx.tmpl
2002.09.25 10:24 B d:\CT\cgi-bin\cybertown\templates\suburbs\checkplugin.tmpl <-- cybertown /services/http/80/cgi-bin/cybertown/templates/suburbs checkplugin.tmpl
2002.09.25 10:24 B d:\CT\cgi-bin\cybertown\templates\suburbs\contact3d.tmpl <-- cybertown /services/http/80/cgi-bin/cybertown/templates/suburbs contact3d.tmpl
2002.09.25 10:24 B d:\CT\cgi-bin\cybertown\templates\suburbs\enter.tmpl <-- cybertown /services/http/80/cgi-bin/cybertown/templates/suburbs enter.tmpl
2002.09.25 10:24 B d:\CT\cgi-bin\cybertown\templates\suburbs\enter3D.cfg <-- cybertown /services/http/80/cgi-bin/cybertown/templates/suburbs enter3D.cfg
2002.09.25 10:24 B d:\CT\cgi-bin\cybertown\templates\suburbs\enter3D.tmpl <-- cybertown /services/http/80/cgi-bin/cybertown/templates/suburbs enter3D.tmpl
2002.09.25 10:24 B d:\CT\cgi-bin\cybertown\templates\suburbs\index.tmpl <-- cybertown /services/http/80/cgi-bin/cybertown/templates/suburbs index.tmpl
2002.09.25 10:24 B d:\CT\cgi-bin\cybertown\templates\suburbs\index2d.tmpl <-- cybertown /services/http/80/cgi-bin/cybertown/templates/suburbs index2d.tmpl
2002.09.25 10:24 B d:\CT\cgi-bin\cybertown\templates\suburbs\index3d.tmpl <-- cybertown /services/http/80/cgi-bin/cybertown/templates/suburbs index3d.tmpl
2002.09.25 10:24 B d:\CT\cgi-bin\cybertown\templates\suburbs\javachat.tmpl <-- cybertown /services/http/80/cgi-bin/cybertown/templates/suburbs javachat.tmpl
2002.09.25 10:24 B d:\CT\cgi-bin\cybertown\templates\suburbs\main.tmpl <-- cybertown /services/http/80/cgi-bin/cybertown/templates/suburbs main.tmpl
2002.09.25 10:24 B d:\CT\cgi-bin\cybertown\templates\suburbs\password_enter3D.tmpl <-- cybertown /services/http/80/cgi-bin/cybertown/templates/suburbs password_enter3D.tmpl
2002.09.25 10:24 B d:\CT\cgi-bin\cybertown\templates\suburbs\password_javachat.tmpl <-- cybertown /services/http/80/cgi-bin/cybertown/templates/suburbs password_javachat.tmpl
2002.09.25 10:24 B d:\CT\cgi-bin\cybertown\templates\suburbs\password_place.tmpl <-- cybertown /services/http/80/cgi-bin/cybertown/templates/suburbs password_place.tmpl
2002.09.25 10:24 B d:\CT\cgi-bin\cybertown\templates\suburbs\place.cfg <-- cybertown /services/http/80/cgi-bin/cybertown/templates/suburbs place.cfg
2002.09.25 10:24 B d:\CT\cgi-bin\cybertown\templates\suburbs\place.tmpl <-- cybertown /services/http/80/cgi-bin/cybertown/templates/suburbs place.tmpl
2002.09.25 10:24 B d:\CT\cgi-bin\cybertown\templates\suburbs\submit.tmpl <-- cybertown /services/http/80/cgi-bin/cybertown/templates/suburbs submit.tmpl
2002.09.25 10:24 B d:\CT\cgi-bin\cybertown\templates\suburbs\world.tmpl <-- cybertown /services/http/80/cgi-bin/cybertown/templates/suburbs world.tmpl
2002.09.25 19:13 B c:\WINDOWS\Desktop\sec\Ct\cgi-bin\cybertown\templates\suburbs\WS_FTP.LOG --> ftp.cybertown.com /services/http/80/cgi-bin/cybertown/templates/suburbs WS_FTP.LOG
2002.09.25 19:31 B c:\WINDOWS\Desktop\sec\Ct\cgi-bin\cybertown\templates\suburbs\_contact3d.tmpl --> ftp.cybertown.com /services/http/80/cgi-bin/cybertown/templates/suburbs _contact3d.tmpl
2002.09.25 19:31 B c:\WINDOWS\Desktop\sec\Ct\cgi-bin\cybertown\templates\suburbs\_enter.tmpl --> ftp.cybertown.com /services/http/80/cgi-bin/cybertown/templates/suburbs _enter.tmpl
2002.09.25 19:31 B c:\WINDOWS\Desktop\sec\Ct\cgi-bin\cybertown\templates\suburbs\_enter3D.tmpl --> ftp.cybertown.com /services/http/80/cgi-bin/cybertown/templates/suburbs _enter3D.tmpl
2002.09.25 19:31 B c:\WINDOWS\Desktop\sec\Ct\cgi-bin\cybertown\templates\suburbs\_javachat.tmpl --> ftp.cybertown.com /services/http/80/cgi-bin/cybertown/templates/suburbs _javachat.tmpl
2002.09.25 19:31 B c:\WINDOWS\Desktop\sec\Ct\cgi-bin\cybertown\templates\suburbs\_menu.tmpl --> ftp.cybertown.com /services/http/80/cgi-bin/cybertown/templates/suburbs _menu.tmpl
2002.09.25 19:31 B c:\WINDOWS\Desktop\sec\Ct\cgi-bin\cybertown\templates\suburbs\_place.tmpl --> ftp.cybertown.com /services/http/80/cgi-bin/cybertown/templates/suburbs _place.tmpl
2002.09.25 19:31 B c:\WINDOWS\Desktop\sec\Ct\cgi-bin\cybertown\templates\suburbs\action.cfg --> ftp.cybertown.com /services/http/80/cgi-bin/cybertown/templates/suburbs action.cfg
2002.09.25 19:31 B c:\WINDOWS\Desktop\sec\Ct\cgi-bin\cybertown\templates\suburbs\action.tmpl --> ftp.cybertown.com /services/http/80/cgi-bin/cybertown/templates/suburbs action.tmpl
2002.09.25 19:31 B c:\WINDOWS\Desktop\sec\Ct\cgi-bin\cybertown\templates\suburbs\check.tmpl --> ftp.cybertown.com /services/http/80/cgi-bin/cybertown/templates/suburbs check.tmpl
2002.09.25 19:31 B c:\WINDOWS\Desktop\sec\Ct\cgi-bin\cybertown\templates\suburbs\checkbxx.tmpl --> ftp.cybertown.com /services/http/80/cgi-bin/cybertown/templates/suburbs checkbxx.tmpl
2002.09.25 19:31 B c:\WINDOWS\Desktop\sec\Ct\cgi-bin\cybertown\templates\suburbs\checkplugin.tmpl --> ftp.cybertown.com /services/http/80/cgi-bin/cybertown/templates/suburbs checkplugin.tmpl
2002.09.25 19:31 B c:\WINDOWS\Desktop\sec\Ct\cgi-bin\cybertown\templates\suburbs\contact3d.tmpl --> ftp.cybertown.com /services/http/80/cgi-bin/cybertown/templates/suburbs contact3d.tmpl
2002.09.25 19:31 B c:\WINDOWS\Desktop\sec\Ct\cgi-bin\cybertown\templates\suburbs\enter.tmpl --> ftp.cybertown.com /services/http/80/cgi-bin/cybertown/templates/suburbs enter.tmpl
2002.09.25 19:31 B c:\WINDOWS\Desktop\sec\Ct\cgi-bin\cybertown\templates\suburbs\enter3D.cfg --> ftp.cybertown.com /services/http/80/cgi-bin/cybertown/templates/suburbs enter3D.cfg
2002.09.25 19:31 B c:\WINDOWS\Desktop\sec\Ct\cgi-bin\cybertown\templates\suburbs\enter3D.tmpl --> ftp.cybertown.com /services/http/80/cgi-bin/cybertown/templates/suburbs enter3D.tmpl
2002.09.25 19:31 B c:\WINDOWS\Desktop\sec\Ct\cgi-bin\cybertown\templates\suburbs\index.tmpl --> ftp.cybertown.com /services/http/80/cgi-bin/cybertown/templates/suburbs index.tmpl
2002.09.25 19:31 B c:\WINDOWS\Desktop\sec\Ct\cgi-bin\cybertown\templates\suburbs\index2d.tmpl --> ftp.cybertown.com /services/http/80/cgi-bin/cybertown/templates/suburbs index2d.tmpl
2002.09.25 19:31 B c:\WINDOWS\Desktop\sec\Ct\cgi-bin\cybertown\templates\suburbs\index3d.tmpl --> ftp.cybertown.com /services/http/80/cgi-bin/cybertown/templates/suburbs index3d.tmpl
2002.09.25 19:31 B c:\WINDOWS\Desktop\sec\Ct\cgi-bin\cybertown\templates\suburbs\javachat.tmpl --> ftp.cybertown.com /services/http/80/cgi-bin/cybertown/templates/suburbs javachat.tmpl
2002.09.25 19:31 B c:\WINDOWS\Desktop\sec\Ct\cgi-bin\cybertown\templates\suburbs\main.tmpl --> ftp.cybertown.com /services/http/80/cgi-bin/cybertown/templates/suburbs main.tmpl
2002.09.25 19:31 B c:\WINDOWS\Desktop\sec\Ct\cgi-bin\cybertown\templates\suburbs\password_enter3D.tmpl --> ftp.cybertown.com /services/http/80/cgi-bin/cybertown/templates/suburbs password_enter3D.tmpl
2002.09.25 19:31 B c:\WINDOWS\Desktop\sec\Ct\cgi-bin\cybertown\templates\suburbs\password_javachat.tmpl --> ftp.cybertown.com /services/http/80/cgi-bin/cybertown/templates/suburbs password_javachat.tmpl
2002.09.25 19:31 B c:\WINDOWS\Desktop\sec\Ct\cgi-bin\cybertown\templates\suburbs\password_place.tmpl --> ftp.cybertown.com /services/http/80/cgi-bin/cybertown/templates/suburbs password_place.tmpl
2002.09.25 19:31 B c:\WINDOWS\Desktop\sec\Ct\cgi-bin\cybertown\templates\suburbs\place.cfg --> ftp.cybertown.com /services/http/80/cgi-bin/cybertown/templates/suburbs place.cfg
2002.09.25 19:31 B c:\WINDOWS\Desktop\sec\Ct\cgi-bin\cybertown\templates\suburbs\place.tmpl --> ftp.cybertown.com /services/http/80/cgi-bin/cybertown/templates/suburbs place.tmpl
2002.09.25 19:31 B c:\WINDOWS\Desktop\sec\Ct\cgi-bin\cybertown\templates\suburbs\submit.tmpl --> ftp.cybertown.com /services/http/80/cgi-bin/cybertown/templates/suburbs submit.tmpl
2002.09.25 19:31 B c:\WINDOWS\Desktop\sec\Ct\cgi-bin\cybertown\templates\suburbs\world.tmpl --> ftp.cybertown.com /services/http/80/cgi-bin/cybertown/templates/suburbs world.tmpl
