2002.09.25 10:16 B d:\CT\cgi-bin\cybertown\templates\place\__index.tmpl <-- cybertown /services/http/80/cgi-bin/cybertown/templates/place __index.tmpl
2002.09.25 10:16 B d:\CT\cgi-bin\cybertown\templates\place\__index2d.tmpl <-- cybertown /services/http/80/cgi-bin/cybertown/templates/place __index2d.tmpl
2002.09.25 10:16 B d:\CT\cgi-bin\cybertown\templates\place\__index3d.tmpl <-- cybertown /services/http/80/cgi-bin/cybertown/templates/place __index3d.tmpl
2002.09.25 10:16 B d:\CT\cgi-bin\cybertown\templates\place\_action.tmpl <-- cybertown /services/http/80/cgi-bin/cybertown/templates/place _action.tmpl
2002.09.25 10:16 B d:\CT\cgi-bin\cybertown\templates\place\_index.tmpl <-- cybertown /services/http/80/cgi-bin/cybertown/templates/place _index.tmpl
2002.09.25 10:16 B d:\CT\cgi-bin\cybertown\templates\place\_index2d.tmpl <-- cybertown /services/http/80/cgi-bin/cybertown/templates/place _index2d.tmpl
2002.09.25 10:16 B d:\CT\cgi-bin\cybertown\templates\place\_index3d.tmpl <-- cybertown /services/http/80/cgi-bin/cybertown/templates/place _index3d.tmpl
2002.09.25 10:16 B d:\CT\cgi-bin\cybertown\templates\place\action.cfg <-- cybertown /services/http/80/cgi-bin/cybertown/templates/place action.cfg
2002.09.25 10:16 B d:\CT\cgi-bin\cybertown\templates\place\action.tmpl <-- cybertown /services/http/80/cgi-bin/cybertown/templates/place action.tmpl
2002.09.25 10:16 B d:\CT\cgi-bin\cybertown\templates\place\actionfs.tmpl <-- cybertown /services/http/80/cgi-bin/cybertown/templates/place actionfs.tmpl
2002.09.25 10:16 B d:\CT\cgi-bin\cybertown\templates\place\announce.cfg <-- cybertown /services/http/80/cgi-bin/cybertown/templates/place announce.cfg
2002.09.25 10:16 B d:\CT\cgi-bin\cybertown\templates\place\announce.tmpl <-- cybertown /services/http/80/cgi-bin/cybertown/templates/place announce.tmpl
2002.09.25 10:16 B d:\CT\cgi-bin\cybertown\templates\place\avatar3D.tmpl <-- cybertown /services/http/80/cgi-bin/cybertown/templates/place avatar3D.tmpl
2002.09.25 10:16 B d:\CT\cgi-bin\cybertown\templates\place\check.tmpl <-- cybertown /services/http/80/cgi-bin/cybertown/templates/place check.tmpl
2002.09.25 10:16 B d:\CT\cgi-bin\cybertown\templates\place\checkbxx.tmpl <-- cybertown /services/http/80/cgi-bin/cybertown/templates/place checkbxx.tmpl
2002.09.25 10:16 B d:\CT\cgi-bin\cybertown\templates\place\contact3d.tmpl <-- cybertown /services/http/80/cgi-bin/cybertown/templates/place contact3d.tmpl
2002.09.25 10:16 B d:\CT\cgi-bin\cybertown\templates\place\email.tmpl <-- cybertown /services/http/80/cgi-bin/cybertown/templates/place email.tmpl
2002.09.25 10:16 B d:\CT\cgi-bin\cybertown\templates\place\enter.tmpl <-- cybertown /services/http/80/cgi-bin/cybertown/templates/place enter.tmpl
2002.09.25 10:16 B d:\CT\cgi-bin\cybertown\templates\place\enter3D.cfg <-- cybertown /services/http/80/cgi-bin/cybertown/templates/place enter3D.cfg
2002.09.25 10:16 B d:\CT\cgi-bin\cybertown\templates\place\enter3D.tmpl <-- cybertown /services/http/80/cgi-bin/cybertown/templates/place enter3D.tmpl
2002.09.25 10:16 B d:\CT\cgi-bin\cybertown\templates\place\getplace.cfg <-- cybertown /services/http/80/cgi-bin/cybertown/templates/place getplace.cfg
2002.09.25 10:16 B d:\CT\cgi-bin\cybertown\templates\place\getplace.tmpl <-- cybertown /services/http/80/cgi-bin/cybertown/templates/place getplace.tmpl
2002.09.25 10:16 B d:\CT\cgi-bin\cybertown\templates\place\index.cfg <-- cybertown /services/http/80/cgi-bin/cybertown/templates/place index.cfg
2002.09.25 10:16 B d:\CT\cgi-bin\cybertown\templates\place\index.tmpl <-- cybertown /services/http/80/cgi-bin/cybertown/templates/place index.tmpl
2002.09.25 10:16 B d:\CT\cgi-bin\cybertown\templates\place\index2d.tmpl <-- cybertown /services/http/80/cgi-bin/cybertown/templates/place index2d.tmpl
2002.09.25 10:16 B d:\CT\cgi-bin\cybertown\templates\place\index2dOLD.tmpl <-- cybertown /services/http/80/cgi-bin/cybertown/templates/place index2dOLD.tmpl
2002.09.25 10:16 B d:\CT\cgi-bin\cybertown\templates\place\index3d.tmpl <-- cybertown /services/http/80/cgi-bin/cybertown/templates/place index3d.tmpl
2002.09.25 10:16 B d:\CT\cgi-bin\cybertown\templates\place\index3dOLD.tmpl <-- cybertown /services/http/80/cgi-bin/cybertown/templates/place index3dOLD.tmpl
2002.09.25 10:16 B d:\CT\cgi-bin\cybertown\templates\place\indexOLD.tmpl <-- cybertown /services/http/80/cgi-bin/cybertown/templates/place indexOLD.tmpl
2002.09.25 10:16 B d:\CT\cgi-bin\cybertown\templates\place\info.cfg <-- cybertown /services/http/80/cgi-bin/cybertown/templates/place info.cfg
2002.09.25 10:16 B d:\CT\cgi-bin\cybertown\templates\place\info.tmpl <-- cybertown /services/http/80/cgi-bin/cybertown/templates/place info.tmpl
2002.09.25 10:16 B d:\CT\cgi-bin\cybertown\templates\place\loadplace3d.tmpl <-- cybertown /services/http/80/cgi-bin/cybertown/templates/place loadplace3d.tmpl
2002.09.25 10:16 B d:\CT\cgi-bin\cybertown\templates\place\menu.cfg <-- cybertown /services/http/80/cgi-bin/cybertown/templates/place menu.cfg
2002.09.25 10:16 B d:\CT\cgi-bin\cybertown\templates\place\menu.tmpl <-- cybertown /services/http/80/cgi-bin/cybertown/templates/place menu.tmpl
2002.09.25 10:16 B d:\CT\cgi-bin\cybertown\templates\place\moderate.tmpl <-- cybertown /services/http/80/cgi-bin/cybertown/templates/place moderate.tmpl
2002.09.25 10:16 B d:\CT\cgi-bin\cybertown\templates\place\moderatenew.tmpl <-- cybertown /services/http/80/cgi-bin/cybertown/templates/place moderatenew.tmpl
2002.09.25 10:16 B d:\CT\cgi-bin\cybertown\templates\place\place.cfg <-- cybertown /services/http/80/cgi-bin/cybertown/templates/place place.cfg
2002.09.25 10:16 B d:\CT\cgi-bin\cybertown\templates\place\place.tmpl <-- cybertown /services/http/80/cgi-bin/cybertown/templates/place place.tmpl
2002.09.25 10:16 B d:\CT\cgi-bin\cybertown\templates\place\placeOLD.tmpl <-- cybertown /services/http/80/cgi-bin/cybertown/templates/place placeOLD.tmpl
2002.09.25 10:16 B d:\CT\cgi-bin\cybertown\templates\place\update.tmpl <-- cybertown /services/http/80/cgi-bin/cybertown/templates/place update.tmpl
2002.09.25 10:16 B d:\CT\cgi-bin\cybertown\templates\place\updateannounce.cfg <-- cybertown /services/http/80/cgi-bin/cybertown/templates/place updateannounce.cfg
2002.09.25 10:16 B d:\CT\cgi-bin\cybertown\templates\place\updateannounce.tmpl <-- cybertown /services/http/80/cgi-bin/cybertown/templates/place updateannounce.tmpl
2002.09.25 10:16 B d:\CT\cgi-bin\cybertown\templates\place\updateinfo.cfg <-- cybertown /services/http/80/cgi-bin/cybertown/templates/place updateinfo.cfg
2002.09.25 10:16 B d:\CT\cgi-bin\cybertown\templates\place\updateinfo.tmpl <-- cybertown /services/http/80/cgi-bin/cybertown/templates/place updateinfo.tmpl
2002.09.25 10:16 B d:\CT\cgi-bin\cybertown\templates\place\world.tmpl <-- cybertown /services/http/80/cgi-bin/cybertown/templates/place world.tmpl
2002.09.25 19:12 B c:\WINDOWS\Desktop\sec\Ct\cgi-bin\cybertown\templates\place\timebody.tmpl --> ftp.cybertown.com /services/http/80/cgi-bin/cybertown/templates/place timebody.tmpl
2002.09.25 19:12 B c:\WINDOWS\Desktop\sec\Ct\cgi-bin\cybertown\templates\place\timehead.tmpl --> ftp.cybertown.com /services/http/80/cgi-bin/cybertown/templates/place timehead.tmpl
2002.09.25 19:12 B c:\WINDOWS\Desktop\sec\Ct\cgi-bin\cybertown\templates\place\WS_FTP.LOG --> ftp.cybertown.com /services/http/80/cgi-bin/cybertown/templates/place WS_FTP.LOG
2002.09.25 19:28 B c:\WINDOWS\Desktop\sec\Ct\cgi-bin\cybertown\templates\place\__index.tmpl --> ftp.cybertown.com /services/http/80/cgi-bin/cybertown/templates/place __index.tmpl
2002.09.25 19:28 B c:\WINDOWS\Desktop\sec\Ct\cgi-bin\cybertown\templates\place\__index2d.tmpl --> ftp.cybertown.com /services/http/80/cgi-bin/cybertown/templates/place __index2d.tmpl
2002.09.25 19:28 B c:\WINDOWS\Desktop\sec\Ct\cgi-bin\cybertown\templates\place\__index3d.tmpl --> ftp.cybertown.com /services/http/80/cgi-bin/cybertown/templates/place __index3d.tmpl
2002.09.25 19:28 B c:\WINDOWS\Desktop\sec\Ct\cgi-bin\cybertown\templates\place\_action.tmpl --> ftp.cybertown.com /services/http/80/cgi-bin/cybertown/templates/place _action.tmpl
2002.09.25 19:28 B c:\WINDOWS\Desktop\sec\Ct\cgi-bin\cybertown\templates\place\_index.tmpl --> ftp.cybertown.com /services/http/80/cgi-bin/cybertown/templates/place _index.tmpl
2002.09.25 19:28 B c:\WINDOWS\Desktop\sec\Ct\cgi-bin\cybertown\templates\place\_index2d.tmpl --> ftp.cybertown.com /services/http/80/cgi-bin/cybertown/templates/place _index2d.tmpl
2002.09.25 19:28 B c:\WINDOWS\Desktop\sec\Ct\cgi-bin\cybertown\templates\place\_index3d.tmpl --> ftp.cybertown.com /services/http/80/cgi-bin/cybertown/templates/place _index3d.tmpl
2002.09.25 19:28 B c:\WINDOWS\Desktop\sec\Ct\cgi-bin\cybertown\templates\place\action.cfg --> ftp.cybertown.com /services/http/80/cgi-bin/cybertown/templates/place action.cfg
2002.09.25 19:28 B c:\WINDOWS\Desktop\sec\Ct\cgi-bin\cybertown\templates\place\action.tmpl --> ftp.cybertown.com /services/http/80/cgi-bin/cybertown/templates/place action.tmpl
2002.09.25 19:28 B c:\WINDOWS\Desktop\sec\Ct\cgi-bin\cybertown\templates\place\actionfs.tmpl --> ftp.cybertown.com /services/http/80/cgi-bin/cybertown/templates/place actionfs.tmpl
2002.09.25 19:28 B c:\WINDOWS\Desktop\sec\Ct\cgi-bin\cybertown\templates\place\announce.cfg --> ftp.cybertown.com /services/http/80/cgi-bin/cybertown/templates/place announce.cfg
2002.09.25 19:28 B c:\WINDOWS\Desktop\sec\Ct\cgi-bin\cybertown\templates\place\announce.tmpl --> ftp.cybertown.com /services/http/80/cgi-bin/cybertown/templates/place announce.tmpl
2002.09.25 19:28 B c:\WINDOWS\Desktop\sec\Ct\cgi-bin\cybertown\templates\place\avatar3D.tmpl --> ftp.cybertown.com /services/http/80/cgi-bin/cybertown/templates/place avatar3D.tmpl
2002.09.25 19:28 B c:\WINDOWS\Desktop\sec\Ct\cgi-bin\cybertown\templates\place\check.tmpl --> ftp.cybertown.com /services/http/80/cgi-bin/cybertown/templates/place check.tmpl
2002.09.25 19:28 B c:\WINDOWS\Desktop\sec\Ct\cgi-bin\cybertown\templates\place\checkbxx.tmpl --> ftp.cybertown.com /services/http/80/cgi-bin/cybertown/templates/place checkbxx.tmpl
2002.09.25 19:28 B c:\WINDOWS\Desktop\sec\Ct\cgi-bin\cybertown\templates\place\contact3d.tmpl --> ftp.cybertown.com /services/http/80/cgi-bin/cybertown/templates/place contact3d.tmpl
2002.09.25 19:28 B c:\WINDOWS\Desktop\sec\Ct\cgi-bin\cybertown\templates\place\email.tmpl --> ftp.cybertown.com /services/http/80/cgi-bin/cybertown/templates/place email.tmpl
2002.09.25 19:28 B c:\WINDOWS\Desktop\sec\Ct\cgi-bin\cybertown\templates\place\enter.tmpl --> ftp.cybertown.com /services/http/80/cgi-bin/cybertown/templates/place enter.tmpl
2002.09.25 19:28 B c:\WINDOWS\Desktop\sec\Ct\cgi-bin\cybertown\templates\place\enter3D.cfg --> ftp.cybertown.com /services/http/80/cgi-bin/cybertown/templates/place enter3D.cfg
2002.09.25 19:28 B c:\WINDOWS\Desktop\sec\Ct\cgi-bin\cybertown\templates\place\enter3D.tmpl --> ftp.cybertown.com /services/http/80/cgi-bin/cybertown/templates/place enter3D.tmpl
2002.09.25 19:28 B c:\WINDOWS\Desktop\sec\Ct\cgi-bin\cybertown\templates\place\getplace.cfg --> ftp.cybertown.com /services/http/80/cgi-bin/cybertown/templates/place getplace.cfg
2002.09.25 19:28 B c:\WINDOWS\Desktop\sec\Ct\cgi-bin\cybertown\templates\place\getplace.tmpl --> ftp.cybertown.com /services/http/80/cgi-bin/cybertown/templates/place getplace.tmpl
2002.09.25 19:28 B c:\WINDOWS\Desktop\sec\Ct\cgi-bin\cybertown\templates\place\index.cfg --> ftp.cybertown.com /services/http/80/cgi-bin/cybertown/templates/place index.cfg
2002.09.25 19:28 B c:\WINDOWS\Desktop\sec\Ct\cgi-bin\cybertown\templates\place\index.tmpl --> ftp.cybertown.com /services/http/80/cgi-bin/cybertown/templates/place index.tmpl
2002.09.25 19:28 B c:\WINDOWS\Desktop\sec\Ct\cgi-bin\cybertown\templates\place\index2d.tmpl --> ftp.cybertown.com /services/http/80/cgi-bin/cybertown/templates/place index2d.tmpl
2002.09.25 19:28 B c:\WINDOWS\Desktop\sec\Ct\cgi-bin\cybertown\templates\place\index2dOLD.tmpl --> ftp.cybertown.com /services/http/80/cgi-bin/cybertown/templates/place index2dOLD.tmpl
2002.09.25 19:28 B c:\WINDOWS\Desktop\sec\Ct\cgi-bin\cybertown\templates\place\index3d.tmpl --> ftp.cybertown.com /services/http/80/cgi-bin/cybertown/templates/place index3d.tmpl
2002.09.25 19:28 B c:\WINDOWS\Desktop\sec\Ct\cgi-bin\cybertown\templates\place\index3dOLD.tmpl --> ftp.cybertown.com /services/http/80/cgi-bin/cybertown/templates/place index3dOLD.tmpl
2002.09.25 19:28 B c:\WINDOWS\Desktop\sec\Ct\cgi-bin\cybertown\templates\place\indexOLD.tmpl --> ftp.cybertown.com /services/http/80/cgi-bin/cybertown/templates/place indexOLD.tmpl
2002.09.25 19:28 B c:\WINDOWS\Desktop\sec\Ct\cgi-bin\cybertown\templates\place\info.cfg --> ftp.cybertown.com /services/http/80/cgi-bin/cybertown/templates/place info.cfg
2002.09.25 19:28 B c:\WINDOWS\Desktop\sec\Ct\cgi-bin\cybertown\templates\place\info.tmpl --> ftp.cybertown.com /services/http/80/cgi-bin/cybertown/templates/place info.tmpl
2002.09.25 19:28 B c:\WINDOWS\Desktop\sec\Ct\cgi-bin\cybertown\templates\place\loadplace3d.tmpl --> ftp.cybertown.com /services/http/80/cgi-bin/cybertown/templates/place loadplace3d.tmpl
2002.09.25 19:28 B c:\WINDOWS\Desktop\sec\Ct\cgi-bin\cybertown\templates\place\menu.cfg --> ftp.cybertown.com /services/http/80/cgi-bin/cybertown/templates/place menu.cfg
2002.09.25 19:28 B c:\WINDOWS\Desktop\sec\Ct\cgi-bin\cybertown\templates\place\menu.tmpl --> ftp.cybertown.com /services/http/80/cgi-bin/cybertown/templates/place menu.tmpl
2002.09.25 19:28 B c:\WINDOWS\Desktop\sec\Ct\cgi-bin\cybertown\templates\place\moderate.tmpl --> ftp.cybertown.com /services/http/80/cgi-bin/cybertown/templates/place moderate.tmpl
2002.09.25 19:28 B c:\WINDOWS\Desktop\sec\Ct\cgi-bin\cybertown\templates\place\moderatenew.tmpl --> ftp.cybertown.com /services/http/80/cgi-bin/cybertown/templates/place moderatenew.tmpl
2002.09.25 19:28 B c:\WINDOWS\Desktop\sec\Ct\cgi-bin\cybertown\templates\place\place.cfg --> ftp.cybertown.com /services/http/80/cgi-bin/cybertown/templates/place place.cfg
2002.09.25 19:28 B c:\WINDOWS\Desktop\sec\Ct\cgi-bin\cybertown\templates\place\place.tmpl --> ftp.cybertown.com /services/http/80/cgi-bin/cybertown/templates/place place.tmpl
2002.09.25 19:28 B c:\WINDOWS\Desktop\sec\Ct\cgi-bin\cybertown\templates\place\placeOLD.tmpl --> ftp.cybertown.com /services/http/80/cgi-bin/cybertown/templates/place placeOLD.tmpl
2002.09.25 19:28 B c:\WINDOWS\Desktop\sec\Ct\cgi-bin\cybertown\templates\place\timebody.tmpl --> ftp.cybertown.com /services/http/80/cgi-bin/cybertown/templates/place timebody.tmpl
2002.09.25 19:28 B c:\WINDOWS\Desktop\sec\Ct\cgi-bin\cybertown\templates\place\timehead.tmpl --> ftp.cybertown.com /services/http/80/cgi-bin/cybertown/templates/place timehead.tmpl
2002.09.25 19:28 B c:\WINDOWS\Desktop\sec\Ct\cgi-bin\cybertown\templates\place\update.tmpl --> ftp.cybertown.com /services/http/80/cgi-bin/cybertown/templates/place update.tmpl
2002.09.25 19:28 B c:\WINDOWS\Desktop\sec\Ct\cgi-bin\cybertown\templates\place\updateannounce.cfg --> ftp.cybertown.com /services/http/80/cgi-bin/cybertown/templates/place updateannounce.cfg
2002.09.25 19:28 B c:\WINDOWS\Desktop\sec\Ct\cgi-bin\cybertown\templates\place\updateannounce.tmpl --> ftp.cybertown.com /services/http/80/cgi-bin/cybertown/templates/place updateannounce.tmpl
2002.09.25 19:28 B c:\WINDOWS\Desktop\sec\Ct\cgi-bin\cybertown\templates\place\updateinfo.cfg --> ftp.cybertown.com /services/http/80/cgi-bin/cybertown/templates/place updateinfo.cfg
2002.09.25 19:28 B c:\WINDOWS\Desktop\sec\Ct\cgi-bin\cybertown\templates\place\updateinfo.tmpl --> ftp.cybertown.com /services/http/80/cgi-bin/cybertown/templates/place updateinfo.tmpl
2002.09.25 19:28 B c:\WINDOWS\Desktop\sec\Ct\cgi-bin\cybertown\templates\place\world.tmpl --> ftp.cybertown.com /services/http/80/cgi-bin/cybertown/templates/place world.tmpl
