2002.09.25 10:12 B d:\CT\cgi-bin\cybertown\templates\iwosmall\_menu.tmpl <-- cybertown /services/http/80/cgi-bin/cybertown/templates/iwosmall _menu.tmpl
2002.09.25 10:12 B d:\CT\cgi-bin\cybertown\templates\iwosmall\action.bak <-- cybertown /services/http/80/cgi-bin/cybertown/templates/iwosmall action.bak
2002.09.25 10:12 B d:\CT\cgi-bin\cybertown\templates\iwosmall\action.cfg <-- cybertown /services/http/80/cgi-bin/cybertown/templates/iwosmall action.cfg
2002.09.25 10:12 B d:\CT\cgi-bin\cybertown\templates\iwosmall\action.tmpl <-- cybertown /services/http/80/cgi-bin/cybertown/templates/iwosmall action.tmpl
2002.09.25 10:12 B d:\CT\cgi-bin\cybertown\templates\iwosmall\enter3D.cfg <-- cybertown /services/http/80/cgi-bin/cybertown/templates/iwosmall enter3D.cfg
2002.09.25 10:12 B d:\CT\cgi-bin\cybertown\templates\iwosmall\enter3D.tmpl <-- cybertown /services/http/80/cgi-bin/cybertown/templates/iwosmall enter3D.tmpl
2002.09.25 10:12 B d:\CT\cgi-bin\cybertown\templates\iwosmall\hiddenframes.tmpl <-- cybertown /services/http/80/cgi-bin/cybertown/templates/iwosmall hiddenframes.tmpl
2002.09.25 10:12 B d:\CT\cgi-bin\cybertown\templates\iwosmall\imsg.tmpl <-- cybertown /services/http/80/cgi-bin/cybertown/templates/iwosmall imsg.tmpl
2002.09.25 10:12 B d:\CT\cgi-bin\cybertown\templates\iwosmall\index.bak <-- cybertown /services/http/80/cgi-bin/cybertown/templates/iwosmall index.bak
2002.09.25 10:12 B d:\CT\cgi-bin\cybertown\templates\iwosmall\index.new <-- cybertown /services/http/80/cgi-bin/cybertown/templates/iwosmall index.new
2002.09.25 10:12 B d:\CT\cgi-bin\cybertown\templates\iwosmall\index.tmpl <-- cybertown /services/http/80/cgi-bin/cybertown/templates/iwosmall index.tmpl
2002.09.25 10:12 B d:\CT\cgi-bin\cybertown\templates\iwosmall\index2d.bak <-- cybertown /services/http/80/cgi-bin/cybertown/templates/iwosmall index2d.bak
2002.09.25 10:12 B d:\CT\cgi-bin\cybertown\templates\iwosmall\index2d.new <-- cybertown /services/http/80/cgi-bin/cybertown/templates/iwosmall index2d.new
2002.09.25 10:12 B d:\CT\cgi-bin\cybertown\templates\iwosmall\index2d.tmpl <-- cybertown /services/http/80/cgi-bin/cybertown/templates/iwosmall index2d.tmpl
2002.09.25 10:12 B d:\CT\cgi-bin\cybertown\templates\iwosmall\index3d.bak <-- cybertown /services/http/80/cgi-bin/cybertown/templates/iwosmall index3d.bak
2002.09.25 10:12 B d:\CT\cgi-bin\cybertown\templates\iwosmall\index3d.new <-- cybertown /services/http/80/cgi-bin/cybertown/templates/iwosmall index3d.new
2002.09.25 10:12 B d:\CT\cgi-bin\cybertown\templates\iwosmall\index3d.tmpl <-- cybertown /services/http/80/cgi-bin/cybertown/templates/iwosmall index3d.tmpl
2002.09.25 10:12 B d:\CT\cgi-bin\cybertown\templates\iwosmall\place.cfg <-- cybertown /services/http/80/cgi-bin/cybertown/templates/iwosmall place.cfg
2002.09.25 10:12 B d:\CT\cgi-bin\cybertown\templates\iwosmall\place.tmpl <-- cybertown /services/http/80/cgi-bin/cybertown/templates/iwosmall place.tmpl
2002.09.25 19:11 B c:\WINDOWS\Desktop\sec\Ct\cgi-bin\cybertown\templates\iwosmall\WS_FTP.LOG --> ftp.cybertown.com /services/http/80/cgi-bin/cybertown/templates/iwosmall WS_FTP.LOG
2002.09.25 19:26 B c:\WINDOWS\Desktop\sec\Ct\cgi-bin\cybertown\templates\iwosmall\_menu.tmpl --> ftp.cybertown.com /services/http/80/cgi-bin/cybertown/templates/iwosmall _menu.tmpl
2002.09.25 19:26 B c:\WINDOWS\Desktop\sec\Ct\cgi-bin\cybertown\templates\iwosmall\action.bak --> ftp.cybertown.com /services/http/80/cgi-bin/cybertown/templates/iwosmall action.bak
2002.09.25 19:26 B c:\WINDOWS\Desktop\sec\Ct\cgi-bin\cybertown\templates\iwosmall\action.cfg --> ftp.cybertown.com /services/http/80/cgi-bin/cybertown/templates/iwosmall action.cfg
2002.09.25 19:26 B c:\WINDOWS\Desktop\sec\Ct\cgi-bin\cybertown\templates\iwosmall\action.tmpl --> ftp.cybertown.com /services/http/80/cgi-bin/cybertown/templates/iwosmall action.tmpl
2002.09.25 19:26 B c:\WINDOWS\Desktop\sec\Ct\cgi-bin\cybertown\templates\iwosmall\enter3D.cfg --> ftp.cybertown.com /services/http/80/cgi-bin/cybertown/templates/iwosmall enter3D.cfg
2002.09.25 19:26 B c:\WINDOWS\Desktop\sec\Ct\cgi-bin\cybertown\templates\iwosmall\enter3D.tmpl --> ftp.cybertown.com /services/http/80/cgi-bin/cybertown/templates/iwosmall enter3D.tmpl
2002.09.25 19:26 B c:\WINDOWS\Desktop\sec\Ct\cgi-bin\cybertown\templates\iwosmall\hiddenframes.tmpl --> ftp.cybertown.com /services/http/80/cgi-bin/cybertown/templates/iwosmall hiddenframes.tmpl
2002.09.25 19:26 B c:\WINDOWS\Desktop\sec\Ct\cgi-bin\cybertown\templates\iwosmall\imsg.tmpl --> ftp.cybertown.com /services/http/80/cgi-bin/cybertown/templates/iwosmall imsg.tmpl
2002.09.25 19:26 B c:\WINDOWS\Desktop\sec\Ct\cgi-bin\cybertown\templates\iwosmall\index.bak --> ftp.cybertown.com /services/http/80/cgi-bin/cybertown/templates/iwosmall index.bak
2002.09.25 19:26 B c:\WINDOWS\Desktop\sec\Ct\cgi-bin\cybertown\templates\iwosmall\index.new --> ftp.cybertown.com /services/http/80/cgi-bin/cybertown/templates/iwosmall index.new
2002.09.25 19:26 B c:\WINDOWS\Desktop\sec\Ct\cgi-bin\cybertown\templates\iwosmall\index.tmpl --> ftp.cybertown.com /services/http/80/cgi-bin/cybertown/templates/iwosmall index.tmpl
2002.09.25 19:26 B c:\WINDOWS\Desktop\sec\Ct\cgi-bin\cybertown\templates\iwosmall\index2d.bak --> ftp.cybertown.com /services/http/80/cgi-bin/cybertown/templates/iwosmall index2d.bak
2002.09.25 19:26 B c:\WINDOWS\Desktop\sec\Ct\cgi-bin\cybertown\templates\iwosmall\index2d.new --> ftp.cybertown.com /services/http/80/cgi-bin/cybertown/templates/iwosmall index2d.new
2002.09.25 19:26 B c:\WINDOWS\Desktop\sec\Ct\cgi-bin\cybertown\templates\iwosmall\index2d.tmpl --> ftp.cybertown.com /services/http/80/cgi-bin/cybertown/templates/iwosmall index2d.tmpl
2002.09.25 19:26 B c:\WINDOWS\Desktop\sec\Ct\cgi-bin\cybertown\templates\iwosmall\index3d.bak --> ftp.cybertown.com /services/http/80/cgi-bin/cybertown/templates/iwosmall index3d.bak
2002.09.25 19:26 B c:\WINDOWS\Desktop\sec\Ct\cgi-bin\cybertown\templates\iwosmall\index3d.new --> ftp.cybertown.com /services/http/80/cgi-bin/cybertown/templates/iwosmall index3d.new
2002.09.25 19:26 B c:\WINDOWS\Desktop\sec\Ct\cgi-bin\cybertown\templates\iwosmall\index3d.tmpl --> ftp.cybertown.com /services/http/80/cgi-bin/cybertown/templates/iwosmall index3d.tmpl
2002.09.25 19:26 B c:\WINDOWS\Desktop\sec\Ct\cgi-bin\cybertown\templates\iwosmall\place.cfg --> ftp.cybertown.com /services/http/80/cgi-bin/cybertown/templates/iwosmall place.cfg
2002.09.25 19:26 B c:\WINDOWS\Desktop\sec\Ct\cgi-bin\cybertown\templates\iwosmall\place.tmpl --> ftp.cybertown.com /services/http/80/cgi-bin/cybertown/templates/iwosmall place.tmpl
