2002.09.25 10:09 B d:\CT\cgi-bin\cybertown\templates\community\___menu.tmpl <-- cybertown /services/http/80/cgi-bin/cybertown/templates/community ___menu.tmpl
2002.09.25 10:09 B d:\CT\cgi-bin\cybertown\templates\community\___place2.tmpl <-- cybertown /services/http/80/cgi-bin/cybertown/templates/community ___place2.tmpl
2002.09.25 10:09 B d:\CT\cgi-bin\cybertown\templates\community\_action.tmpl <-- cybertown /services/http/80/cgi-bin/cybertown/templates/community _action.tmpl
2002.09.25 10:09 B d:\CT\cgi-bin\cybertown\templates\community\_colonies.tmpl <-- cybertown /services/http/80/cgi-bin/cybertown/templates/community _colonies.tmpl
2002.09.25 10:09 B d:\CT\cgi-bin\cybertown\templates\community\_index.tmpl <-- cybertown /services/http/80/cgi-bin/cybertown/templates/community _index.tmpl
2002.09.25 10:09 B d:\CT\cgi-bin\cybertown\templates\community\_menu.tmpl <-- cybertown /services/http/80/cgi-bin/cybertown/templates/community _menu.tmpl
2002.09.25 10:09 B d:\CT\cgi-bin\cybertown\templates\community\_place.cfg <-- cybertown /services/http/80/cgi-bin/cybertown/templates/community _place.cfg
2002.09.25 10:09 B d:\CT\cgi-bin\cybertown\templates\community\_place.tmpl <-- cybertown /services/http/80/cgi-bin/cybertown/templates/community _place.tmpl
2002.09.25 10:09 B d:\CT\cgi-bin\cybertown\templates\community\_place2.tmpl <-- cybertown /services/http/80/cgi-bin/cybertown/templates/community _place2.tmpl
2002.09.25 10:09 B d:\CT\cgi-bin\cybertown\templates\community\action.cfg <-- cybertown /services/http/80/cgi-bin/cybertown/templates/community action.cfg
2002.09.25 10:09 B d:\CT\cgi-bin\cybertown\templates\community\action.tmpl <-- cybertown /services/http/80/cgi-bin/cybertown/templates/community action.tmpl
2002.09.25 10:09 B d:\CT\cgi-bin\cybertown\templates\community\action2.tmpl <-- cybertown /services/http/80/cgi-bin/cybertown/templates/community action2.tmpl
2002.09.25 10:09 B d:\CT\cgi-bin\cybertown\templates\community\action_hi-tek-old.tmpl <-- cybertown /services/http/80/cgi-bin/cybertown/templates/community action_hi-tek-old.tmpl
2002.09.25 10:09 B d:\CT\cgi-bin\cybertown\templates\community\action_hi-tek.tmpl <-- cybertown /services/http/80/cgi-bin/cybertown/templates/community action_hi-tek.tmpl
2002.09.25 10:09 B d:\CT\cgi-bin\cybertown\templates\community\action_standard.tmpl <-- cybertown /services/http/80/cgi-bin/cybertown/templates/community action_standard.tmpl
2002.09.25 10:09 B d:\CT\cgi-bin\cybertown\templates\community\actionfs.tmpl <-- cybertown /services/http/80/cgi-bin/cybertown/templates/community actionfs.tmpl
2002.09.25 10:09 B d:\CT\cgi-bin\cybertown\templates\community\actionOLD.tmpl <-- cybertown /services/http/80/cgi-bin/cybertown/templates/community actionOLD.tmpl
2002.09.25 10:09 B d:\CT\cgi-bin\cybertown\templates\community\colonies.cfg <-- cybertown /services/http/80/cgi-bin/cybertown/templates/community colonies.cfg
2002.09.25 10:09 B d:\CT\cgi-bin\cybertown\templates\community\colonies.tmpl <-- cybertown /services/http/80/cgi-bin/cybertown/templates/community colonies.tmpl
2002.09.25 10:09 B d:\CT\cgi-bin\cybertown\templates\community\error.tmpl <-- cybertown /services/http/80/cgi-bin/cybertown/templates/community error.tmpl
2002.09.25 10:09 B d:\CT\cgi-bin\cybertown\templates\community\index.cfg <-- cybertown /services/http/80/cgi-bin/cybertown/templates/community index.cfg
2002.09.25 10:09 B d:\CT\cgi-bin\cybertown\templates\community\index.tmpl <-- cybertown /services/http/80/cgi-bin/cybertown/templates/community index.tmpl
2002.09.25 10:09 B d:\CT\cgi-bin\cybertown\templates\community\index2.tmpl <-- cybertown /services/http/80/cgi-bin/cybertown/templates/community index2.tmpl
2002.09.25 10:09 B d:\CT\cgi-bin\cybertown\templates\community\info.tmpl <-- cybertown /services/http/80/cgi-bin/cybertown/templates/community info.tmpl
2002.09.25 10:09 B d:\CT\cgi-bin\cybertown\templates\community\javachat.tmpl <-- cybertown /services/http/80/cgi-bin/cybertown/templates/community javachat.tmpl
2002.09.25 10:09 B d:\CT\cgi-bin\cybertown\templates\community\loop_colonies.tmpl <-- cybertown /services/http/80/cgi-bin/cybertown/templates/community loop_colonies.tmpl
2002.09.25 10:09 B d:\CT\cgi-bin\cybertown\templates\community\main.tmpl <-- cybertown /services/http/80/cgi-bin/cybertown/templates/community main.tmpl
2002.09.25 10:09 B d:\CT\cgi-bin\cybertown\templates\community\map_vrml.tmpl <-- cybertown /services/http/80/cgi-bin/cybertown/templates/community map_vrml.tmpl
2002.09.25 10:09 B d:\CT\cgi-bin\cybertown\templates\community\mapinfo.tmpl <-- cybertown /services/http/80/cgi-bin/cybertown/templates/community mapinfo.tmpl
2002.09.25 10:09 B d:\CT\cgi-bin\cybertown\templates\community\menu.cfg <-- cybertown /services/http/80/cgi-bin/cybertown/templates/community menu.cfg
2002.09.25 10:09 B d:\CT\cgi-bin\cybertown\templates\community\menu.tmpl <-- cybertown /services/http/80/cgi-bin/cybertown/templates/community menu.tmpl
2002.09.25 10:09 B d:\CT\cgi-bin\cybertown\templates\community\place.bak <-- cybertown /services/http/80/cgi-bin/cybertown/templates/community place.bak
2002.09.25 10:09 B d:\CT\cgi-bin\cybertown\templates\community\place.cfg <-- cybertown /services/http/80/cgi-bin/cybertown/templates/community place.cfg
2002.09.25 10:09 B d:\CT\cgi-bin\cybertown\templates\community\place.tmpl <-- cybertown /services/http/80/cgi-bin/cybertown/templates/community place.tmpl
2002.09.25 10:09 B d:\CT\cgi-bin\cybertown\templates\community\place2.tmpl <-- cybertown /services/http/80/cgi-bin/cybertown/templates/community place2.tmpl
2002.09.25 10:09 B d:\CT\cgi-bin\cybertown\templates\community\place_hi-tek.tmpl <-- cybertown /services/http/80/cgi-bin/cybertown/templates/community place_hi-tek.tmpl
2002.09.25 10:09 B d:\CT\cgi-bin\cybertown\templates\community\place_standard.tmpl <-- cybertown /services/http/80/cgi-bin/cybertown/templates/community place_standard.tmpl
2002.09.25 10:09 B d:\CT\cgi-bin\cybertown\templates\community\placeOLD.tmpl <-- cybertown /services/http/80/cgi-bin/cybertown/templates/community placeOLD.tmpl
2002.09.25 10:09 B d:\CT\cgi-bin\cybertown\templates\community\present.tmpl <-- cybertown /services/http/80/cgi-bin/cybertown/templates/community present.tmpl
2002.09.25 10:09 B d:\CT\cgi-bin\cybertown\templates\community\present_hi-tek.tmpl <-- cybertown /services/http/80/cgi-bin/cybertown/templates/community present_hi-tek.tmpl
2002.09.25 10:09 B d:\CT\cgi-bin\cybertown\templates\community\present_morningstar.tmpl <-- cybertown /services/http/80/cgi-bin/cybertown/templates/community present_morningstar.tmpl
2002.09.25 10:09 B d:\CT\cgi-bin\cybertown\templates\community\rolem.cfg <-- cybertown /services/http/80/cgi-bin/cybertown/templates/community rolem.cfg
2002.09.25 10:09 B d:\CT\cgi-bin\cybertown\templates\community\rolem.tmpl <-- cybertown /services/http/80/cgi-bin/cybertown/templates/community rolem.tmpl
2002.09.25 10:09 B d:\CT\cgi-bin\cybertown\templates\community\updateinfo.cfg <-- cybertown /services/http/80/cgi-bin/cybertown/templates/community updateinfo.cfg
2002.09.25 10:09 B d:\CT\cgi-bin\cybertown\templates\community\updateinfo.tmpl <-- cybertown /services/http/80/cgi-bin/cybertown/templates/community updateinfo.tmpl
2002.09.25 10:09 B d:\CT\cgi-bin\cybertown\templates\community\world.tmpl <-- cybertown /services/http/80/cgi-bin/cybertown/templates/community world.tmpl
2002.09.25 19:10 B c:\WINDOWS\Desktop\sec\Ct\cgi-bin\cybertown\templates\community\WS_FTP.LOG --> ftp.cybertown.com /services/http/80/cgi-bin/cybertown/templates/community WS_FTP.LOG
2002.09.25 19:23 B c:\WINDOWS\Desktop\sec\Ct\cgi-bin\cybertown\templates\community\___menu.tmpl --> ftp.cybertown.com /services/http/80/cgi-bin/cybertown/templates/community ___menu.tmpl
2002.09.25 19:23 B c:\WINDOWS\Desktop\sec\Ct\cgi-bin\cybertown\templates\community\___place2.tmpl --> ftp.cybertown.com /services/http/80/cgi-bin/cybertown/templates/community ___place2.tmpl
2002.09.25 19:23 B c:\WINDOWS\Desktop\sec\Ct\cgi-bin\cybertown\templates\community\_action.tmpl --> ftp.cybertown.com /services/http/80/cgi-bin/cybertown/templates/community _action.tmpl
2002.09.25 19:23 B c:\WINDOWS\Desktop\sec\Ct\cgi-bin\cybertown\templates\community\_colonies.tmpl --> ftp.cybertown.com /services/http/80/cgi-bin/cybertown/templates/community _colonies.tmpl
2002.09.25 19:23 B c:\WINDOWS\Desktop\sec\Ct\cgi-bin\cybertown\templates\community\_index.tmpl --> ftp.cybertown.com /services/http/80/cgi-bin/cybertown/templates/community _index.tmpl
2002.09.25 19:23 B c:\WINDOWS\Desktop\sec\Ct\cgi-bin\cybertown\templates\community\_menu.tmpl --> ftp.cybertown.com /services/http/80/cgi-bin/cybertown/templates/community _menu.tmpl
2002.09.25 19:23 B c:\WINDOWS\Desktop\sec\Ct\cgi-bin\cybertown\templates\community\_place.cfg --> ftp.cybertown.com /services/http/80/cgi-bin/cybertown/templates/community _place.cfg
2002.09.25 19:23 B c:\WINDOWS\Desktop\sec\Ct\cgi-bin\cybertown\templates\community\_place.tmpl --> ftp.cybertown.com /services/http/80/cgi-bin/cybertown/templates/community _place.tmpl
2002.09.25 19:23 B c:\WINDOWS\Desktop\sec\Ct\cgi-bin\cybertown\templates\community\_place2.tmpl --> ftp.cybertown.com /services/http/80/cgi-bin/cybertown/templates/community _place2.tmpl
2002.09.25 19:23 B c:\WINDOWS\Desktop\sec\Ct\cgi-bin\cybertown\templates\community\action.cfg --> ftp.cybertown.com /services/http/80/cgi-bin/cybertown/templates/community action.cfg
2002.09.25 19:23 B c:\WINDOWS\Desktop\sec\Ct\cgi-bin\cybertown\templates\community\action.tmpl --> ftp.cybertown.com /services/http/80/cgi-bin/cybertown/templates/community action.tmpl
2002.09.25 19:23 B c:\WINDOWS\Desktop\sec\Ct\cgi-bin\cybertown\templates\community\action2.tmpl --> ftp.cybertown.com /services/http/80/cgi-bin/cybertown/templates/community action2.tmpl
2002.09.25 19:23 B c:\WINDOWS\Desktop\sec\Ct\cgi-bin\cybertown\templates\community\action_hi-tek-old.tmpl --> ftp.cybertown.com /services/http/80/cgi-bin/cybertown/templates/community action_hi-tek-old.tmpl
2002.09.25 19:23 B c:\WINDOWS\Desktop\sec\Ct\cgi-bin\cybertown\templates\community\action_hi-tek.tmpl --> ftp.cybertown.com /services/http/80/cgi-bin/cybertown/templates/community action_hi-tek.tmpl
2002.09.25 19:23 B c:\WINDOWS\Desktop\sec\Ct\cgi-bin\cybertown\templates\community\action_standard.tmpl --> ftp.cybertown.com /services/http/80/cgi-bin/cybertown/templates/community action_standard.tmpl
2002.09.25 19:23 B c:\WINDOWS\Desktop\sec\Ct\cgi-bin\cybertown\templates\community\actionfs.tmpl --> ftp.cybertown.com /services/http/80/cgi-bin/cybertown/templates/community actionfs.tmpl
2002.09.25 19:23 B c:\WINDOWS\Desktop\sec\Ct\cgi-bin\cybertown\templates\community\actionOLD.tmpl --> ftp.cybertown.com /services/http/80/cgi-bin/cybertown/templates/community actionOLD.tmpl
2002.09.25 19:23 B c:\WINDOWS\Desktop\sec\Ct\cgi-bin\cybertown\templates\community\colonies.cfg --> ftp.cybertown.com /services/http/80/cgi-bin/cybertown/templates/community colonies.cfg
2002.09.25 19:23 B c:\WINDOWS\Desktop\sec\Ct\cgi-bin\cybertown\templates\community\colonies.tmpl --> ftp.cybertown.com /services/http/80/cgi-bin/cybertown/templates/community colonies.tmpl
2002.09.25 19:23 B c:\WINDOWS\Desktop\sec\Ct\cgi-bin\cybertown\templates\community\error.tmpl --> ftp.cybertown.com /services/http/80/cgi-bin/cybertown/templates/community error.tmpl
2002.09.25 19:23 B c:\WINDOWS\Desktop\sec\Ct\cgi-bin\cybertown\templates\community\index.cfg --> ftp.cybertown.com /services/http/80/cgi-bin/cybertown/templates/community index.cfg
2002.09.25 19:23 B c:\WINDOWS\Desktop\sec\Ct\cgi-bin\cybertown\templates\community\index.tmpl --> ftp.cybertown.com /services/http/80/cgi-bin/cybertown/templates/community index.tmpl
2002.09.25 19:23 B c:\WINDOWS\Desktop\sec\Ct\cgi-bin\cybertown\templates\community\index2.tmpl --> ftp.cybertown.com /services/http/80/cgi-bin/cybertown/templates/community index2.tmpl
2002.09.25 19:23 B c:\WINDOWS\Desktop\sec\Ct\cgi-bin\cybertown\templates\community\info.tmpl --> ftp.cybertown.com /services/http/80/cgi-bin/cybertown/templates/community info.tmpl
2002.09.25 19:23 B c:\WINDOWS\Desktop\sec\Ct\cgi-bin\cybertown\templates\community\javachat.tmpl --> ftp.cybertown.com /services/http/80/cgi-bin/cybertown/templates/community javachat.tmpl
2002.09.25 19:23 B c:\WINDOWS\Desktop\sec\Ct\cgi-bin\cybertown\templates\community\loop_colonies.tmpl --> ftp.cybertown.com /services/http/80/cgi-bin/cybertown/templates/community loop_colonies.tmpl
2002.09.25 19:23 B c:\WINDOWS\Desktop\sec\Ct\cgi-bin\cybertown\templates\community\main.tmpl --> ftp.cybertown.com /services/http/80/cgi-bin/cybertown/templates/community main.tmpl
2002.09.25 19:23 B c:\WINDOWS\Desktop\sec\Ct\cgi-bin\cybertown\templates\community\map_vrml.tmpl --> ftp.cybertown.com /services/http/80/cgi-bin/cybertown/templates/community map_vrml.tmpl
2002.09.25 19:23 B c:\WINDOWS\Desktop\sec\Ct\cgi-bin\cybertown\templates\community\mapinfo.tmpl --> ftp.cybertown.com /services/http/80/cgi-bin/cybertown/templates/community mapinfo.tmpl
2002.09.25 19:23 B c:\WINDOWS\Desktop\sec\Ct\cgi-bin\cybertown\templates\community\menu.cfg --> ftp.cybertown.com /services/http/80/cgi-bin/cybertown/templates/community menu.cfg
2002.09.25 19:23 B c:\WINDOWS\Desktop\sec\Ct\cgi-bin\cybertown\templates\community\menu.tmpl --> ftp.cybertown.com /services/http/80/cgi-bin/cybertown/templates/community menu.tmpl
2002.09.25 19:23 B c:\WINDOWS\Desktop\sec\Ct\cgi-bin\cybertown\templates\community\place.bak --> ftp.cybertown.com /services/http/80/cgi-bin/cybertown/templates/community place.bak
2002.09.25 19:23 B c:\WINDOWS\Desktop\sec\Ct\cgi-bin\cybertown\templates\community\place.cfg --> ftp.cybertown.com /services/http/80/cgi-bin/cybertown/templates/community place.cfg
2002.09.25 19:23 B c:\WINDOWS\Desktop\sec\Ct\cgi-bin\cybertown\templates\community\place.tmpl --> ftp.cybertown.com /services/http/80/cgi-bin/cybertown/templates/community place.tmpl
2002.09.25 19:23 B c:\WINDOWS\Desktop\sec\Ct\cgi-bin\cybertown\templates\community\place2.tmpl --> ftp.cybertown.com /services/http/80/cgi-bin/cybertown/templates/community place2.tmpl
2002.09.25 19:23 B c:\WINDOWS\Desktop\sec\Ct\cgi-bin\cybertown\templates\community\place_hi-tek.tmpl --> ftp.cybertown.com /services/http/80/cgi-bin/cybertown/templates/community place_hi-tek.tmpl
2002.09.25 19:23 B c:\WINDOWS\Desktop\sec\Ct\cgi-bin\cybertown\templates\community\place_standard.tmpl --> ftp.cybertown.com /services/http/80/cgi-bin/cybertown/templates/community place_standard.tmpl
2002.09.25 19:23 B c:\WINDOWS\Desktop\sec\Ct\cgi-bin\cybertown\templates\community\placeOLD.tmpl --> ftp.cybertown.com /services/http/80/cgi-bin/cybertown/templates/community placeOLD.tmpl
2002.09.25 19:23 B c:\WINDOWS\Desktop\sec\Ct\cgi-bin\cybertown\templates\community\present.tmpl --> ftp.cybertown.com /services/http/80/cgi-bin/cybertown/templates/community present.tmpl
2002.09.25 19:23 B c:\WINDOWS\Desktop\sec\Ct\cgi-bin\cybertown\templates\community\present_hi-tek.tmpl --> ftp.cybertown.com /services/http/80/cgi-bin/cybertown/templates/community present_hi-tek.tmpl
2002.09.25 19:23 B c:\WINDOWS\Desktop\sec\Ct\cgi-bin\cybertown\templates\community\present_morningstar.tmpl --> ftp.cybertown.com /services/http/80/cgi-bin/cybertown/templates/community present_morningstar.tmpl
2002.09.25 19:23 B c:\WINDOWS\Desktop\sec\Ct\cgi-bin\cybertown\templates\community\rolem.cfg --> ftp.cybertown.com /services/http/80/cgi-bin/cybertown/templates/community rolem.cfg
2002.09.25 19:23 B c:\WINDOWS\Desktop\sec\Ct\cgi-bin\cybertown\templates\community\rolem.tmpl --> ftp.cybertown.com /services/http/80/cgi-bin/cybertown/templates/community rolem.tmpl
2002.09.25 19:23 B c:\WINDOWS\Desktop\sec\Ct\cgi-bin\cybertown\templates\community\updateinfo.cfg --> ftp.cybertown.com /services/http/80/cgi-bin/cybertown/templates/community updateinfo.cfg
2002.09.25 19:23 B c:\WINDOWS\Desktop\sec\Ct\cgi-bin\cybertown\templates\community\updateinfo.tmpl --> ftp.cybertown.com /services/http/80/cgi-bin/cybertown/templates/community updateinfo.tmpl
2002.09.25 19:23 B c:\WINDOWS\Desktop\sec\Ct\cgi-bin\cybertown\templates\community\world.tmpl --> ftp.cybertown.com /services/http/80/cgi-bin/cybertown/templates/community world.tmpl
