2002.09.25 10:17 B d:\CT\cgi-bin\cybertown\templates\property\___menu.tmpl <-- cybertown /services/http/80/cgi-bin/cybertown/templates/property ___menu.tmpl
2002.09.25 10:17 B d:\CT\cgi-bin\cybertown\templates\property\___place.tmpl <-- cybertown /services/http/80/cgi-bin/cybertown/templates/property ___place.tmpl
2002.09.25 10:17 B d:\CT\cgi-bin\cybertown\templates\property\_menu.tmpl <-- cybertown /services/http/80/cgi-bin/cybertown/templates/property _menu.tmpl
2002.09.25 10:17 B d:\CT\cgi-bin\cybertown\templates\property\_place.cfg <-- cybertown /services/http/80/cgi-bin/cybertown/templates/property _place.cfg
2002.09.25 10:17 B d:\CT\cgi-bin\cybertown\templates\property\_place.tmpl <-- cybertown /services/http/80/cgi-bin/cybertown/templates/property _place.tmpl
2002.09.25 10:17 B d:\CT\cgi-bin\cybertown\templates\property\action.cfg <-- cybertown /services/http/80/cgi-bin/cybertown/templates/property action.cfg
2002.09.25 10:17 B d:\CT\cgi-bin\cybertown\templates\property\action.tmpl <-- cybertown /services/http/80/cgi-bin/cybertown/templates/property action.tmpl
2002.09.25 10:17 B d:\CT\cgi-bin\cybertown\templates\property\action.tmpl.iwos <-- cybertown /services/http/80/cgi-bin/cybertown/templates/property action.tmpl.iwos
2002.09.25 10:17 B d:\CT\cgi-bin\cybertown\templates\property\action_hi-tek.tmpl <-- cybertown /services/http/80/cgi-bin/cybertown/templates/property action_hi-tek.tmpl
2002.09.25 10:17 B d:\CT\cgi-bin\cybertown\templates\property\action_standard.tmpl <-- cybertown /services/http/80/cgi-bin/cybertown/templates/property action_standard.tmpl
2002.09.25 10:17 B d:\CT\cgi-bin\cybertown\templates\property\checkplugin.tmpl <-- cybertown /services/http/80/cgi-bin/cybertown/templates/property checkplugin.tmpl
2002.09.25 10:17 B d:\CT\cgi-bin\cybertown\templates\property\contact3d.tmpl <-- cybertown /services/http/80/cgi-bin/cybertown/templates/property contact3d.tmpl
2002.09.25 10:17 B d:\CT\cgi-bin\cybertown\templates\property\destroy.tmpl <-- cybertown /services/http/80/cgi-bin/cybertown/templates/property destroy.tmpl
2002.09.25 10:17 B d:\CT\cgi-bin\cybertown\templates\property\enter3D-hb.tmpl <-- cybertown /services/http/80/cgi-bin/cybertown/templates/property enter3D-hb.tmpl
2002.09.25 10:17 B d:\CT\cgi-bin\cybertown\templates\property\enter3D-old.tmpl <-- cybertown /services/http/80/cgi-bin/cybertown/templates/property enter3D-old.tmpl
2002.09.25 10:17 B d:\CT\cgi-bin\cybertown\templates\property\enter3D.cfg <-- cybertown /services/http/80/cgi-bin/cybertown/templates/property enter3D.cfg
2002.09.25 10:17 B d:\CT\cgi-bin\cybertown\templates\property\enter3D.tmpl <-- cybertown /services/http/80/cgi-bin/cybertown/templates/property enter3D.tmpl
2002.09.25 10:17 B d:\CT\cgi-bin\cybertown\templates\property\enter3D_cfg.iwos <-- cybertown /services/http/80/cgi-bin/cybertown/templates/property enter3D_cfg.iwos
2002.09.25 10:17 B d:\CT\cgi-bin\cybertown\templates\property\enter3D_tmpl.iwos <-- cybertown /services/http/80/cgi-bin/cybertown/templates/property enter3D_tmpl.iwos
2002.09.25 10:17 B d:\CT\cgi-bin\cybertown\templates\property\error.tmpl <-- cybertown /services/http/80/cgi-bin/cybertown/templates/property error.tmpl
2002.09.25 10:17 B d:\CT\cgi-bin\cybertown\templates\property\index.tmpl <-- cybertown /services/http/80/cgi-bin/cybertown/templates/property index.tmpl
2002.09.25 10:17 B d:\CT\cgi-bin\cybertown\templates\property\index2d.tmpl <-- cybertown /services/http/80/cgi-bin/cybertown/templates/property index2d.tmpl
2002.09.25 10:17 B d:\CT\cgi-bin\cybertown\templates\property\index3d.tmpl <-- cybertown /services/http/80/cgi-bin/cybertown/templates/property index3d.tmpl
2002.09.25 10:17 B d:\CT\cgi-bin\cybertown\templates\property\info.tmpl <-- cybertown /services/http/80/cgi-bin/cybertown/templates/property info.tmpl
2002.09.25 10:17 B d:\CT\cgi-bin\cybertown\templates\property\iwosindex.cfg <-- cybertown /services/http/80/cgi-bin/cybertown/templates/property iwosindex.cfg
2002.09.25 10:17 B d:\CT\cgi-bin\cybertown\templates\property\iwosindex.tmpl <-- cybertown /services/http/80/cgi-bin/cybertown/templates/property iwosindex.tmpl
2002.09.25 10:17 B d:\CT\cgi-bin\cybertown\templates\property\iwosupdate.cfg <-- cybertown /services/http/80/cgi-bin/cybertown/templates/property iwosupdate.cfg
2002.09.25 10:17 B d:\CT\cgi-bin\cybertown\templates\property\iwosupdate.tmpl <-- cybertown /services/http/80/cgi-bin/cybertown/templates/property iwosupdate.tmpl
2002.09.25 10:17 B d:\CT\cgi-bin\cybertown\templates\property\link.tmpl <-- cybertown /services/http/80/cgi-bin/cybertown/templates/property link.tmpl
2002.09.25 10:17 B d:\CT\cgi-bin\cybertown\templates\property\menu.cfg <-- cybertown /services/http/80/cgi-bin/cybertown/templates/property menu.cfg
2002.09.25 10:17 B d:\CT\cgi-bin\cybertown\templates\property\menu.tmpl <-- cybertown /services/http/80/cgi-bin/cybertown/templates/property menu.tmpl
2002.09.25 10:17 B d:\CT\cgi-bin\cybertown\templates\property\move.cfg <-- cybertown /services/http/80/cgi-bin/cybertown/templates/property move.cfg
2002.09.25 10:17 B d:\CT\cgi-bin\cybertown\templates\property\move.tmpl <-- cybertown /services/http/80/cgi-bin/cybertown/templates/property move.tmpl
2002.09.25 10:17 B d:\CT\cgi-bin\cybertown\templates\property\move_tmpl.iwos <-- cybertown /services/http/80/cgi-bin/cybertown/templates/property move_tmpl.iwos
2002.09.25 10:17 B d:\CT\cgi-bin\cybertown\templates\property\movesubmit.tmpl <-- cybertown /services/http/80/cgi-bin/cybertown/templates/property movesubmit.tmpl
2002.09.25 10:17 B d:\CT\cgi-bin\cybertown\templates\property\mydata.cfg <-- cybertown /services/http/80/cgi-bin/cybertown/templates/property mydata.cfg
2002.09.25 10:17 B d:\CT\cgi-bin\cybertown\templates\property\mydata.old.tmpl.txt <-- cybertown /services/http/80/cgi-bin/cybertown/templates/property mydata.old.tmpl.txt
2002.09.25 10:17 B d:\CT\cgi-bin\cybertown\templates\property\mydata.tmpl <-- cybertown /services/http/80/cgi-bin/cybertown/templates/property mydata.tmpl
2002.09.25 10:17 B d:\CT\cgi-bin\cybertown\templates\property\new.tmpl <-- cybertown /services/http/80/cgi-bin/cybertown/templates/property new.tmpl
2002.09.25 10:17 B d:\CT\cgi-bin\cybertown\templates\property\old_javachat.tmpl <-- cybertown /services/http/80/cgi-bin/cybertown/templates/property old_javachat.tmpl
2002.09.25 10:17 B d:\CT\cgi-bin\cybertown\templates\property\place.cfg <-- cybertown /services/http/80/cgi-bin/cybertown/templates/property place.cfg
2002.09.25 10:17 B d:\CT\cgi-bin\cybertown\templates\property\place.tmpl <-- cybertown /services/http/80/cgi-bin/cybertown/templates/property place.tmpl
2002.09.25 10:17 B d:\CT\cgi-bin\cybertown\templates\property\place3d.iwos <-- cybertown /services/http/80/cgi-bin/cybertown/templates/property place3d.iwos
2002.09.25 10:17 B d:\CT\cgi-bin\cybertown\templates\property\place3d.tmpl <-- cybertown /services/http/80/cgi-bin/cybertown/templates/property place3d.tmpl
2002.09.25 10:17 B d:\CT\cgi-bin\cybertown\templates\property\place_hi-tek.tmpl <-- cybertown /services/http/80/cgi-bin/cybertown/templates/property place_hi-tek.tmpl
2002.09.25 10:17 B d:\CT\cgi-bin\cybertown\templates\property\place_standard.tmpl <-- cybertown /services/http/80/cgi-bin/cybertown/templates/property place_standard.tmpl
2002.09.25 10:17 B d:\CT\cgi-bin\cybertown\templates\property\present.tmpl <-- cybertown /services/http/80/cgi-bin/cybertown/templates/property present.tmpl
2002.09.25 10:17 B d:\CT\cgi-bin\cybertown\templates\property\resetmsb.cfg <-- cybertown /services/http/80/cgi-bin/cybertown/templates/property resetmsb.cfg
2002.09.25 10:17 B d:\CT\cgi-bin\cybertown\templates\property\resetmsb.tmpl <-- cybertown /services/http/80/cgi-bin/cybertown/templates/property resetmsb.tmpl
2002.09.25 10:17 B d:\CT\cgi-bin\cybertown\templates\property\updaction.tmpl <-- cybertown /services/http/80/cgi-bin/cybertown/templates/property updaction.tmpl
2002.09.25 10:17 B d:\CT\cgi-bin\cybertown\templates\property\update.tmpl <-- cybertown /services/http/80/cgi-bin/cybertown/templates/property update.tmpl
2002.09.25 10:17 B d:\CT\cgi-bin\cybertown\templates\property\updatedata.cfg <-- cybertown /services/http/80/cgi-bin/cybertown/templates/property updatedata.cfg
2002.09.25 10:17 B d:\CT\cgi-bin\cybertown\templates\property\updatedata.tmpl <-- cybertown /services/http/80/cgi-bin/cybertown/templates/property updatedata.tmpl
2002.09.25 10:17 B d:\CT\cgi-bin\cybertown\templates\property\updatehome.cfg <-- cybertown /services/http/80/cgi-bin/cybertown/templates/property updatehome.cfg
2002.09.25 10:17 B d:\CT\cgi-bin\cybertown\templates\property\updatehome.tmpl <-- cybertown /services/http/80/cgi-bin/cybertown/templates/property updatehome.tmpl
2002.09.25 10:17 B d:\CT\cgi-bin\cybertown\templates\property\updatehome_tmpl.iwos <-- cybertown /services/http/80/cgi-bin/cybertown/templates/property updatehome_tmpl.iwos
2002.09.25 10:17 B d:\CT\cgi-bin\cybertown\templates\property\updateimage.tmpl <-- cybertown /services/http/80/cgi-bin/cybertown/templates/property updateimage.tmpl
2002.09.25 10:17 B d:\CT\cgi-bin\cybertown\templates\property\updateinfo.cfg <-- cybertown /services/http/80/cgi-bin/cybertown/templates/property updateinfo.cfg
2002.09.25 10:17 B d:\CT\cgi-bin\cybertown\templates\property\updateinfo.tmpl <-- cybertown /services/http/80/cgi-bin/cybertown/templates/property updateinfo.tmpl
2002.09.25 10:17 B d:\CT\cgi-bin\cybertown\templates\property\uploadtext.cfg <-- cybertown /services/http/80/cgi-bin/cybertown/templates/property uploadtext.cfg
2002.09.25 10:17 B d:\CT\cgi-bin\cybertown\templates\property\uploadtext.tmpl <-- cybertown /services/http/80/cgi-bin/cybertown/templates/property uploadtext.tmpl
2002.09.25 19:12 B c:\WINDOWS\Desktop\sec\Ct\cgi-bin\cybertown\templates\property\timebody.tmpl --> ftp.cybertown.com /services/http/80/cgi-bin/cybertown/templates/property timebody.tmpl
2002.09.25 19:12 B c:\WINDOWS\Desktop\sec\Ct\cgi-bin\cybertown\templates\property\timehead.tmpl --> ftp.cybertown.com /services/http/80/cgi-bin/cybertown/templates/property timehead.tmpl
2002.09.25 19:12 B c:\WINDOWS\Desktop\sec\Ct\cgi-bin\cybertown\templates\property\WS_FTP.LOG --> ftp.cybertown.com /services/http/80/cgi-bin/cybertown/templates/property WS_FTP.LOG
2002.09.25 19:29 B c:\WINDOWS\Desktop\sec\Ct\cgi-bin\cybertown\templates\property\___menu.tmpl --> ftp.cybertown.com /services/http/80/cgi-bin/cybertown/templates/property ___menu.tmpl
2002.09.25 19:29 B c:\WINDOWS\Desktop\sec\Ct\cgi-bin\cybertown\templates\property\___place.tmpl --> ftp.cybertown.com /services/http/80/cgi-bin/cybertown/templates/property ___place.tmpl
2002.09.25 19:29 B c:\WINDOWS\Desktop\sec\Ct\cgi-bin\cybertown\templates\property\_menu.tmpl --> ftp.cybertown.com /services/http/80/cgi-bin/cybertown/templates/property _menu.tmpl
2002.09.25 19:29 B c:\WINDOWS\Desktop\sec\Ct\cgi-bin\cybertown\templates\property\_place.cfg --> ftp.cybertown.com /services/http/80/cgi-bin/cybertown/templates/property _place.cfg
2002.09.25 19:29 B c:\WINDOWS\Desktop\sec\Ct\cgi-bin\cybertown\templates\property\_place.tmpl --> ftp.cybertown.com /services/http/80/cgi-bin/cybertown/templates/property _place.tmpl
2002.09.25 19:29 B c:\WINDOWS\Desktop\sec\Ct\cgi-bin\cybertown\templates\property\action.cfg --> ftp.cybertown.com /services/http/80/cgi-bin/cybertown/templates/property action.cfg
2002.09.25 19:29 B c:\WINDOWS\Desktop\sec\Ct\cgi-bin\cybertown\templates\property\action.tmpl --> ftp.cybertown.com /services/http/80/cgi-bin/cybertown/templates/property action.tmpl
2002.09.25 19:29 B c:\WINDOWS\Desktop\sec\Ct\cgi-bin\cybertown\templates\property\action.tmpl.iwos --> ftp.cybertown.com /services/http/80/cgi-bin/cybertown/templates/property action.tmpl.iwos
2002.09.25 19:29 B c:\WINDOWS\Desktop\sec\Ct\cgi-bin\cybertown\templates\property\action_hi-tek.tmpl --> ftp.cybertown.com /services/http/80/cgi-bin/cybertown/templates/property action_hi-tek.tmpl
2002.09.25 19:29 B c:\WINDOWS\Desktop\sec\Ct\cgi-bin\cybertown\templates\property\action_standard.tmpl --> ftp.cybertown.com /services/http/80/cgi-bin/cybertown/templates/property action_standard.tmpl
2002.09.25 19:29 B c:\WINDOWS\Desktop\sec\Ct\cgi-bin\cybertown\templates\property\checkplugin.tmpl --> ftp.cybertown.com /services/http/80/cgi-bin/cybertown/templates/property checkplugin.tmpl
2002.09.25 19:29 B c:\WINDOWS\Desktop\sec\Ct\cgi-bin\cybertown\templates\property\contact3d.tmpl --> ftp.cybertown.com /services/http/80/cgi-bin/cybertown/templates/property contact3d.tmpl
2002.09.25 19:29 B c:\WINDOWS\Desktop\sec\Ct\cgi-bin\cybertown\templates\property\destroy.tmpl --> ftp.cybertown.com /services/http/80/cgi-bin/cybertown/templates/property destroy.tmpl
2002.09.25 19:29 B c:\WINDOWS\Desktop\sec\Ct\cgi-bin\cybertown\templates\property\enter3D-hb.tmpl --> ftp.cybertown.com /services/http/80/cgi-bin/cybertown/templates/property enter3D-hb.tmpl
2002.09.25 19:29 B c:\WINDOWS\Desktop\sec\Ct\cgi-bin\cybertown\templates\property\enter3D-old.tmpl --> ftp.cybertown.com /services/http/80/cgi-bin/cybertown/templates/property enter3D-old.tmpl
2002.09.25 19:29 B c:\WINDOWS\Desktop\sec\Ct\cgi-bin\cybertown\templates\property\enter3D.cfg --> ftp.cybertown.com /services/http/80/cgi-bin/cybertown/templates/property enter3D.cfg
2002.09.25 19:29 B c:\WINDOWS\Desktop\sec\Ct\cgi-bin\cybertown\templates\property\enter3D.tmpl --> ftp.cybertown.com /services/http/80/cgi-bin/cybertown/templates/property enter3D.tmpl
2002.09.25 19:29 B c:\WINDOWS\Desktop\sec\Ct\cgi-bin\cybertown\templates\property\enter3D_cfg.iwos --> ftp.cybertown.com /services/http/80/cgi-bin/cybertown/templates/property enter3D_cfg.iwos
2002.09.25 19:29 B c:\WINDOWS\Desktop\sec\Ct\cgi-bin\cybertown\templates\property\enter3D_tmpl.iwos --> ftp.cybertown.com /services/http/80/cgi-bin/cybertown/templates/property enter3D_tmpl.iwos
2002.09.25 19:29 B c:\WINDOWS\Desktop\sec\Ct\cgi-bin\cybertown\templates\property\error.tmpl --> ftp.cybertown.com /services/http/80/cgi-bin/cybertown/templates/property error.tmpl
2002.09.25 19:29 B c:\WINDOWS\Desktop\sec\Ct\cgi-bin\cybertown\templates\property\index.tmpl --> ftp.cybertown.com /services/http/80/cgi-bin/cybertown/templates/property index.tmpl
2002.09.25 19:29 B c:\WINDOWS\Desktop\sec\Ct\cgi-bin\cybertown\templates\property\index2d.tmpl --> ftp.cybertown.com /services/http/80/cgi-bin/cybertown/templates/property index2d.tmpl
2002.09.25 19:29 B c:\WINDOWS\Desktop\sec\Ct\cgi-bin\cybertown\templates\property\index3d.tmpl --> ftp.cybertown.com /services/http/80/cgi-bin/cybertown/templates/property index3d.tmpl
2002.09.25 19:29 B c:\WINDOWS\Desktop\sec\Ct\cgi-bin\cybertown\templates\property\info.tmpl --> ftp.cybertown.com /services/http/80/cgi-bin/cybertown/templates/property info.tmpl
2002.09.25 19:29 B c:\WINDOWS\Desktop\sec\Ct\cgi-bin\cybertown\templates\property\iwosindex.cfg --> ftp.cybertown.com /services/http/80/cgi-bin/cybertown/templates/property iwosindex.cfg
2002.09.25 19:29 B c:\WINDOWS\Desktop\sec\Ct\cgi-bin\cybertown\templates\property\iwosindex.tmpl --> ftp.cybertown.com /services/http/80/cgi-bin/cybertown/templates/property iwosindex.tmpl
2002.09.25 19:29 B c:\WINDOWS\Desktop\sec\Ct\cgi-bin\cybertown\templates\property\iwosupdate.cfg --> ftp.cybertown.com /services/http/80/cgi-bin/cybertown/templates/property iwosupdate.cfg
2002.09.25 19:29 B c:\WINDOWS\Desktop\sec\Ct\cgi-bin\cybertown\templates\property\iwosupdate.tmpl --> ftp.cybertown.com /services/http/80/cgi-bin/cybertown/templates/property iwosupdate.tmpl
2002.09.25 19:29 B c:\WINDOWS\Desktop\sec\Ct\cgi-bin\cybertown\templates\property\link.tmpl --> ftp.cybertown.com /services/http/80/cgi-bin/cybertown/templates/property link.tmpl
2002.09.25 19:29 B c:\WINDOWS\Desktop\sec\Ct\cgi-bin\cybertown\templates\property\menu.cfg --> ftp.cybertown.com /services/http/80/cgi-bin/cybertown/templates/property menu.cfg
2002.09.25 19:29 B c:\WINDOWS\Desktop\sec\Ct\cgi-bin\cybertown\templates\property\menu.tmpl --> ftp.cybertown.com /services/http/80/cgi-bin/cybertown/templates/property menu.tmpl
2002.09.25 19:29 B c:\WINDOWS\Desktop\sec\Ct\cgi-bin\cybertown\templates\property\move.cfg --> ftp.cybertown.com /services/http/80/cgi-bin/cybertown/templates/property move.cfg
2002.09.25 19:29 B c:\WINDOWS\Desktop\sec\Ct\cgi-bin\cybertown\templates\property\move.tmpl --> ftp.cybertown.com /services/http/80/cgi-bin/cybertown/templates/property move.tmpl
2002.09.25 19:29 B c:\WINDOWS\Desktop\sec\Ct\cgi-bin\cybertown\templates\property\move_tmpl.iwos --> ftp.cybertown.com /services/http/80/cgi-bin/cybertown/templates/property move_tmpl.iwos
2002.09.25 19:29 B c:\WINDOWS\Desktop\sec\Ct\cgi-bin\cybertown\templates\property\movesubmit.tmpl --> ftp.cybertown.com /services/http/80/cgi-bin/cybertown/templates/property movesubmit.tmpl
2002.09.25 19:29 B c:\WINDOWS\Desktop\sec\Ct\cgi-bin\cybertown\templates\property\mydata.cfg --> ftp.cybertown.com /services/http/80/cgi-bin/cybertown/templates/property mydata.cfg
2002.09.25 19:29 A c:\WINDOWS\Desktop\sec\Ct\cgi-bin\cybertown\templates\property\mydata.old.tmpl.txt --> ftp.cybertown.com /services/http/80/cgi-bin/cybertown/templates/property mydata.old.tmpl.txt
2002.09.25 19:29 B c:\WINDOWS\Desktop\sec\Ct\cgi-bin\cybertown\templates\property\mydata.tmpl --> ftp.cybertown.com /services/http/80/cgi-bin/cybertown/templates/property mydata.tmpl
2002.09.25 19:29 B c:\WINDOWS\Desktop\sec\Ct\cgi-bin\cybertown\templates\property\new.tmpl --> ftp.cybertown.com /services/http/80/cgi-bin/cybertown/templates/property new.tmpl
2002.09.25 19:29 B c:\WINDOWS\Desktop\sec\Ct\cgi-bin\cybertown\templates\property\old_javachat.tmpl --> ftp.cybertown.com /services/http/80/cgi-bin/cybertown/templates/property old_javachat.tmpl
2002.09.25 19:29 B c:\WINDOWS\Desktop\sec\Ct\cgi-bin\cybertown\templates\property\place.cfg --> ftp.cybertown.com /services/http/80/cgi-bin/cybertown/templates/property place.cfg
2002.09.25 19:29 B c:\WINDOWS\Desktop\sec\Ct\cgi-bin\cybertown\templates\property\place.tmpl --> ftp.cybertown.com /services/http/80/cgi-bin/cybertown/templates/property place.tmpl
2002.09.25 19:29 B c:\WINDOWS\Desktop\sec\Ct\cgi-bin\cybertown\templates\property\place3d.iwos --> ftp.cybertown.com /services/http/80/cgi-bin/cybertown/templates/property place3d.iwos
2002.09.25 19:29 B c:\WINDOWS\Desktop\sec\Ct\cgi-bin\cybertown\templates\property\place3d.tmpl --> ftp.cybertown.com /services/http/80/cgi-bin/cybertown/templates/property place3d.tmpl
2002.09.25 19:29 B c:\WINDOWS\Desktop\sec\Ct\cgi-bin\cybertown\templates\property\place_hi-tek.tmpl --> ftp.cybertown.com /services/http/80/cgi-bin/cybertown/templates/property place_hi-tek.tmpl
2002.09.25 19:29 B c:\WINDOWS\Desktop\sec\Ct\cgi-bin\cybertown\templates\property\place_standard.tmpl --> ftp.cybertown.com /services/http/80/cgi-bin/cybertown/templates/property place_standard.tmpl
2002.09.25 19:29 B c:\WINDOWS\Desktop\sec\Ct\cgi-bin\cybertown\templates\property\present.tmpl --> ftp.cybertown.com /services/http/80/cgi-bin/cybertown/templates/property present.tmpl
2002.09.25 19:29 B c:\WINDOWS\Desktop\sec\Ct\cgi-bin\cybertown\templates\property\resetmsb.cfg --> ftp.cybertown.com /services/http/80/cgi-bin/cybertown/templates/property resetmsb.cfg
2002.09.25 19:29 B c:\WINDOWS\Desktop\sec\Ct\cgi-bin\cybertown\templates\property\resetmsb.tmpl --> ftp.cybertown.com /services/http/80/cgi-bin/cybertown/templates/property resetmsb.tmpl
2002.09.25 19:29 B c:\WINDOWS\Desktop\sec\Ct\cgi-bin\cybertown\templates\property\timebody.tmpl --> ftp.cybertown.com /services/http/80/cgi-bin/cybertown/templates/property timebody.tmpl
2002.09.25 19:29 B c:\WINDOWS\Desktop\sec\Ct\cgi-bin\cybertown\templates\property\timehead.tmpl --> ftp.cybertown.com /services/http/80/cgi-bin/cybertown/templates/property timehead.tmpl
2002.09.25 19:29 B c:\WINDOWS\Desktop\sec\Ct\cgi-bin\cybertown\templates\property\updaction.tmpl --> ftp.cybertown.com /services/http/80/cgi-bin/cybertown/templates/property updaction.tmpl
2002.09.25 19:29 B c:\WINDOWS\Desktop\sec\Ct\cgi-bin\cybertown\templates\property\update.tmpl --> ftp.cybertown.com /services/http/80/cgi-bin/cybertown/templates/property update.tmpl
2002.09.25 19:29 B c:\WINDOWS\Desktop\sec\Ct\cgi-bin\cybertown\templates\property\updatedata.cfg --> ftp.cybertown.com /services/http/80/cgi-bin/cybertown/templates/property updatedata.cfg
2002.09.25 19:29 B c:\WINDOWS\Desktop\sec\Ct\cgi-bin\cybertown\templates\property\updatedata.tmpl --> ftp.cybertown.com /services/http/80/cgi-bin/cybertown/templates/property updatedata.tmpl
2002.09.25 19:29 B c:\WINDOWS\Desktop\sec\Ct\cgi-bin\cybertown\templates\property\updatehome.cfg --> ftp.cybertown.com /services/http/80/cgi-bin/cybertown/templates/property updatehome.cfg
2002.09.25 19:29 B c:\WINDOWS\Desktop\sec\Ct\cgi-bin\cybertown\templates\property\updatehome.tmpl --> ftp.cybertown.com /services/http/80/cgi-bin/cybertown/templates/property updatehome.tmpl
2002.09.25 19:29 B c:\WINDOWS\Desktop\sec\Ct\cgi-bin\cybertown\templates\property\updatehome_tmpl.iwos --> ftp.cybertown.com /services/http/80/cgi-bin/cybertown/templates/property updatehome_tmpl.iwos
2002.09.25 19:29 B c:\WINDOWS\Desktop\sec\Ct\cgi-bin\cybertown\templates\property\updateimage.tmpl --> ftp.cybertown.com /services/http/80/cgi-bin/cybertown/templates/property updateimage.tmpl
2002.09.25 19:29 B c:\WINDOWS\Desktop\sec\Ct\cgi-bin\cybertown\templates\property\updateinfo.cfg --> ftp.cybertown.com /services/http/80/cgi-bin/cybertown/templates/property updateinfo.cfg
2002.09.25 19:29 B c:\WINDOWS\Desktop\sec\Ct\cgi-bin\cybertown\templates\property\updateinfo.tmpl --> ftp.cybertown.com /services/http/80/cgi-bin/cybertown/templates/property updateinfo.tmpl
2002.09.25 19:29 B c:\WINDOWS\Desktop\sec\Ct\cgi-bin\cybertown\templates\property\uploadtext.cfg --> ftp.cybertown.com /services/http/80/cgi-bin/cybertown/templates/property uploadtext.cfg
2002.09.25 19:29 B c:\WINDOWS\Desktop\sec\Ct\cgi-bin\cybertown\templates\property\uploadtext.tmpl --> ftp.cybertown.com /services/http/80/cgi-bin/cybertown/templates/property uploadtext.tmpl
