2002.09.25 10:10 B d:\CT\cgi-bin\cybertown\templates\event\morph\alert_page.tmpl <-- cybertown /services/http/80/cgi-bin/cybertown/templates/event/morph alert_page.tmpl
2002.09.25 10:10 B d:\CT\cgi-bin\cybertown\templates\event\morph\checkitem.cfg <-- cybertown /services/http/80/cgi-bin/cybertown/templates/event/morph checkitem.cfg
2002.09.25 10:10 B d:\CT\cgi-bin\cybertown\templates\event\morph\checkitem.tmpl <-- cybertown /services/http/80/cgi-bin/cybertown/templates/event/morph checkitem.tmpl
2002.09.25 10:10 B d:\CT\cgi-bin\cybertown\templates\event\morph\congrat.cfg <-- cybertown /services/http/80/cgi-bin/cybertown/templates/event/morph congrat.cfg
2002.09.25 10:10 B d:\CT\cgi-bin\cybertown\templates\event\morph\congrat.tmpl <-- cybertown /services/http/80/cgi-bin/cybertown/templates/event/morph congrat.tmpl
2002.09.25 10:10 B d:\CT\cgi-bin\cybertown\templates\event\morph\count.tmpl <-- cybertown /services/http/80/cgi-bin/cybertown/templates/event/morph count.tmpl
2002.09.25 10:10 B d:\CT\cgi-bin\cybertown\templates\event\morph\countok.tmpl <-- cybertown /services/http/80/cgi-bin/cybertown/templates/event/morph countok.tmpl
2002.09.25 10:10 B d:\CT\cgi-bin\cybertown\templates\event\morph\found.tmpl <-- cybertown /services/http/80/cgi-bin/cybertown/templates/event/morph found.tmpl
2002.09.25 10:10 B d:\CT\cgi-bin\cybertown\templates\event\morph\foundbefore.tmpl <-- cybertown /services/http/80/cgi-bin/cybertown/templates/event/morph foundbefore.tmpl
2002.09.25 10:10 B d:\CT\cgi-bin\cybertown\templates\event\morph\getitem.cfg <-- cybertown /services/http/80/cgi-bin/cybertown/templates/event/morph getitem.cfg
2002.09.25 10:10 B d:\CT\cgi-bin\cybertown\templates\event\morph\getitem.tmpl <-- cybertown /services/http/80/cgi-bin/cybertown/templates/event/morph getitem.tmpl
2002.09.25 10:10 B d:\CT\cgi-bin\cybertown\templates\event\morph\headquarter.cfg <-- cybertown /services/http/80/cgi-bin/cybertown/templates/event/morph headquarter.cfg
2002.09.25 10:10 B d:\CT\cgi-bin\cybertown\templates\event\morph\headquarter.tmpl <-- cybertown /services/http/80/cgi-bin/cybertown/templates/event/morph headquarter.tmpl
2002.09.25 10:10 B d:\CT\cgi-bin\cybertown\templates\event\morph\info.cfg <-- cybertown /services/http/80/cgi-bin/cybertown/templates/event/morph info.cfg
2002.09.25 10:10 B d:\CT\cgi-bin\cybertown\templates\event\morph\info.tmpl <-- cybertown /services/http/80/cgi-bin/cybertown/templates/event/morph info.tmpl
2002.09.25 10:10 B d:\CT\cgi-bin\cybertown\templates\event\morph\locked.tmpl <-- cybertown /services/http/80/cgi-bin/cybertown/templates/event/morph locked.tmpl
2002.09.25 10:10 B d:\CT\cgi-bin\cybertown\templates\event\morph\myinfo.cfg <-- cybertown /services/http/80/cgi-bin/cybertown/templates/event/morph myinfo.cfg
2002.09.25 10:10 B d:\CT\cgi-bin\cybertown\templates\event\morph\myinfo.tmpl <-- cybertown /services/http/80/cgi-bin/cybertown/templates/event/morph myinfo.tmpl
2002.09.25 10:10 B d:\CT\cgi-bin\cybertown\templates\event\morph\regform.tmpl <-- cybertown /services/http/80/cgi-bin/cybertown/templates/event/morph regform.tmpl
2002.09.25 10:10 B d:\CT\cgi-bin\cybertown\templates\event\morph\registered.cfg <-- cybertown /services/http/80/cgi-bin/cybertown/templates/event/morph registered.cfg
2002.09.25 10:10 B d:\CT\cgi-bin\cybertown\templates\event\morph\registered.tmpl <-- cybertown /services/http/80/cgi-bin/cybertown/templates/event/morph registered.tmpl
2002.09.25 10:10 B d:\CT\cgi-bin\cybertown\templates\event\morph\toomany.tmpl <-- cybertown /services/http/80/cgi-bin/cybertown/templates/event/morph toomany.tmpl
2002.09.25 10:10 B d:\CT\cgi-bin\cybertown\templates\event\morph\visit.tmpl <-- cybertown /services/http/80/cgi-bin/cybertown/templates/event/morph visit.tmpl
2002.09.25 10:10 B d:\CT\cgi-bin\cybertown\templates\event\morph\visitor.tmpl <-- cybertown /services/http/80/cgi-bin/cybertown/templates/event/morph visitor.tmpl
2002.09.25 19:11 B c:\WINDOWS\Desktop\sec\Ct\cgi-bin\cybertown\templates\event\morph\WS_FTP.LOG --> ftp.cybertown.com /services/http/80/cgi-bin/cybertown/templates/event/morph WS_FTP.LOG
2002.09.25 19:24 B c:\WINDOWS\Desktop\sec\Ct\cgi-bin\cybertown\templates\event\morph\alert_page.tmpl --> ftp.cybertown.com /services/http/80/cgi-bin/cybertown/templates/event/morph alert_page.tmpl
2002.09.25 19:24 B c:\WINDOWS\Desktop\sec\Ct\cgi-bin\cybertown\templates\event\morph\checkitem.cfg --> ftp.cybertown.com /services/http/80/cgi-bin/cybertown/templates/event/morph checkitem.cfg
2002.09.25 19:24 B c:\WINDOWS\Desktop\sec\Ct\cgi-bin\cybertown\templates\event\morph\checkitem.tmpl --> ftp.cybertown.com /services/http/80/cgi-bin/cybertown/templates/event/morph checkitem.tmpl
2002.09.25 19:24 B c:\WINDOWS\Desktop\sec\Ct\cgi-bin\cybertown\templates\event\morph\congrat.cfg --> ftp.cybertown.com /services/http/80/cgi-bin/cybertown/templates/event/morph congrat.cfg
2002.09.25 19:24 B c:\WINDOWS\Desktop\sec\Ct\cgi-bin\cybertown\templates\event\morph\congrat.tmpl --> ftp.cybertown.com /services/http/80/cgi-bin/cybertown/templates/event/morph congrat.tmpl
2002.09.25 19:24 B c:\WINDOWS\Desktop\sec\Ct\cgi-bin\cybertown\templates\event\morph\count.tmpl --> ftp.cybertown.com /services/http/80/cgi-bin/cybertown/templates/event/morph count.tmpl
2002.09.25 19:24 B c:\WINDOWS\Desktop\sec\Ct\cgi-bin\cybertown\templates\event\morph\countok.tmpl --> ftp.cybertown.com /services/http/80/cgi-bin/cybertown/templates/event/morph countok.tmpl
2002.09.25 19:24 B c:\WINDOWS\Desktop\sec\Ct\cgi-bin\cybertown\templates\event\morph\found.tmpl --> ftp.cybertown.com /services/http/80/cgi-bin/cybertown/templates/event/morph found.tmpl
2002.09.25 19:24 B c:\WINDOWS\Desktop\sec\Ct\cgi-bin\cybertown\templates\event\morph\foundbefore.tmpl --> ftp.cybertown.com /services/http/80/cgi-bin/cybertown/templates/event/morph foundbefore.tmpl
2002.09.25 19:24 B c:\WINDOWS\Desktop\sec\Ct\cgi-bin\cybertown\templates\event\morph\getitem.cfg --> ftp.cybertown.com /services/http/80/cgi-bin/cybertown/templates/event/morph getitem.cfg
2002.09.25 19:24 B c:\WINDOWS\Desktop\sec\Ct\cgi-bin\cybertown\templates\event\morph\getitem.tmpl --> ftp.cybertown.com /services/http/80/cgi-bin/cybertown/templates/event/morph getitem.tmpl
2002.09.25 19:24 B c:\WINDOWS\Desktop\sec\Ct\cgi-bin\cybertown\templates\event\morph\headquarter.cfg --> ftp.cybertown.com /services/http/80/cgi-bin/cybertown/templates/event/morph headquarter.cfg
2002.09.25 19:24 B c:\WINDOWS\Desktop\sec\Ct\cgi-bin\cybertown\templates\event\morph\headquarter.tmpl --> ftp.cybertown.com /services/http/80/cgi-bin/cybertown/templates/event/morph headquarter.tmpl
2002.09.25 19:24 B c:\WINDOWS\Desktop\sec\Ct\cgi-bin\cybertown\templates\event\morph\info.cfg --> ftp.cybertown.com /services/http/80/cgi-bin/cybertown/templates/event/morph info.cfg
2002.09.25 19:24 B c:\WINDOWS\Desktop\sec\Ct\cgi-bin\cybertown\templates\event\morph\info.tmpl --> ftp.cybertown.com /services/http/80/cgi-bin/cybertown/templates/event/morph info.tmpl
2002.09.25 19:24 B c:\WINDOWS\Desktop\sec\Ct\cgi-bin\cybertown\templates\event\morph\locked.tmpl --> ftp.cybertown.com /services/http/80/cgi-bin/cybertown/templates/event/morph locked.tmpl
2002.09.25 19:24 B c:\WINDOWS\Desktop\sec\Ct\cgi-bin\cybertown\templates\event\morph\myinfo.cfg --> ftp.cybertown.com /services/http/80/cgi-bin/cybertown/templates/event/morph myinfo.cfg
2002.09.25 19:24 B c:\WINDOWS\Desktop\sec\Ct\cgi-bin\cybertown\templates\event\morph\myinfo.tmpl --> ftp.cybertown.com /services/http/80/cgi-bin/cybertown/templates/event/morph myinfo.tmpl
2002.09.25 19:24 B c:\WINDOWS\Desktop\sec\Ct\cgi-bin\cybertown\templates\event\morph\regform.tmpl --> ftp.cybertown.com /services/http/80/cgi-bin/cybertown/templates/event/morph regform.tmpl
2002.09.25 19:24 B c:\WINDOWS\Desktop\sec\Ct\cgi-bin\cybertown\templates\event\morph\registered.cfg --> ftp.cybertown.com /services/http/80/cgi-bin/cybertown/templates/event/morph registered.cfg
2002.09.25 19:24 B c:\WINDOWS\Desktop\sec\Ct\cgi-bin\cybertown\templates\event\morph\registered.tmpl --> ftp.cybertown.com /services/http/80/cgi-bin/cybertown/templates/event/morph registered.tmpl
2002.09.25 19:25 B c:\WINDOWS\Desktop\sec\Ct\cgi-bin\cybertown\templates\event\morph\toomany.tmpl --> ftp.cybertown.com /services/http/80/cgi-bin/cybertown/templates/event/morph toomany.tmpl
2002.09.25 19:25 B c:\WINDOWS\Desktop\sec\Ct\cgi-bin\cybertown\templates\event\morph\visit.tmpl --> ftp.cybertown.com /services/http/80/cgi-bin/cybertown/templates/event/morph visit.tmpl
2002.09.25 19:25 B c:\WINDOWS\Desktop\sec\Ct\cgi-bin\cybertown\templates\event\morph\visitor.tmpl --> ftp.cybertown.com /services/http/80/cgi-bin/cybertown/templates/event/morph visitor.tmpl
