2002.09.25 10:15 B d:\CT\cgi-bin\cybertown\templates\msb\announce.tmpl <-- cybertown /services/http/80/cgi-bin/cybertown/templates/msb announce.tmpl
2002.09.25 10:15 B d:\CT\cgi-bin\cybertown\templates\msb\backurl.tmpl <-- cybertown /services/http/80/cgi-bin/cybertown/templates/msb backurl.tmpl
2002.09.25 10:15 B d:\CT\cgi-bin\cybertown\templates\msb\config.tmpl <-- cybertown /services/http/80/cgi-bin/cybertown/templates/msb config.tmpl
2002.09.25 10:15 B d:\CT\cgi-bin\cybertown\templates\msb\destroy.tmpl <-- cybertown /services/http/80/cgi-bin/cybertown/templates/msb destroy.tmpl
2002.09.25 10:15 B d:\CT\cgi-bin\cybertown\templates\msb\error.tmpl <-- cybertown /services/http/80/cgi-bin/cybertown/templates/msb error.tmpl
2002.09.25 10:15 B d:\CT\cgi-bin\cybertown\templates\msb\feedback.tmpl <-- cybertown /services/http/80/cgi-bin/cybertown/templates/msb feedback.tmpl
2002.09.25 10:15 B d:\CT\cgi-bin\cybertown\templates\msb\info.tmpl <-- cybertown /services/http/80/cgi-bin/cybertown/templates/msb info.tmpl
2002.09.25 10:15 B d:\CT\cgi-bin\cybertown\templates\msb\msb.tmpl <-- cybertown /services/http/80/cgi-bin/cybertown/templates/msb msb.tmpl
2002.09.25 10:15 B d:\CT\cgi-bin\cybertown\templates\msb\read.cfg <-- cybertown /services/http/80/cgi-bin/cybertown/templates/msb read.cfg
2002.09.25 10:15 B d:\CT\cgi-bin\cybertown\templates\msb\read.tmpl <-- cybertown /services/http/80/cgi-bin/cybertown/templates/msb read.tmpl
2002.09.25 10:15 B d:\CT\cgi-bin\cybertown\templates\msb\read.tmpl.save <-- cybertown /services/http/80/cgi-bin/cybertown/templates/msb read.tmpl.save
2002.09.25 10:15 B d:\CT\cgi-bin\cybertown\templates\msb\updrights.tmpl <-- cybertown /services/http/80/cgi-bin/cybertown/templates/msb updrights.tmpl
2002.09.25 10:15 B d:\CT\cgi-bin\cybertown\templates\msb\warning.tmpl <-- cybertown /services/http/80/cgi-bin/cybertown/templates/msb warning.tmpl
2002.09.25 10:15 B d:\CT\cgi-bin\cybertown\templates\msb\write.cfg <-- cybertown /services/http/80/cgi-bin/cybertown/templates/msb write.cfg
2002.09.25 10:15 B d:\CT\cgi-bin\cybertown\templates\msb\write.tmpl <-- cybertown /services/http/80/cgi-bin/cybertown/templates/msb write.tmpl
2002.09.25 10:15 B d:\CT\cgi-bin\cybertown\templates\msb\writegroup.tmpl <-- cybertown /services/http/80/cgi-bin/cybertown/templates/msb writegroup.tmpl
2002.09.25 19:12 B c:\WINDOWS\Desktop\sec\Ct\cgi-bin\cybertown\templates\msb\WS_FTP.LOG --> ftp.cybertown.com /services/http/80/cgi-bin/cybertown/templates/msb WS_FTP.LOG
2002.09.25 19:27 B c:\WINDOWS\Desktop\sec\Ct\cgi-bin\cybertown\templates\msb\announce.tmpl --> ftp.cybertown.com /services/http/80/cgi-bin/cybertown/templates/msb announce.tmpl
2002.09.25 19:27 B c:\WINDOWS\Desktop\sec\Ct\cgi-bin\cybertown\templates\msb\backurl.tmpl --> ftp.cybertown.com /services/http/80/cgi-bin/cybertown/templates/msb backurl.tmpl
2002.09.25 19:27 B c:\WINDOWS\Desktop\sec\Ct\cgi-bin\cybertown\templates\msb\config.tmpl --> ftp.cybertown.com /services/http/80/cgi-bin/cybertown/templates/msb config.tmpl
2002.09.25 19:27 B c:\WINDOWS\Desktop\sec\Ct\cgi-bin\cybertown\templates\msb\destroy.tmpl --> ftp.cybertown.com /services/http/80/cgi-bin/cybertown/templates/msb destroy.tmpl
2002.09.25 19:27 B c:\WINDOWS\Desktop\sec\Ct\cgi-bin\cybertown\templates\msb\error.tmpl --> ftp.cybertown.com /services/http/80/cgi-bin/cybertown/templates/msb error.tmpl
2002.09.25 19:27 B c:\WINDOWS\Desktop\sec\Ct\cgi-bin\cybertown\templates\msb\feedback.tmpl --> ftp.cybertown.com /services/http/80/cgi-bin/cybertown/templates/msb feedback.tmpl
2002.09.25 19:27 B c:\WINDOWS\Desktop\sec\Ct\cgi-bin\cybertown\templates\msb\info.tmpl --> ftp.cybertown.com /services/http/80/cgi-bin/cybertown/templates/msb info.tmpl
2002.09.25 19:27 B c:\WINDOWS\Desktop\sec\Ct\cgi-bin\cybertown\templates\msb\msb.tmpl --> ftp.cybertown.com /services/http/80/cgi-bin/cybertown/templates/msb msb.tmpl
2002.09.25 19:27 B c:\WINDOWS\Desktop\sec\Ct\cgi-bin\cybertown\templates\msb\read.cfg --> ftp.cybertown.com /services/http/80/cgi-bin/cybertown/templates/msb read.cfg
2002.09.25 19:27 B c:\WINDOWS\Desktop\sec\Ct\cgi-bin\cybertown\templates\msb\read.tmpl --> ftp.cybertown.com /services/http/80/cgi-bin/cybertown/templates/msb read.tmpl
2002.09.25 19:27 B c:\WINDOWS\Desktop\sec\Ct\cgi-bin\cybertown\templates\msb\read.tmpl.save --> ftp.cybertown.com /services/http/80/cgi-bin/cybertown/templates/msb read.tmpl.save
2002.09.25 19:27 B c:\WINDOWS\Desktop\sec\Ct\cgi-bin\cybertown\templates\msb\updrights.tmpl --> ftp.cybertown.com /services/http/80/cgi-bin/cybertown/templates/msb updrights.tmpl
2002.09.25 19:27 B c:\WINDOWS\Desktop\sec\Ct\cgi-bin\cybertown\templates\msb\warning.tmpl --> ftp.cybertown.com /services/http/80/cgi-bin/cybertown/templates/msb warning.tmpl
2002.09.25 19:27 B c:\WINDOWS\Desktop\sec\Ct\cgi-bin\cybertown\templates\msb\write.cfg --> ftp.cybertown.com /services/http/80/cgi-bin/cybertown/templates/msb write.cfg
2002.09.25 19:27 B c:\WINDOWS\Desktop\sec\Ct\cgi-bin\cybertown\templates\msb\write.tmpl --> ftp.cybertown.com /services/http/80/cgi-bin/cybertown/templates/msb write.tmpl
2002.09.25 19:27 B c:\WINDOWS\Desktop\sec\Ct\cgi-bin\cybertown\templates\msb\writegroup.tmpl --> ftp.cybertown.com /services/http/80/cgi-bin/cybertown/templates/msb writegroup.tmpl
