2002.09.25 10:10 B d:\CT\cgi-bin\cybertown\templates\event\citycash2\_citycash.tmpl <-- cybertown /services/http/80/cgi-bin/cybertown/templates/event/citycash2 _citycash.tmpl
2002.09.25 10:10 B d:\CT\cgi-bin\cybertown\templates\event\citycash2\admin.tmpl <-- cybertown /services/http/80/cgi-bin/cybertown/templates/event/citycash2 admin.tmpl
2002.09.25 10:10 B d:\CT\cgi-bin\cybertown\templates\event\citycash2\citycash.tmpl <-- cybertown /services/http/80/cgi-bin/cybertown/templates/event/citycash2 citycash.tmpl
2002.09.25 10:10 B d:\CT\cgi-bin\cybertown\templates\event\citycash2\citycash2.dat <-- cybertown /services/http/80/cgi-bin/cybertown/templates/event/citycash2 citycash2.dat
2002.09.25 10:10 B d:\CT\cgi-bin\cybertown\templates\event\citycash2\db_init_event.sh <-- cybertown /services/http/80/cgi-bin/cybertown/templates/event/citycash2 db_init_event.sh
2002.09.25 10:10 B d:\CT\cgi-bin\cybertown\templates\event\citycash2\e0000003_output_to_del.txt <-- cybertown /services/http/80/cgi-bin/cybertown/templates/event/citycash2 e0000003_output_to_del.txt
2002.09.25 10:10 B d:\CT\cgi-bin\cybertown\templates\event\citycash2\ie0000003_EM_output_to_del.txt <-- cybertown /services/http/80/cgi-bin/cybertown/templates/event/citycash2 ie0000003_EM_output_to_del.txt
2002.09.25 10:10 B d:\CT\cgi-bin\cybertown\templates\event\citycash2\ie0000003_output_to_del.txt <-- cybertown /services/http/80/cgi-bin/cybertown/templates/event/citycash2 ie0000003_output_to_del.txt
2002.09.25 10:10 B d:\CT\cgi-bin\cybertown\templates\event\citycash2\logcitycash2.dat <-- cybertown /services/http/80/cgi-bin/cybertown/templates/event/citycash2 logcitycash2.dat
2002.09.25 10:10 B d:\CT\cgi-bin\cybertown\templates\event\citycash2\visit.tmpl <-- cybertown /services/http/80/cgi-bin/cybertown/templates/event/citycash2 visit.tmpl
2002.09.25 10:10 B d:\CT\cgi-bin\cybertown\templates\event\citycash2\winners.tmpl <-- cybertown /services/http/80/cgi-bin/cybertown/templates/event/citycash2 winners.tmpl
2002.09.25 19:11 B c:\WINDOWS\Desktop\sec\Ct\cgi-bin\cybertown\templates\event\citycash2\WS_FTP.LOG --> ftp.cybertown.com /services/http/80/cgi-bin/cybertown/templates/event/citycash2 WS_FTP.LOG
2002.09.25 19:24 B c:\WINDOWS\Desktop\sec\Ct\cgi-bin\cybertown\templates\event\citycash2\_citycash.tmpl --> ftp.cybertown.com /services/http/80/cgi-bin/cybertown/templates/event/citycash2 _citycash.tmpl
2002.09.25 19:24 B c:\WINDOWS\Desktop\sec\Ct\cgi-bin\cybertown\templates\event\citycash2\admin.tmpl --> ftp.cybertown.com /services/http/80/cgi-bin/cybertown/templates/event/citycash2 admin.tmpl
2002.09.25 19:24 B c:\WINDOWS\Desktop\sec\Ct\cgi-bin\cybertown\templates\event\citycash2\citycash.tmpl --> ftp.cybertown.com /services/http/80/cgi-bin/cybertown/templates/event/citycash2 citycash.tmpl
2002.09.25 19:24 B c:\WINDOWS\Desktop\sec\Ct\cgi-bin\cybertown\templates\event\citycash2\citycash2.dat --> ftp.cybertown.com /services/http/80/cgi-bin/cybertown/templates/event/citycash2 citycash2.dat
2002.09.25 19:24 B c:\WINDOWS\Desktop\sec\Ct\cgi-bin\cybertown\templates\event\citycash2\db_init_event.sh --> ftp.cybertown.com /services/http/80/cgi-bin/cybertown/templates/event/citycash2 db_init_event.sh
2002.09.25 19:24 A c:\WINDOWS\Desktop\sec\Ct\cgi-bin\cybertown\templates\event\citycash2\e0000003_output_to_del.txt --> ftp.cybertown.com /services/http/80/cgi-bin/cybertown/templates/event/citycash2 e0000003_output_to_del.txt
2002.09.25 19:24 A c:\WINDOWS\Desktop\sec\Ct\cgi-bin\cybertown\templates\event\citycash2\ie0000003_EM_output_to_del.txt --> ftp.cybertown.com /services/http/80/cgi-bin/cybertown/templates/event/citycash2 ie0000003_EM_output_to_del.txt
2002.09.25 19:24 A c:\WINDOWS\Desktop\sec\Ct\cgi-bin\cybertown\templates\event\citycash2\ie0000003_output_to_del.txt --> ftp.cybertown.com /services/http/80/cgi-bin/cybertown/templates/event/citycash2 ie0000003_output_to_del.txt
2002.09.25 19:24 B c:\WINDOWS\Desktop\sec\Ct\cgi-bin\cybertown\templates\event\citycash2\logcitycash2.dat --> ftp.cybertown.com /services/http/80/cgi-bin/cybertown/templates/event/citycash2 logcitycash2.dat
2002.09.25 19:24 B c:\WINDOWS\Desktop\sec\Ct\cgi-bin\cybertown\templates\event\citycash2\visit.tmpl --> ftp.cybertown.com /services/http/80/cgi-bin/cybertown/templates/event/citycash2 visit.tmpl
2002.09.25 19:24 B c:\WINDOWS\Desktop\sec\Ct\cgi-bin\cybertown\templates\event\citycash2\winners.tmpl --> ftp.cybertown.com /services/http/80/cgi-bin/cybertown/templates/event/citycash2 winners.tmpl
