2002.09.25 10:12 B d:\CT\cgi-bin\cybertown\templates\message\_imsg.cfg <-- cybertown /services/http/80/cgi-bin/cybertown/templates/message _imsg.cfg
2002.09.25 10:12 B d:\CT\cgi-bin\cybertown\templates\message\_imsg.tmpl <-- cybertown /services/http/80/cgi-bin/cybertown/templates/message _imsg.tmpl
2002.09.25 10:12 B d:\CT\cgi-bin\cybertown\templates\message\_security.tmpl <-- cybertown /services/http/80/cgi-bin/cybertown/templates/message _security.tmpl
2002.09.25 10:14 B d:\CT\cgi-bin\cybertown\templates\message\config.tmpl <-- cybertown /services/http/80/cgi-bin/cybertown/templates/message config.tmpl
2002.09.25 10:14 B d:\CT\cgi-bin\cybertown\templates\message\count.tmpl <-- cybertown /services/http/80/cgi-bin/cybertown/templates/message count.tmpl
2002.09.25 10:14 B d:\CT\cgi-bin\cybertown\templates\message\imsg.tmpl <-- cybertown /services/http/80/cgi-bin/cybertown/templates/message imsg.tmpl
2002.09.25 10:14 B d:\CT\cgi-bin\cybertown\templates\message\list.cfg <-- cybertown /services/http/80/cgi-bin/cybertown/templates/message list.cfg
2002.09.25 10:14 B d:\CT\cgi-bin\cybertown\templates\message\list.tmpl <-- cybertown /services/http/80/cgi-bin/cybertown/templates/message list.tmpl
2002.09.25 10:14 B d:\CT\cgi-bin\cybertown\templates\message\list_homepage.tmpl <-- cybertown /services/http/80/cgi-bin/cybertown/templates/message list_homepage.tmpl
2002.09.25 10:14 B d:\CT\cgi-bin\cybertown\templates\message\member.tmpl <-- cybertown /services/http/80/cgi-bin/cybertown/templates/message member.tmpl
2002.09.25 10:14 B d:\CT\cgi-bin\cybertown\templates\message\notify.tmpl <-- cybertown /services/http/80/cgi-bin/cybertown/templates/message notify.tmpl
2002.09.25 10:14 B d:\CT\cgi-bin\cybertown\templates\message\notifyrec.tmpl <-- cybertown /services/http/80/cgi-bin/cybertown/templates/message notifyrec.tmpl
2002.09.25 10:14 B d:\CT\cgi-bin\cybertown\templates\message\openrcv.tmpl <-- cybertown /services/http/80/cgi-bin/cybertown/templates/message openrcv.tmpl
2002.09.25 10:14 B d:\CT\cgi-bin\cybertown\templates\message\receive.tmpl <-- cybertown /services/http/80/cgi-bin/cybertown/templates/message receive.tmpl
2002.09.25 10:14 B d:\CT\cgi-bin\cybertown\templates\message\refresh.tmpl <-- cybertown /services/http/80/cgi-bin/cybertown/templates/message refresh.tmpl
2002.09.25 10:14 B d:\CT\cgi-bin\cybertown\templates\message\security.tmpl <-- cybertown /services/http/80/cgi-bin/cybertown/templates/message security.tmpl
2002.09.25 10:14 B d:\CT\cgi-bin\cybertown\templates\message\testme.tmpl <-- cybertown /services/http/80/cgi-bin/cybertown/templates/message testme.tmpl
2002.09.25 19:11 B c:\WINDOWS\Desktop\sec\Ct\cgi-bin\cybertown\templates\message\WS_FTP.LOG --> ftp.cybertown.com /services/http/80/cgi-bin/cybertown/templates/message WS_FTP.LOG
2002.09.25 19:26 B c:\WINDOWS\Desktop\sec\Ct\cgi-bin\cybertown\templates\message\_imsg.cfg --> ftp.cybertown.com /services/http/80/cgi-bin/cybertown/templates/message _imsg.cfg
2002.09.25 19:26 B c:\WINDOWS\Desktop\sec\Ct\cgi-bin\cybertown\templates\message\_imsg.tmpl --> ftp.cybertown.com /services/http/80/cgi-bin/cybertown/templates/message _imsg.tmpl
2002.09.25 19:26 B c:\WINDOWS\Desktop\sec\Ct\cgi-bin\cybertown\templates\message\_security.tmpl --> ftp.cybertown.com /services/http/80/cgi-bin/cybertown/templates/message _security.tmpl
2002.09.25 19:26 B c:\WINDOWS\Desktop\sec\Ct\cgi-bin\cybertown\templates\message\config.tmpl --> ftp.cybertown.com /services/http/80/cgi-bin/cybertown/templates/message config.tmpl
2002.09.25 19:26 B c:\WINDOWS\Desktop\sec\Ct\cgi-bin\cybertown\templates\message\count.tmpl --> ftp.cybertown.com /services/http/80/cgi-bin/cybertown/templates/message count.tmpl
2002.09.25 19:26 B c:\WINDOWS\Desktop\sec\Ct\cgi-bin\cybertown\templates\message\imsg.tmpl --> ftp.cybertown.com /services/http/80/cgi-bin/cybertown/templates/message imsg.tmpl
2002.09.25 19:26 B c:\WINDOWS\Desktop\sec\Ct\cgi-bin\cybertown\templates\message\list.cfg --> ftp.cybertown.com /services/http/80/cgi-bin/cybertown/templates/message list.cfg
2002.09.25 19:26 B c:\WINDOWS\Desktop\sec\Ct\cgi-bin\cybertown\templates\message\list.tmpl --> ftp.cybertown.com /services/http/80/cgi-bin/cybertown/templates/message list.tmpl
2002.09.25 19:27 B c:\WINDOWS\Desktop\sec\Ct\cgi-bin\cybertown\templates\message\list_homepage.tmpl --> ftp.cybertown.com /services/http/80/cgi-bin/cybertown/templates/message list_homepage.tmpl
2002.09.25 19:27 B c:\WINDOWS\Desktop\sec\Ct\cgi-bin\cybertown\templates\message\member.tmpl --> ftp.cybertown.com /services/http/80/cgi-bin/cybertown/templates/message member.tmpl
2002.09.25 19:27 B c:\WINDOWS\Desktop\sec\Ct\cgi-bin\cybertown\templates\message\notify.tmpl --> ftp.cybertown.com /services/http/80/cgi-bin/cybertown/templates/message notify.tmpl
2002.09.25 19:27 B c:\WINDOWS\Desktop\sec\Ct\cgi-bin\cybertown\templates\message\notifyrec.tmpl --> ftp.cybertown.com /services/http/80/cgi-bin/cybertown/templates/message notifyrec.tmpl
2002.09.25 19:27 B c:\WINDOWS\Desktop\sec\Ct\cgi-bin\cybertown\templates\message\openrcv.tmpl --> ftp.cybertown.com /services/http/80/cgi-bin/cybertown/templates/message openrcv.tmpl
2002.09.25 19:27 B c:\WINDOWS\Desktop\sec\Ct\cgi-bin\cybertown\templates\message\receive.tmpl --> ftp.cybertown.com /services/http/80/cgi-bin/cybertown/templates/message receive.tmpl
2002.09.25 19:27 B c:\WINDOWS\Desktop\sec\Ct\cgi-bin\cybertown\templates\message\refresh.tmpl --> ftp.cybertown.com /services/http/80/cgi-bin/cybertown/templates/message refresh.tmpl
2002.09.25 19:27 B c:\WINDOWS\Desktop\sec\Ct\cgi-bin\cybertown\templates\message\security.tmpl --> ftp.cybertown.com /services/http/80/cgi-bin/cybertown/templates/message security.tmpl
2002.09.25 19:27 B c:\WINDOWS\Desktop\sec\Ct\cgi-bin\cybertown\templates\message\testme.tmpl --> ftp.cybertown.com /services/http/80/cgi-bin/cybertown/templates/message testme.tmpl
