2002.09.25 10:15 B d:\CT\cgi-bin\cybertown\templates\ne_game\_action.tmpl <-- cybertown /services/http/80/cgi-bin/cybertown/templates/ne_game _action.tmpl
2002.09.25 10:15 B d:\CT\cgi-bin\cybertown\templates\ne_game\_enter3D.cfg <-- cybertown /services/http/80/cgi-bin/cybertown/templates/ne_game _enter3D.cfg
2002.09.25 10:15 B d:\CT\cgi-bin\cybertown\templates\ne_game\action.cfg <-- cybertown /services/http/80/cgi-bin/cybertown/templates/ne_game action.cfg
2002.09.25 10:15 B d:\CT\cgi-bin\cybertown\templates\ne_game\action.tmpl <-- cybertown /services/http/80/cgi-bin/cybertown/templates/ne_game action.tmpl
2002.09.25 10:15 B d:\CT\cgi-bin\cybertown\templates\ne_game\actionpass.cfg <-- cybertown /services/http/80/cgi-bin/cybertown/templates/ne_game actionpass.cfg
2002.09.25 10:15 B d:\CT\cgi-bin\cybertown\templates\ne_game\actionpass.tmpl <-- cybertown /services/http/80/cgi-bin/cybertown/templates/ne_game actionpass.tmpl
2002.09.25 10:15 B d:\CT\cgi-bin\cybertown\templates\ne_game\checkpass.cfg <-- cybertown /services/http/80/cgi-bin/cybertown/templates/ne_game checkpass.cfg
2002.09.25 10:15 B d:\CT\cgi-bin\cybertown\templates\ne_game\checkpass.tmpl <-- cybertown /services/http/80/cgi-bin/cybertown/templates/ne_game checkpass.tmpl
2002.09.25 10:15 B d:\CT\cgi-bin\cybertown\templates\ne_game\contact3d.tmpl <-- cybertown /services/http/80/cgi-bin/cybertown/templates/ne_game contact3d.tmpl
2002.09.25 10:15 B d:\CT\cgi-bin\cybertown\templates\ne_game\enter.cfg <-- cybertown /services/http/80/cgi-bin/cybertown/templates/ne_game enter.cfg
2002.09.25 10:15 B d:\CT\cgi-bin\cybertown\templates\ne_game\enter.html <-- cybertown /services/http/80/cgi-bin/cybertown/templates/ne_game enter.html
2002.09.25 10:15 B d:\CT\cgi-bin\cybertown\templates\ne_game\enter.tmpl <-- cybertown /services/http/80/cgi-bin/cybertown/templates/ne_game enter.tmpl
2002.09.25 10:15 B d:\CT\cgi-bin\cybertown\templates\ne_game\enter3D.cfg <-- cybertown /services/http/80/cgi-bin/cybertown/templates/ne_game enter3D.cfg
2002.09.25 10:15 B d:\CT\cgi-bin\cybertown\templates\ne_game\enter3D.tmpl <-- cybertown /services/http/80/cgi-bin/cybertown/templates/ne_game enter3D.tmpl
2002.09.25 10:15 B d:\CT\cgi-bin\cybertown\templates\ne_game\enter3D_1000723.tmpl <-- cybertown /services/http/80/cgi-bin/cybertown/templates/ne_game enter3D_1000723.tmpl
2002.09.25 10:15 B d:\CT\cgi-bin\cybertown\templates\ne_game\enter3Dpass.cfg <-- cybertown /services/http/80/cgi-bin/cybertown/templates/ne_game enter3Dpass.cfg
2002.09.25 10:15 B d:\CT\cgi-bin\cybertown\templates\ne_game\enter3Dpass.tmpl <-- cybertown /services/http/80/cgi-bin/cybertown/templates/ne_game enter3Dpass.tmpl
2002.09.25 10:15 B d:\CT\cgi-bin\cybertown\templates\ne_game\index.tmpl <-- cybertown /services/http/80/cgi-bin/cybertown/templates/ne_game index.tmpl
2002.09.25 10:15 B d:\CT\cgi-bin\cybertown\templates\ne_game\index0.tmpl <-- cybertown /services/http/80/cgi-bin/cybertown/templates/ne_game index0.tmpl
2002.09.25 10:15 B d:\CT\cgi-bin\cybertown\templates\ne_game\info.tmpl <-- cybertown /services/http/80/cgi-bin/cybertown/templates/ne_game info.tmpl
2002.09.25 10:15 B d:\CT\cgi-bin\cybertown\templates\ne_game\passupdate.cfg <-- cybertown /services/http/80/cgi-bin/cybertown/templates/ne_game passupdate.cfg
2002.09.25 10:15 B d:\CT\cgi-bin\cybertown\templates\ne_game\passupdate.tmpl <-- cybertown /services/http/80/cgi-bin/cybertown/templates/ne_game passupdate.tmpl
2002.09.25 10:15 B d:\CT\cgi-bin\cybertown\templates\ne_game\place.cfg <-- cybertown /services/http/80/cgi-bin/cybertown/templates/ne_game place.cfg
2002.09.25 10:15 B d:\CT\cgi-bin\cybertown\templates\ne_game\place.tmpl <-- cybertown /services/http/80/cgi-bin/cybertown/templates/ne_game place.tmpl
2002.09.25 10:15 B d:\CT\cgi-bin\cybertown\templates\ne_game\place0.tmpl <-- cybertown /services/http/80/cgi-bin/cybertown/templates/ne_game place0.tmpl
2002.09.25 10:15 B d:\CT\cgi-bin\cybertown\templates\ne_game\place1000613.tmpl <-- cybertown /services/http/80/cgi-bin/cybertown/templates/ne_game place1000613.tmpl
2002.09.25 10:15 B d:\CT\cgi-bin\cybertown\templates\ne_game\world.tmpl <-- cybertown /services/http/80/cgi-bin/cybertown/templates/ne_game world.tmpl
2002.09.25 19:12 B c:\WINDOWS\Desktop\sec\Ct\cgi-bin\cybertown\templates\ne_game\WS_FTP.LOG --> ftp.cybertown.com /services/http/80/cgi-bin/cybertown/templates/ne_game WS_FTP.LOG
2002.09.25 19:27 B c:\WINDOWS\Desktop\sec\Ct\cgi-bin\cybertown\templates\ne_game\_action.tmpl --> ftp.cybertown.com /services/http/80/cgi-bin/cybertown/templates/ne_game _action.tmpl
2002.09.25 19:27 B c:\WINDOWS\Desktop\sec\Ct\cgi-bin\cybertown\templates\ne_game\_enter3D.cfg --> ftp.cybertown.com /services/http/80/cgi-bin/cybertown/templates/ne_game _enter3D.cfg
2002.09.25 19:27 B c:\WINDOWS\Desktop\sec\Ct\cgi-bin\cybertown\templates\ne_game\action.cfg --> ftp.cybertown.com /services/http/80/cgi-bin/cybertown/templates/ne_game action.cfg
2002.09.25 19:27 B c:\WINDOWS\Desktop\sec\Ct\cgi-bin\cybertown\templates\ne_game\action.tmpl --> ftp.cybertown.com /services/http/80/cgi-bin/cybertown/templates/ne_game action.tmpl
2002.09.25 19:27 B c:\WINDOWS\Desktop\sec\Ct\cgi-bin\cybertown\templates\ne_game\actionpass.cfg --> ftp.cybertown.com /services/http/80/cgi-bin/cybertown/templates/ne_game actionpass.cfg
2002.09.25 19:27 B c:\WINDOWS\Desktop\sec\Ct\cgi-bin\cybertown\templates\ne_game\actionpass.tmpl --> ftp.cybertown.com /services/http/80/cgi-bin/cybertown/templates/ne_game actionpass.tmpl
2002.09.25 19:27 B c:\WINDOWS\Desktop\sec\Ct\cgi-bin\cybertown\templates\ne_game\checkpass.cfg --> ftp.cybertown.com /services/http/80/cgi-bin/cybertown/templates/ne_game checkpass.cfg
2002.09.25 19:27 B c:\WINDOWS\Desktop\sec\Ct\cgi-bin\cybertown\templates\ne_game\checkpass.tmpl --> ftp.cybertown.com /services/http/80/cgi-bin/cybertown/templates/ne_game checkpass.tmpl
2002.09.25 19:27 B c:\WINDOWS\Desktop\sec\Ct\cgi-bin\cybertown\templates\ne_game\contact3d.tmpl --> ftp.cybertown.com /services/http/80/cgi-bin/cybertown/templates/ne_game contact3d.tmpl
2002.09.25 19:27 B c:\WINDOWS\Desktop\sec\Ct\cgi-bin\cybertown\templates\ne_game\enter.cfg --> ftp.cybertown.com /services/http/80/cgi-bin/cybertown/templates/ne_game enter.cfg
2002.09.25 19:27 B c:\WINDOWS\Desktop\sec\Ct\cgi-bin\cybertown\templates\ne_game\enter.html --> ftp.cybertown.com /services/http/80/cgi-bin/cybertown/templates/ne_game enter.html
2002.09.25 19:27 B c:\WINDOWS\Desktop\sec\Ct\cgi-bin\cybertown\templates\ne_game\enter.tmpl --> ftp.cybertown.com /services/http/80/cgi-bin/cybertown/templates/ne_game enter.tmpl
2002.09.25 19:27 B c:\WINDOWS\Desktop\sec\Ct\cgi-bin\cybertown\templates\ne_game\enter3D.cfg --> ftp.cybertown.com /services/http/80/cgi-bin/cybertown/templates/ne_game enter3D.cfg
2002.09.25 19:27 B c:\WINDOWS\Desktop\sec\Ct\cgi-bin\cybertown\templates\ne_game\enter3D.tmpl --> ftp.cybertown.com /services/http/80/cgi-bin/cybertown/templates/ne_game enter3D.tmpl
2002.09.25 19:27 B c:\WINDOWS\Desktop\sec\Ct\cgi-bin\cybertown\templates\ne_game\enter3D_1000723.tmpl --> ftp.cybertown.com /services/http/80/cgi-bin/cybertown/templates/ne_game enter3D_1000723.tmpl
2002.09.25 19:27 B c:\WINDOWS\Desktop\sec\Ct\cgi-bin\cybertown\templates\ne_game\enter3Dpass.cfg --> ftp.cybertown.com /services/http/80/cgi-bin/cybertown/templates/ne_game enter3Dpass.cfg
2002.09.25 19:27 B c:\WINDOWS\Desktop\sec\Ct\cgi-bin\cybertown\templates\ne_game\enter3Dpass.tmpl --> ftp.cybertown.com /services/http/80/cgi-bin/cybertown/templates/ne_game enter3Dpass.tmpl
2002.09.25 19:27 B c:\WINDOWS\Desktop\sec\Ct\cgi-bin\cybertown\templates\ne_game\index.tmpl --> ftp.cybertown.com /services/http/80/cgi-bin/cybertown/templates/ne_game index.tmpl
2002.09.25 19:27 B c:\WINDOWS\Desktop\sec\Ct\cgi-bin\cybertown\templates\ne_game\index0.tmpl --> ftp.cybertown.com /services/http/80/cgi-bin/cybertown/templates/ne_game index0.tmpl
2002.09.25 19:27 B c:\WINDOWS\Desktop\sec\Ct\cgi-bin\cybertown\templates\ne_game\info.tmpl --> ftp.cybertown.com /services/http/80/cgi-bin/cybertown/templates/ne_game info.tmpl
2002.09.25 19:27 B c:\WINDOWS\Desktop\sec\Ct\cgi-bin\cybertown\templates\ne_game\passupdate.cfg --> ftp.cybertown.com /services/http/80/cgi-bin/cybertown/templates/ne_game passupdate.cfg
2002.09.25 19:27 B c:\WINDOWS\Desktop\sec\Ct\cgi-bin\cybertown\templates\ne_game\passupdate.tmpl --> ftp.cybertown.com /services/http/80/cgi-bin/cybertown/templates/ne_game passupdate.tmpl
2002.09.25 19:27 B c:\WINDOWS\Desktop\sec\Ct\cgi-bin\cybertown\templates\ne_game\place.cfg --> ftp.cybertown.com /services/http/80/cgi-bin/cybertown/templates/ne_game place.cfg
2002.09.25 19:27 B c:\WINDOWS\Desktop\sec\Ct\cgi-bin\cybertown\templates\ne_game\place.tmpl --> ftp.cybertown.com /services/http/80/cgi-bin/cybertown/templates/ne_game place.tmpl
2002.09.25 19:27 B c:\WINDOWS\Desktop\sec\Ct\cgi-bin\cybertown\templates\ne_game\place0.tmpl --> ftp.cybertown.com /services/http/80/cgi-bin/cybertown/templates/ne_game place0.tmpl
2002.09.25 19:27 B c:\WINDOWS\Desktop\sec\Ct\cgi-bin\cybertown\templates\ne_game\place1000613.tmpl --> ftp.cybertown.com /services/http/80/cgi-bin/cybertown/templates/ne_game place1000613.tmpl
2002.09.25 19:27 B c:\WINDOWS\Desktop\sec\Ct\cgi-bin\cybertown\templates\ne_game\world.tmpl --> ftp.cybertown.com /services/http/80/cgi-bin/cybertown/templates/ne_game world.tmpl
