2002.09.25 10:24 B d:\CT\cgi-bin\cybertown\templates\stadium\action.cfg <-- cybertown /services/http/80/cgi-bin/cybertown/templates/stadium action.cfg
2002.09.25 10:24 B d:\CT\cgi-bin\cybertown\templates\stadium\action.tmpl <-- cybertown /services/http/80/cgi-bin/cybertown/templates/stadium action.tmpl
2002.09.25 10:24 B d:\CT\cgi-bin\cybertown\templates\stadium\enter3D.cfg <-- cybertown /services/http/80/cgi-bin/cybertown/templates/stadium enter3D.cfg
2002.09.25 10:24 B d:\CT\cgi-bin\cybertown\templates\stadium\enter3D.tmpl <-- cybertown /services/http/80/cgi-bin/cybertown/templates/stadium enter3D.tmpl
2002.09.25 10:24 B d:\CT\cgi-bin\cybertown\templates\stadium\field1.tmpl <-- cybertown /services/http/80/cgi-bin/cybertown/templates/stadium field1.tmpl
2002.09.25 10:24 B d:\CT\cgi-bin\cybertown\templates\stadium\field2.tmpl <-- cybertown /services/http/80/cgi-bin/cybertown/templates/stadium field2.tmpl
2002.09.25 10:24 B d:\CT\cgi-bin\cybertown\templates\stadium\locker1.tmpl <-- cybertown /services/http/80/cgi-bin/cybertown/templates/stadium locker1.tmpl
2002.09.25 10:24 B d:\CT\cgi-bin\cybertown\templates\stadium\locker2.tmpl <-- cybertown /services/http/80/cgi-bin/cybertown/templates/stadium locker2.tmpl
2002.09.25 10:24 B d:\CT\cgi-bin\cybertown\templates\stadium\place.tmpl <-- cybertown /services/http/80/cgi-bin/cybertown/templates/stadium place.tmpl
2002.09.25 10:24 B d:\CT\cgi-bin\cybertown\templates\stadium\referee.tmpl <-- cybertown /services/http/80/cgi-bin/cybertown/templates/stadium referee.tmpl
2002.09.25 10:24 B d:\CT\cgi-bin\cybertown\templates\stadium\stands.tmpl <-- cybertown /services/http/80/cgi-bin/cybertown/templates/stadium stands.tmpl
2002.09.25 19:12 B c:\WINDOWS\Desktop\sec\Ct\cgi-bin\cybertown\templates\stadium\WS_FTP.LOG --> ftp.cybertown.com /services/http/80/cgi-bin/cybertown/templates/stadium WS_FTP.LOG
2002.09.25 19:30 B c:\WINDOWS\Desktop\sec\Ct\cgi-bin\cybertown\templates\stadium\action.cfg --> ftp.cybertown.com /services/http/80/cgi-bin/cybertown/templates/stadium action.cfg
2002.09.25 19:30 B c:\WINDOWS\Desktop\sec\Ct\cgi-bin\cybertown\templates\stadium\action.tmpl --> ftp.cybertown.com /services/http/80/cgi-bin/cybertown/templates/stadium action.tmpl
2002.09.25 19:30 B c:\WINDOWS\Desktop\sec\Ct\cgi-bin\cybertown\templates\stadium\enter3D.cfg --> ftp.cybertown.com /services/http/80/cgi-bin/cybertown/templates/stadium enter3D.cfg
2002.09.25 19:30 B c:\WINDOWS\Desktop\sec\Ct\cgi-bin\cybertown\templates\stadium\enter3D.tmpl --> ftp.cybertown.com /services/http/80/cgi-bin/cybertown/templates/stadium enter3D.tmpl
2002.09.25 19:30 B c:\WINDOWS\Desktop\sec\Ct\cgi-bin\cybertown\templates\stadium\field1.tmpl --> ftp.cybertown.com /services/http/80/cgi-bin/cybertown/templates/stadium field1.tmpl
2002.09.25 19:30 B c:\WINDOWS\Desktop\sec\Ct\cgi-bin\cybertown\templates\stadium\field2.tmpl --> ftp.cybertown.com /services/http/80/cgi-bin/cybertown/templates/stadium field2.tmpl
2002.09.25 19:30 B c:\WINDOWS\Desktop\sec\Ct\cgi-bin\cybertown\templates\stadium\locker1.tmpl --> ftp.cybertown.com /services/http/80/cgi-bin/cybertown/templates/stadium locker1.tmpl
2002.09.25 19:30 B c:\WINDOWS\Desktop\sec\Ct\cgi-bin\cybertown\templates\stadium\locker2.tmpl --> ftp.cybertown.com /services/http/80/cgi-bin/cybertown/templates/stadium locker2.tmpl
2002.09.25 19:30 B c:\WINDOWS\Desktop\sec\Ct\cgi-bin\cybertown\templates\stadium\place.tmpl --> ftp.cybertown.com /services/http/80/cgi-bin/cybertown/templates/stadium place.tmpl
2002.09.25 19:30 B c:\WINDOWS\Desktop\sec\Ct\cgi-bin\cybertown\templates\stadium\referee.tmpl --> ftp.cybertown.com /services/http/80/cgi-bin/cybertown/templates/stadium referee.tmpl
2002.09.25 19:30 B c:\WINDOWS\Desktop\sec\Ct\cgi-bin\cybertown\templates\stadium\stands.tmpl --> ftp.cybertown.com /services/http/80/cgi-bin/cybertown/templates/stadium stands.tmpl
