2002.09.25 10:11 B d:\CT\cgi-bin\cybertown\templates\iwos\3d.tmpl <-- cybertown /services/http/80/cgi-bin/cybertown/templates/iwos 3d.tmpl
2002.09.25 10:11 B d:\CT\cgi-bin\cybertown\templates\iwos\beamlist.cfg <-- cybertown /services/http/80/cgi-bin/cybertown/templates/iwos beamlist.cfg
2002.09.25 10:11 B d:\CT\cgi-bin\cybertown\templates\iwos\beamlist.tmpl <-- cybertown /services/http/80/cgi-bin/cybertown/templates/iwos beamlist.tmpl
2002.09.25 10:11 B d:\CT\cgi-bin\cybertown\templates\iwos\beamvisit.tmpl <-- cybertown /services/http/80/cgi-bin/cybertown/templates/iwos beamvisit.tmpl
2002.09.25 10:11 B d:\CT\cgi-bin\cybertown\templates\iwos\buyhouse.cfg <-- cybertown /services/http/80/cgi-bin/cybertown/templates/iwos buyhouse.cfg
2002.09.25 10:11 B d:\CT\cgi-bin\cybertown\templates\iwos\buyhouse.tmpl <-- cybertown /services/http/80/cgi-bin/cybertown/templates/iwos buyhouse.tmpl
2002.09.25 10:11 B d:\CT\cgi-bin\cybertown\templates\iwos\findhome.cfg <-- cybertown /services/http/80/cgi-bin/cybertown/templates/iwos findhome.cfg
2002.09.25 10:11 B d:\CT\cgi-bin\cybertown\templates\iwos\findhome.tmpl <-- cybertown /services/http/80/cgi-bin/cybertown/templates/iwos findhome.tmpl
2002.09.25 10:11 B d:\CT\cgi-bin\cybertown\templates\iwos\guest_cover.cfg <-- cybertown /services/http/80/cgi-bin/cybertown/templates/iwos guest_cover.cfg
2002.09.25 10:11 B d:\CT\cgi-bin\cybertown\templates\iwos\guest_cover.tmpl <-- cybertown /services/http/80/cgi-bin/cybertown/templates/iwos guest_cover.tmpl
2002.09.25 10:11 B d:\CT\cgi-bin\cybertown\templates\iwos\guest_edit.cfg <-- cybertown /services/http/80/cgi-bin/cybertown/templates/iwos guest_edit.cfg
2002.09.25 10:11 B d:\CT\cgi-bin\cybertown\templates\iwos\guest_edit.tmpl <-- cybertown /services/http/80/cgi-bin/cybertown/templates/iwos guest_edit.tmpl
2002.09.25 10:11 B d:\CT\cgi-bin\cybertown\templates\iwos\guest_editcover.cfg <-- cybertown /services/http/80/cgi-bin/cybertown/templates/iwos guest_editcover.cfg
2002.09.25 10:11 B d:\CT\cgi-bin\cybertown\templates\iwos\guest_editcover.tmpl <-- cybertown /services/http/80/cgi-bin/cybertown/templates/iwos guest_editcover.tmpl
2002.09.25 10:11 B d:\CT\cgi-bin\cybertown\templates\iwos\guest_page.cfg <-- cybertown /services/http/80/cgi-bin/cybertown/templates/iwos guest_page.cfg
2002.09.25 10:11 B d:\CT\cgi-bin\cybertown\templates\iwos\guest_page.tmpl <-- cybertown /services/http/80/cgi-bin/cybertown/templates/iwos guest_page.tmpl
2002.09.25 10:11 B d:\CT\cgi-bin\cybertown\templates\iwos\homebought.cfg <-- cybertown /services/http/80/cgi-bin/cybertown/templates/iwos homebought.cfg
2002.09.25 10:11 B d:\CT\cgi-bin\cybertown\templates\iwos\homebought.tmpl <-- cybertown /services/http/80/cgi-bin/cybertown/templates/iwos homebought.tmpl
2002.09.25 10:11 B d:\CT\cgi-bin\cybertown\templates\iwos\musicbox.cfg <-- cybertown /services/http/80/cgi-bin/cybertown/templates/iwos musicbox.cfg
2002.09.25 10:11 B d:\CT\cgi-bin\cybertown\templates\iwos\musicbox.tmpl <-- cybertown /services/http/80/cgi-bin/cybertown/templates/iwos musicbox.tmpl
2002.09.25 10:11 B d:\CT\cgi-bin\cybertown\templates\iwos\musicplay.tmpl <-- cybertown /services/http/80/cgi-bin/cybertown/templates/iwos musicplay.tmpl
2002.09.25 10:11 B d:\CT\cgi-bin\cybertown\templates\iwos\objectlist.cfg <-- cybertown /services/http/80/cgi-bin/cybertown/templates/iwos objectlist.cfg
2002.09.25 10:11 B d:\CT\cgi-bin\cybertown\templates\iwos\objectlist.tmpl <-- cybertown /services/http/80/cgi-bin/cybertown/templates/iwos objectlist.tmpl
2002.09.25 10:11 B d:\CT\cgi-bin\cybertown\templates\iwos\photo_cover.cfg <-- cybertown /services/http/80/cgi-bin/cybertown/templates/iwos photo_cover.cfg
2002.09.25 10:11 B d:\CT\cgi-bin\cybertown\templates\iwos\photo_cover.tmpl <-- cybertown /services/http/80/cgi-bin/cybertown/templates/iwos photo_cover.tmpl
2002.09.25 10:11 B d:\CT\cgi-bin\cybertown\templates\iwos\photo_edit.cfg <-- cybertown /services/http/80/cgi-bin/cybertown/templates/iwos photo_edit.cfg
2002.09.25 10:11 B d:\CT\cgi-bin\cybertown\templates\iwos\photo_edit.tmpl <-- cybertown /services/http/80/cgi-bin/cybertown/templates/iwos photo_edit.tmpl
2002.09.25 10:11 B d:\CT\cgi-bin\cybertown\templates\iwos\photo_editcover.cfg <-- cybertown /services/http/80/cgi-bin/cybertown/templates/iwos photo_editcover.cfg
2002.09.25 10:11 B d:\CT\cgi-bin\cybertown\templates\iwos\photo_editcover.tmpl <-- cybertown /services/http/80/cgi-bin/cybertown/templates/iwos photo_editcover.tmpl
2002.09.25 10:11 B d:\CT\cgi-bin\cybertown\templates\iwos\photo_page.cfg <-- cybertown /services/http/80/cgi-bin/cybertown/templates/iwos photo_page.cfg
2002.09.25 10:11 B d:\CT\cgi-bin\cybertown\templates\iwos\photo_page.tmpl <-- cybertown /services/http/80/cgi-bin/cybertown/templates/iwos photo_page.tmpl
2002.09.25 10:11 B d:\CT\cgi-bin\cybertown\templates\iwos\pict_upload.cfg <-- cybertown /services/http/80/cgi-bin/cybertown/templates/iwos pict_upload.cfg
2002.09.25 10:11 B d:\CT\cgi-bin\cybertown\templates\iwos\proplist.cfg <-- cybertown /services/http/80/cgi-bin/cybertown/templates/iwos proplist.cfg
2002.09.25 10:11 B d:\CT\cgi-bin\cybertown\templates\iwos\proplist.tmpl <-- cybertown /services/http/80/cgi-bin/cybertown/templates/iwos proplist.tmpl
2002.09.25 10:11 B d:\CT\cgi-bin\cybertown\templates\iwos\proplist.tmpl.swp <-- cybertown /services/http/80/cgi-bin/cybertown/templates/iwos proplist.tmpl.swp
2002.09.25 10:11 B d:\CT\cgi-bin\cybertown\templates\iwos\ranking.cfg <-- cybertown /services/http/80/cgi-bin/cybertown/templates/iwos ranking.cfg
2002.09.25 10:11 B d:\CT\cgi-bin\cybertown\templates\iwos\ranking.tmpl <-- cybertown /services/http/80/cgi-bin/cybertown/templates/iwos ranking.tmpl
2002.09.25 10:11 B d:\CT\cgi-bin\cybertown\templates\iwos\ratelist.cfg <-- cybertown /services/http/80/cgi-bin/cybertown/templates/iwos ratelist.cfg
2002.09.25 10:11 B d:\CT\cgi-bin\cybertown\templates\iwos\ratelist.tmpl <-- cybertown /services/http/80/cgi-bin/cybertown/templates/iwos ratelist.tmpl
2002.09.25 10:11 B d:\CT\cgi-bin\cybertown\templates\iwos\ratelist_cfg.bak <-- cybertown /services/http/80/cgi-bin/cybertown/templates/iwos ratelist_cfg.bak
2002.09.25 10:11 B d:\CT\cgi-bin\cybertown\templates\iwos\ratelist_tmpl.bak <-- cybertown /services/http/80/cgi-bin/cybertown/templates/iwos ratelist_tmpl.bak
2002.09.25 10:12 B d:\CT\cgi-bin\cybertown\templates\iwos\ratelistnew.cfg <-- cybertown /services/http/80/cgi-bin/cybertown/templates/iwos ratelistnew.cfg
2002.09.25 10:12 B d:\CT\cgi-bin\cybertown\templates\iwos\ratelistnew.tmpl <-- cybertown /services/http/80/cgi-bin/cybertown/templates/iwos ratelistnew.tmpl
2002.09.25 10:12 B d:\CT\cgi-bin\cybertown\templates\iwos\showpict.cfg <-- cybertown /services/http/80/cgi-bin/cybertown/templates/iwos showpict.cfg
2002.09.25 10:12 B d:\CT\cgi-bin\cybertown\templates\iwos\showpict.tmpl <-- cybertown /services/http/80/cgi-bin/cybertown/templates/iwos showpict.tmpl
2002.09.25 10:12 B d:\CT\cgi-bin\cybertown\templates\iwos\topic_cover.cfg <-- cybertown /services/http/80/cgi-bin/cybertown/templates/iwos topic_cover.cfg
2002.09.25 10:12 B d:\CT\cgi-bin\cybertown\templates\iwos\topic_cover.tmpl <-- cybertown /services/http/80/cgi-bin/cybertown/templates/iwos topic_cover.tmpl
2002.09.25 10:12 B d:\CT\cgi-bin\cybertown\templates\iwos\topic_edit.cfg <-- cybertown /services/http/80/cgi-bin/cybertown/templates/iwos topic_edit.cfg
2002.09.25 10:12 B d:\CT\cgi-bin\cybertown\templates\iwos\topic_edit.tmpl <-- cybertown /services/http/80/cgi-bin/cybertown/templates/iwos topic_edit.tmpl
2002.09.25 10:12 B d:\CT\cgi-bin\cybertown\templates\iwos\topic_editcover.cfg <-- cybertown /services/http/80/cgi-bin/cybertown/templates/iwos topic_editcover.cfg
2002.09.25 10:12 B d:\CT\cgi-bin\cybertown\templates\iwos\topic_editcover.tmpl <-- cybertown /services/http/80/cgi-bin/cybertown/templates/iwos topic_editcover.tmpl
2002.09.25 10:12 B d:\CT\cgi-bin\cybertown\templates\iwos\topic_page.cfg <-- cybertown /services/http/80/cgi-bin/cybertown/templates/iwos topic_page.cfg
2002.09.25 10:12 B d:\CT\cgi-bin\cybertown\templates\iwos\topic_page.tmpl <-- cybertown /services/http/80/cgi-bin/cybertown/templates/iwos topic_page.tmpl
2002.09.25 10:12 B d:\CT\cgi-bin\cybertown\templates\iwos\visitcounter.cfg <-- cybertown /services/http/80/cgi-bin/cybertown/templates/iwos visitcounter.cfg
2002.09.25 10:12 B d:\CT\cgi-bin\cybertown\templates\iwos\visitcounter.tmpl <-- cybertown /services/http/80/cgi-bin/cybertown/templates/iwos visitcounter.tmpl
2002.09.25 10:12 B d:\CT\cgi-bin\cybertown\templates\iwos\visitcounter_edit.cfg <-- cybertown /services/http/80/cgi-bin/cybertown/templates/iwos visitcounter_edit.cfg
2002.09.25 10:12 B d:\CT\cgi-bin\cybertown\templates\iwos\visitcounter_edit.tmpl <-- cybertown /services/http/80/cgi-bin/cybertown/templates/iwos visitcounter_edit.tmpl
2002.09.25 19:11 B c:\WINDOWS\Desktop\sec\Ct\cgi-bin\cybertown\templates\iwos\WS_FTP.LOG --> ftp.cybertown.com /services/http/80/cgi-bin/cybertown/templates/iwos WS_FTP.LOG
2002.09.25 19:26 B c:\WINDOWS\Desktop\sec\Ct\cgi-bin\cybertown\templates\iwos\3d.tmpl --> ftp.cybertown.com /services/http/80/cgi-bin/cybertown/templates/iwos 3d.tmpl
2002.09.25 19:26 B c:\WINDOWS\Desktop\sec\Ct\cgi-bin\cybertown\templates\iwos\beamlist.cfg --> ftp.cybertown.com /services/http/80/cgi-bin/cybertown/templates/iwos beamlist.cfg
2002.09.25 19:26 B c:\WINDOWS\Desktop\sec\Ct\cgi-bin\cybertown\templates\iwos\beamlist.tmpl --> ftp.cybertown.com /services/http/80/cgi-bin/cybertown/templates/iwos beamlist.tmpl
2002.09.25 19:26 B c:\WINDOWS\Desktop\sec\Ct\cgi-bin\cybertown\templates\iwos\beamvisit.tmpl --> ftp.cybertown.com /services/http/80/cgi-bin/cybertown/templates/iwos beamvisit.tmpl
2002.09.25 19:26 B c:\WINDOWS\Desktop\sec\Ct\cgi-bin\cybertown\templates\iwos\buyhouse.cfg --> ftp.cybertown.com /services/http/80/cgi-bin/cybertown/templates/iwos buyhouse.cfg
2002.09.25 19:26 B c:\WINDOWS\Desktop\sec\Ct\cgi-bin\cybertown\templates\iwos\buyhouse.tmpl --> ftp.cybertown.com /services/http/80/cgi-bin/cybertown/templates/iwos buyhouse.tmpl
2002.09.25 19:26 B c:\WINDOWS\Desktop\sec\Ct\cgi-bin\cybertown\templates\iwos\findhome.cfg --> ftp.cybertown.com /services/http/80/cgi-bin/cybertown/templates/iwos findhome.cfg
2002.09.25 19:26 B c:\WINDOWS\Desktop\sec\Ct\cgi-bin\cybertown\templates\iwos\findhome.tmpl --> ftp.cybertown.com /services/http/80/cgi-bin/cybertown/templates/iwos findhome.tmpl
2002.09.25 19:26 B c:\WINDOWS\Desktop\sec\Ct\cgi-bin\cybertown\templates\iwos\guest_cover.cfg --> ftp.cybertown.com /services/http/80/cgi-bin/cybertown/templates/iwos guest_cover.cfg
2002.09.25 19:26 B c:\WINDOWS\Desktop\sec\Ct\cgi-bin\cybertown\templates\iwos\guest_cover.tmpl --> ftp.cybertown.com /services/http/80/cgi-bin/cybertown/templates/iwos guest_cover.tmpl
2002.09.25 19:26 B c:\WINDOWS\Desktop\sec\Ct\cgi-bin\cybertown\templates\iwos\guest_edit.cfg --> ftp.cybertown.com /services/http/80/cgi-bin/cybertown/templates/iwos guest_edit.cfg
2002.09.25 19:26 B c:\WINDOWS\Desktop\sec\Ct\cgi-bin\cybertown\templates\iwos\guest_edit.tmpl --> ftp.cybertown.com /services/http/80/cgi-bin/cybertown/templates/iwos guest_edit.tmpl
2002.09.25 19:26 B c:\WINDOWS\Desktop\sec\Ct\cgi-bin\cybertown\templates\iwos\guest_editcover.cfg --> ftp.cybertown.com /services/http/80/cgi-bin/cybertown/templates/iwos guest_editcover.cfg
2002.09.25 19:26 B c:\WINDOWS\Desktop\sec\Ct\cgi-bin\cybertown\templates\iwos\guest_editcover.tmpl --> ftp.cybertown.com /services/http/80/cgi-bin/cybertown/templates/iwos guest_editcover.tmpl
2002.09.25 19:26 B c:\WINDOWS\Desktop\sec\Ct\cgi-bin\cybertown\templates\iwos\guest_page.cfg --> ftp.cybertown.com /services/http/80/cgi-bin/cybertown/templates/iwos guest_page.cfg
2002.09.25 19:26 B c:\WINDOWS\Desktop\sec\Ct\cgi-bin\cybertown\templates\iwos\guest_page.tmpl --> ftp.cybertown.com /services/http/80/cgi-bin/cybertown/templates/iwos guest_page.tmpl
2002.09.25 19:26 B c:\WINDOWS\Desktop\sec\Ct\cgi-bin\cybertown\templates\iwos\homebought.cfg --> ftp.cybertown.com /services/http/80/cgi-bin/cybertown/templates/iwos homebought.cfg
2002.09.25 19:26 B c:\WINDOWS\Desktop\sec\Ct\cgi-bin\cybertown\templates\iwos\homebought.tmpl --> ftp.cybertown.com /services/http/80/cgi-bin/cybertown/templates/iwos homebought.tmpl
2002.09.25 19:26 B c:\WINDOWS\Desktop\sec\Ct\cgi-bin\cybertown\templates\iwos\musicbox.cfg --> ftp.cybertown.com /services/http/80/cgi-bin/cybertown/templates/iwos musicbox.cfg
2002.09.25 19:26 B c:\WINDOWS\Desktop\sec\Ct\cgi-bin\cybertown\templates\iwos\musicbox.tmpl --> ftp.cybertown.com /services/http/80/cgi-bin/cybertown/templates/iwos musicbox.tmpl
2002.09.25 19:26 B c:\WINDOWS\Desktop\sec\Ct\cgi-bin\cybertown\templates\iwos\musicplay.tmpl --> ftp.cybertown.com /services/http/80/cgi-bin/cybertown/templates/iwos musicplay.tmpl
2002.09.25 19:26 B c:\WINDOWS\Desktop\sec\Ct\cgi-bin\cybertown\templates\iwos\objectlist.cfg --> ftp.cybertown.com /services/http/80/cgi-bin/cybertown/templates/iwos objectlist.cfg
2002.09.25 19:26 B c:\WINDOWS\Desktop\sec\Ct\cgi-bin\cybertown\templates\iwos\objectlist.tmpl --> ftp.cybertown.com /services/http/80/cgi-bin/cybertown/templates/iwos objectlist.tmpl
2002.09.25 19:26 B c:\WINDOWS\Desktop\sec\Ct\cgi-bin\cybertown\templates\iwos\photo_cover.cfg --> ftp.cybertown.com /services/http/80/cgi-bin/cybertown/templates/iwos photo_cover.cfg
2002.09.25 19:26 B c:\WINDOWS\Desktop\sec\Ct\cgi-bin\cybertown\templates\iwos\photo_cover.tmpl --> ftp.cybertown.com /services/http/80/cgi-bin/cybertown/templates/iwos photo_cover.tmpl
2002.09.25 19:26 B c:\WINDOWS\Desktop\sec\Ct\cgi-bin\cybertown\templates\iwos\photo_edit.cfg --> ftp.cybertown.com /services/http/80/cgi-bin/cybertown/templates/iwos photo_edit.cfg
2002.09.25 19:26 B c:\WINDOWS\Desktop\sec\Ct\cgi-bin\cybertown\templates\iwos\photo_edit.tmpl --> ftp.cybertown.com /services/http/80/cgi-bin/cybertown/templates/iwos photo_edit.tmpl
2002.09.25 19:26 B c:\WINDOWS\Desktop\sec\Ct\cgi-bin\cybertown\templates\iwos\photo_editcover.cfg --> ftp.cybertown.com /services/http/80/cgi-bin/cybertown/templates/iwos photo_editcover.cfg
2002.09.25 19:26 B c:\WINDOWS\Desktop\sec\Ct\cgi-bin\cybertown\templates\iwos\photo_editcover.tmpl --> ftp.cybertown.com /services/http/80/cgi-bin/cybertown/templates/iwos photo_editcover.tmpl
2002.09.25 19:26 B c:\WINDOWS\Desktop\sec\Ct\cgi-bin\cybertown\templates\iwos\photo_page.cfg --> ftp.cybertown.com /services/http/80/cgi-bin/cybertown/templates/iwos photo_page.cfg
2002.09.25 19:26 B c:\WINDOWS\Desktop\sec\Ct\cgi-bin\cybertown\templates\iwos\photo_page.tmpl --> ftp.cybertown.com /services/http/80/cgi-bin/cybertown/templates/iwos photo_page.tmpl
2002.09.25 19:26 B c:\WINDOWS\Desktop\sec\Ct\cgi-bin\cybertown\templates\iwos\pict_upload.cfg --> ftp.cybertown.com /services/http/80/cgi-bin/cybertown/templates/iwos pict_upload.cfg
2002.09.25 19:26 B c:\WINDOWS\Desktop\sec\Ct\cgi-bin\cybertown\templates\iwos\proplist.cfg --> ftp.cybertown.com /services/http/80/cgi-bin/cybertown/templates/iwos proplist.cfg
2002.09.25 19:26 B c:\WINDOWS\Desktop\sec\Ct\cgi-bin\cybertown\templates\iwos\proplist.tmpl --> ftp.cybertown.com /services/http/80/cgi-bin/cybertown/templates/iwos proplist.tmpl
2002.09.25 19:26 B c:\WINDOWS\Desktop\sec\Ct\cgi-bin\cybertown\templates\iwos\proplist.tmpl.swp --> ftp.cybertown.com /services/http/80/cgi-bin/cybertown/templates/iwos proplist.tmpl.swp
2002.09.25 19:26 B c:\WINDOWS\Desktop\sec\Ct\cgi-bin\cybertown\templates\iwos\ranking.cfg --> ftp.cybertown.com /services/http/80/cgi-bin/cybertown/templates/iwos ranking.cfg
2002.09.25 19:26 B c:\WINDOWS\Desktop\sec\Ct\cgi-bin\cybertown\templates\iwos\ranking.tmpl --> ftp.cybertown.com /services/http/80/cgi-bin/cybertown/templates/iwos ranking.tmpl
2002.09.25 19:26 B c:\WINDOWS\Desktop\sec\Ct\cgi-bin\cybertown\templates\iwos\ratelist.cfg --> ftp.cybertown.com /services/http/80/cgi-bin/cybertown/templates/iwos ratelist.cfg
2002.09.25 19:26 B c:\WINDOWS\Desktop\sec\Ct\cgi-bin\cybertown\templates\iwos\ratelist.tmpl --> ftp.cybertown.com /services/http/80/cgi-bin/cybertown/templates/iwos ratelist.tmpl
2002.09.25 19:26 B c:\WINDOWS\Desktop\sec\Ct\cgi-bin\cybertown\templates\iwos\ratelist_cfg.bak --> ftp.cybertown.com /services/http/80/cgi-bin/cybertown/templates/iwos ratelist_cfg.bak
2002.09.25 19:26 B c:\WINDOWS\Desktop\sec\Ct\cgi-bin\cybertown\templates\iwos\ratelist_tmpl.bak --> ftp.cybertown.com /services/http/80/cgi-bin/cybertown/templates/iwos ratelist_tmpl.bak
2002.09.25 19:26 B c:\WINDOWS\Desktop\sec\Ct\cgi-bin\cybertown\templates\iwos\ratelistnew.cfg --> ftp.cybertown.com /services/http/80/cgi-bin/cybertown/templates/iwos ratelistnew.cfg
2002.09.25 19:26 B c:\WINDOWS\Desktop\sec\Ct\cgi-bin\cybertown\templates\iwos\ratelistnew.tmpl --> ftp.cybertown.com /services/http/80/cgi-bin/cybertown/templates/iwos ratelistnew.tmpl
2002.09.25 19:26 B c:\WINDOWS\Desktop\sec\Ct\cgi-bin\cybertown\templates\iwos\showpict.cfg --> ftp.cybertown.com /services/http/80/cgi-bin/cybertown/templates/iwos showpict.cfg
2002.09.25 19:26 B c:\WINDOWS\Desktop\sec\Ct\cgi-bin\cybertown\templates\iwos\showpict.tmpl --> ftp.cybertown.com /services/http/80/cgi-bin/cybertown/templates/iwos showpict.tmpl
2002.09.25 19:26 B c:\WINDOWS\Desktop\sec\Ct\cgi-bin\cybertown\templates\iwos\topic_cover.cfg --> ftp.cybertown.com /services/http/80/cgi-bin/cybertown/templates/iwos topic_cover.cfg
2002.09.25 19:26 B c:\WINDOWS\Desktop\sec\Ct\cgi-bin\cybertown\templates\iwos\topic_cover.tmpl --> ftp.cybertown.com /services/http/80/cgi-bin/cybertown/templates/iwos topic_cover.tmpl
2002.09.25 19:26 B c:\WINDOWS\Desktop\sec\Ct\cgi-bin\cybertown\templates\iwos\topic_edit.cfg --> ftp.cybertown.com /services/http/80/cgi-bin/cybertown/templates/iwos topic_edit.cfg
2002.09.25 19:26 B c:\WINDOWS\Desktop\sec\Ct\cgi-bin\cybertown\templates\iwos\topic_edit.tmpl --> ftp.cybertown.com /services/http/80/cgi-bin/cybertown/templates/iwos topic_edit.tmpl
2002.09.25 19:26 B c:\WINDOWS\Desktop\sec\Ct\cgi-bin\cybertown\templates\iwos\topic_editcover.cfg --> ftp.cybertown.com /services/http/80/cgi-bin/cybertown/templates/iwos topic_editcover.cfg
2002.09.25 19:26 B c:\WINDOWS\Desktop\sec\Ct\cgi-bin\cybertown\templates\iwos\topic_editcover.tmpl --> ftp.cybertown.com /services/http/80/cgi-bin/cybertown/templates/iwos topic_editcover.tmpl
2002.09.25 19:26 B c:\WINDOWS\Desktop\sec\Ct\cgi-bin\cybertown\templates\iwos\topic_page.cfg --> ftp.cybertown.com /services/http/80/cgi-bin/cybertown/templates/iwos topic_page.cfg
2002.09.25 19:26 B c:\WINDOWS\Desktop\sec\Ct\cgi-bin\cybertown\templates\iwos\topic_page.tmpl --> ftp.cybertown.com /services/http/80/cgi-bin/cybertown/templates/iwos topic_page.tmpl
2002.09.25 19:26 B c:\WINDOWS\Desktop\sec\Ct\cgi-bin\cybertown\templates\iwos\visitcounter.cfg --> ftp.cybertown.com /services/http/80/cgi-bin/cybertown/templates/iwos visitcounter.cfg
2002.09.25 19:26 B c:\WINDOWS\Desktop\sec\Ct\cgi-bin\cybertown\templates\iwos\visitcounter.tmpl --> ftp.cybertown.com /services/http/80/cgi-bin/cybertown/templates/iwos visitcounter.tmpl
2002.09.25 19:26 B c:\WINDOWS\Desktop\sec\Ct\cgi-bin\cybertown\templates\iwos\visitcounter_edit.cfg --> ftp.cybertown.com /services/http/80/cgi-bin/cybertown/templates/iwos visitcounter_edit.cfg
2002.09.25 19:26 B c:\WINDOWS\Desktop\sec\Ct\cgi-bin\cybertown\templates\iwos\visitcounter_edit.tmpl --> ftp.cybertown.com /services/http/80/cgi-bin/cybertown/templates/iwos visitcounter_edit.tmpl
