2002.09.25 10:07 B d:\CT\cgi-bin\cybertown\templates\cityhall\auditorium\_menu.tmpl <-- cybertown /services/http/80/cgi-bin/cybertown/templates/cityhall/auditorium _menu.tmpl
2002.09.25 10:07 B d:\CT\cgi-bin\cybertown\templates\cityhall\auditorium\action.cfg <-- cybertown /services/http/80/cgi-bin/cybertown/templates/cityhall/auditorium action.cfg
2002.09.25 10:07 B d:\CT\cgi-bin\cybertown\templates\cityhall\auditorium\action.tmpl <-- cybertown /services/http/80/cgi-bin/cybertown/templates/cityhall/auditorium action.tmpl
2002.09.25 10:07 B d:\CT\cgi-bin\cybertown\templates\cityhall\auditorium\chatscene.cfg <-- cybertown /services/http/80/cgi-bin/cybertown/templates/cityhall/auditorium chatscene.cfg
2002.09.25 10:07 B d:\CT\cgi-bin\cybertown\templates\cityhall\auditorium\chatscene.tmpl <-- cybertown /services/http/80/cgi-bin/cybertown/templates/cityhall/auditorium chatscene.tmpl
2002.09.25 10:07 B d:\CT\cgi-bin\cybertown\templates\cityhall\auditorium\contact3d.tmpl <-- cybertown /services/http/80/cgi-bin/cybertown/templates/cityhall/auditorium contact3d.tmpl
2002.09.25 10:07 B d:\CT\cgi-bin\cybertown\templates\cityhall\auditorium\display.tmpl <-- cybertown /services/http/80/cgi-bin/cybertown/templates/cityhall/auditorium display.tmpl
2002.09.25 10:07 B d:\CT\cgi-bin\cybertown\templates\cityhall\auditorium\enter.tmpl <-- cybertown /services/http/80/cgi-bin/cybertown/templates/cityhall/auditorium enter.tmpl
2002.09.25 10:07 B d:\CT\cgi-bin\cybertown\templates\cityhall\auditorium\enter3D.cfg <-- cybertown /services/http/80/cgi-bin/cybertown/templates/cityhall/auditorium enter3D.cfg
2002.09.25 10:07 B d:\CT\cgi-bin\cybertown\templates\cityhall\auditorium\enter3D.tmpl <-- cybertown /services/http/80/cgi-bin/cybertown/templates/cityhall/auditorium enter3D.tmpl
2002.09.25 10:07 B d:\CT\cgi-bin\cybertown\templates\cityhall\auditorium\index.tmpl <-- cybertown /services/http/80/cgi-bin/cybertown/templates/cityhall/auditorium index.tmpl
2002.09.25 10:07 B d:\CT\cgi-bin\cybertown\templates\cityhall\auditorium\index2d.tmpl <-- cybertown /services/http/80/cgi-bin/cybertown/templates/cityhall/auditorium index2d.tmpl
2002.09.25 10:07 B d:\CT\cgi-bin\cybertown\templates\cityhall\auditorium\index3d.tmpl <-- cybertown /services/http/80/cgi-bin/cybertown/templates/cityhall/auditorium index3d.tmpl
2002.09.25 10:07 B d:\CT\cgi-bin\cybertown\templates\cityhall\auditorium\javachat.tmpl <-- cybertown /services/http/80/cgi-bin/cybertown/templates/cityhall/auditorium javachat.tmpl
2002.09.25 10:07 B d:\CT\cgi-bin\cybertown\templates\cityhall\auditorium\javachatparams.tmpl <-- cybertown /services/http/80/cgi-bin/cybertown/templates/cityhall/auditorium javachatparams.tmpl
2002.09.25 10:07 B d:\CT\cgi-bin\cybertown\templates\cityhall\auditorium\place.tmpl <-- cybertown /services/http/80/cgi-bin/cybertown/templates/cityhall/auditorium place.tmpl
2002.09.25 10:07 B d:\CT\cgi-bin\cybertown\templates\cityhall\auditorium\place_disabled.cfg <-- cybertown /services/http/80/cgi-bin/cybertown/templates/cityhall/auditorium place_disabled.cfg
2002.09.25 10:07 B d:\CT\cgi-bin\cybertown\templates\cityhall\auditorium\world.tmpl <-- cybertown /services/http/80/cgi-bin/cybertown/templates/cityhall/auditorium world.tmpl
2002.09.25 19:10 B c:\WINDOWS\Desktop\sec\Ct\cgi-bin\cybertown\templates\cityhall\auditorium\WS_FTP.LOG --> ftp.cybertown.com /services/http/80/cgi-bin/cybertown/templates/cityhall/auditorium WS_FTP.LOG
2002.09.25 19:21 B c:\WINDOWS\Desktop\sec\Ct\cgi-bin\cybertown\templates\cityhall\auditorium\_menu.tmpl --> ftp.cybertown.com /services/http/80/cgi-bin/cybertown/templates/cityhall/auditorium _menu.tmpl
2002.09.25 19:21 B c:\WINDOWS\Desktop\sec\Ct\cgi-bin\cybertown\templates\cityhall\auditorium\action.cfg --> ftp.cybertown.com /services/http/80/cgi-bin/cybertown/templates/cityhall/auditorium action.cfg
2002.09.25 19:21 B c:\WINDOWS\Desktop\sec\Ct\cgi-bin\cybertown\templates\cityhall\auditorium\action.tmpl --> ftp.cybertown.com /services/http/80/cgi-bin/cybertown/templates/cityhall/auditorium action.tmpl
2002.09.25 19:21 B c:\WINDOWS\Desktop\sec\Ct\cgi-bin\cybertown\templates\cityhall\auditorium\chatscene.cfg --> ftp.cybertown.com /services/http/80/cgi-bin/cybertown/templates/cityhall/auditorium chatscene.cfg
2002.09.25 19:21 B c:\WINDOWS\Desktop\sec\Ct\cgi-bin\cybertown\templates\cityhall\auditorium\chatscene.tmpl --> ftp.cybertown.com /services/http/80/cgi-bin/cybertown/templates/cityhall/auditorium chatscene.tmpl
2002.09.25 19:21 B c:\WINDOWS\Desktop\sec\Ct\cgi-bin\cybertown\templates\cityhall\auditorium\contact3d.tmpl --> ftp.cybertown.com /services/http/80/cgi-bin/cybertown/templates/cityhall/auditorium contact3d.tmpl
2002.09.25 19:21 B c:\WINDOWS\Desktop\sec\Ct\cgi-bin\cybertown\templates\cityhall\auditorium\display.tmpl --> ftp.cybertown.com /services/http/80/cgi-bin/cybertown/templates/cityhall/auditorium display.tmpl
2002.09.25 19:21 B c:\WINDOWS\Desktop\sec\Ct\cgi-bin\cybertown\templates\cityhall\auditorium\enter.tmpl --> ftp.cybertown.com /services/http/80/cgi-bin/cybertown/templates/cityhall/auditorium enter.tmpl
2002.09.25 19:21 B c:\WINDOWS\Desktop\sec\Ct\cgi-bin\cybertown\templates\cityhall\auditorium\enter3D.cfg --> ftp.cybertown.com /services/http/80/cgi-bin/cybertown/templates/cityhall/auditorium enter3D.cfg
2002.09.25 19:21 B c:\WINDOWS\Desktop\sec\Ct\cgi-bin\cybertown\templates\cityhall\auditorium\enter3D.tmpl --> ftp.cybertown.com /services/http/80/cgi-bin/cybertown/templates/cityhall/auditorium enter3D.tmpl
2002.09.25 19:21 B c:\WINDOWS\Desktop\sec\Ct\cgi-bin\cybertown\templates\cityhall\auditorium\index.tmpl --> ftp.cybertown.com /services/http/80/cgi-bin/cybertown/templates/cityhall/auditorium index.tmpl
2002.09.25 19:21 B c:\WINDOWS\Desktop\sec\Ct\cgi-bin\cybertown\templates\cityhall\auditorium\index2d.tmpl --> ftp.cybertown.com /services/http/80/cgi-bin/cybertown/templates/cityhall/auditorium index2d.tmpl
2002.09.25 19:21 B c:\WINDOWS\Desktop\sec\Ct\cgi-bin\cybertown\templates\cityhall\auditorium\index3d.tmpl --> ftp.cybertown.com /services/http/80/cgi-bin/cybertown/templates/cityhall/auditorium index3d.tmpl
2002.09.25 19:21 B c:\WINDOWS\Desktop\sec\Ct\cgi-bin\cybertown\templates\cityhall\auditorium\javachat.tmpl --> ftp.cybertown.com /services/http/80/cgi-bin/cybertown/templates/cityhall/auditorium javachat.tmpl
2002.09.25 19:21 B c:\WINDOWS\Desktop\sec\Ct\cgi-bin\cybertown\templates\cityhall\auditorium\javachatparams.tmpl --> ftp.cybertown.com /services/http/80/cgi-bin/cybertown/templates/cityhall/auditorium javachatparams.tmpl
2002.09.25 19:21 B c:\WINDOWS\Desktop\sec\Ct\cgi-bin\cybertown\templates\cityhall\auditorium\place.tmpl --> ftp.cybertown.com /services/http/80/cgi-bin/cybertown/templates/cityhall/auditorium place.tmpl
2002.09.25 19:21 B c:\WINDOWS\Desktop\sec\Ct\cgi-bin\cybertown\templates\cityhall\auditorium\place_disabled.cfg --> ftp.cybertown.com /services/http/80/cgi-bin/cybertown/templates/cityhall/auditorium place_disabled.cfg
2002.09.25 19:21 B c:\WINDOWS\Desktop\sec\Ct\cgi-bin\cybertown\templates\cityhall\auditorium\world.tmpl --> ftp.cybertown.com /services/http/80/cgi-bin/cybertown/templates/cityhall/auditorium world.tmpl
