2002.09.25 10:10 B d:\CT\cgi-bin\cybertown\templates\event\poet_avs\enter3DBroc.tmpl <-- cybertown /services/http/80/cgi-bin/cybertown/templates/event/poet_avs enter3DBroc.tmpl
2002.09.25 10:10 B d:\CT\cgi-bin\cybertown\templates\event\poet_avs\enter3DBruce.tmpl <-- cybertown /services/http/80/cgi-bin/cybertown/templates/event/poet_avs enter3DBruce.tmpl
2002.09.25 10:10 B d:\CT\cgi-bin\cybertown\templates\event\poet_avs\enter3DFreya.tmpl <-- cybertown /services/http/80/cgi-bin/cybertown/templates/event/poet_avs enter3DFreya.tmpl
2002.09.25 10:10 B d:\CT\cgi-bin\cybertown\templates\event\poet_avs\enter3DGoldie.tmpl <-- cybertown /services/http/80/cgi-bin/cybertown/templates/event/poet_avs enter3DGoldie.tmpl
2002.09.25 10:10 B d:\CT\cgi-bin\cybertown\templates\event\poet_avs\enter3DHermes.tmpl <-- cybertown /services/http/80/cgi-bin/cybertown/templates/event/poet_avs enter3DHermes.tmpl
2002.09.25 10:10 B d:\CT\cgi-bin\cybertown\templates\event\poet_avs\enter3Dhowie.tmpl <-- cybertown /services/http/80/cgi-bin/cybertown/templates/event/poet_avs enter3Dhowie.tmpl
2002.09.25 10:10 B d:\CT\cgi-bin\cybertown\templates\event\poet_avs\enter3Djaqui.tmpl <-- cybertown /services/http/80/cgi-bin/cybertown/templates/event/poet_avs enter3Djaqui.tmpl
2002.09.25 10:10 B d:\CT\cgi-bin\cybertown\templates\event\poet_avs\enter3Dkika.tmpl <-- cybertown /services/http/80/cgi-bin/cybertown/templates/event/poet_avs enter3Dkika.tmpl
2002.09.25 10:10 B d:\CT\cgi-bin\cybertown\templates\event\poet_avs\enter3DSensei.tmpl <-- cybertown /services/http/80/cgi-bin/cybertown/templates/event/poet_avs enter3DSensei.tmpl
2002.09.25 10:10 B d:\CT\cgi-bin\cybertown\templates\event\poet_avs\enter3Dslim.tmpl <-- cybertown /services/http/80/cgi-bin/cybertown/templates/event/poet_avs enter3Dslim.tmpl
2002.09.25 10:10 B d:\CT\cgi-bin\cybertown\templates\event\poet_avs\enter3Dsoulman.tmpl <-- cybertown /services/http/80/cgi-bin/cybertown/templates/event/poet_avs enter3Dsoulman.tmpl
2002.09.25 10:10 B d:\CT\cgi-bin\cybertown\templates\event\poet_avs\enter3Dzed.tmpl <-- cybertown /services/http/80/cgi-bin/cybertown/templates/event/poet_avs enter3Dzed.tmpl
2002.09.25 19:11 B c:\WINDOWS\Desktop\sec\Ct\cgi-bin\cybertown\templates\event\poet_avs\WS_FTP.LOG --> ftp.cybertown.com /services/http/80/cgi-bin/cybertown/templates/event/poet_avs WS_FTP.LOG
2002.09.25 19:25 B c:\WINDOWS\Desktop\sec\Ct\cgi-bin\cybertown\templates\event\poet_avs\enter3DBroc.tmpl --> ftp.cybertown.com /services/http/80/cgi-bin/cybertown/templates/event/poet_avs enter3DBroc.tmpl
2002.09.25 19:25 B c:\WINDOWS\Desktop\sec\Ct\cgi-bin\cybertown\templates\event\poet_avs\enter3DBruce.tmpl --> ftp.cybertown.com /services/http/80/cgi-bin/cybertown/templates/event/poet_avs enter3DBruce.tmpl
2002.09.25 19:25 B c:\WINDOWS\Desktop\sec\Ct\cgi-bin\cybertown\templates\event\poet_avs\enter3DFreya.tmpl --> ftp.cybertown.com /services/http/80/cgi-bin/cybertown/templates/event/poet_avs enter3DFreya.tmpl
2002.09.25 19:25 B c:\WINDOWS\Desktop\sec\Ct\cgi-bin\cybertown\templates\event\poet_avs\enter3DGoldie.tmpl --> ftp.cybertown.com /services/http/80/cgi-bin/cybertown/templates/event/poet_avs enter3DGoldie.tmpl
2002.09.25 19:25 B c:\WINDOWS\Desktop\sec\Ct\cgi-bin\cybertown\templates\event\poet_avs\enter3DHermes.tmpl --> ftp.cybertown.com /services/http/80/cgi-bin/cybertown/templates/event/poet_avs enter3DHermes.tmpl
2002.09.25 19:25 B c:\WINDOWS\Desktop\sec\Ct\cgi-bin\cybertown\templates\event\poet_avs\enter3Dhowie.tmpl --> ftp.cybertown.com /services/http/80/cgi-bin/cybertown/templates/event/poet_avs enter3Dhowie.tmpl
2002.09.25 19:25 B c:\WINDOWS\Desktop\sec\Ct\cgi-bin\cybertown\templates\event\poet_avs\enter3Djaqui.tmpl --> ftp.cybertown.com /services/http/80/cgi-bin/cybertown/templates/event/poet_avs enter3Djaqui.tmpl
2002.09.25 19:25 B c:\WINDOWS\Desktop\sec\Ct\cgi-bin\cybertown\templates\event\poet_avs\enter3Dkika.tmpl --> ftp.cybertown.com /services/http/80/cgi-bin/cybertown/templates/event/poet_avs enter3Dkika.tmpl
2002.09.25 19:25 B c:\WINDOWS\Desktop\sec\Ct\cgi-bin\cybertown\templates\event\poet_avs\enter3DSensei.tmpl --> ftp.cybertown.com /services/http/80/cgi-bin/cybertown/templates/event/poet_avs enter3DSensei.tmpl
2002.09.25 19:25 B c:\WINDOWS\Desktop\sec\Ct\cgi-bin\cybertown\templates\event\poet_avs\enter3Dslim.tmpl --> ftp.cybertown.com /services/http/80/cgi-bin/cybertown/templates/event/poet_avs enter3Dslim.tmpl
2002.09.25 19:25 B c:\WINDOWS\Desktop\sec\Ct\cgi-bin\cybertown\templates\event\poet_avs\enter3Dsoulman.tmpl --> ftp.cybertown.com /services/http/80/cgi-bin/cybertown/templates/event/poet_avs enter3Dsoulman.tmpl
2002.09.25 19:25 B c:\WINDOWS\Desktop\sec\Ct\cgi-bin\cybertown\templates\event\poet_avs\enter3Dzed.tmpl --> ftp.cybertown.com /services/http/80/cgi-bin/cybertown/templates/event/poet_avs enter3Dzed.tmpl
