2002.09.25 10:16 B d:\CT\cgi-bin\cybertown\templates\neighbor\___mapinfo.tmpl <-- cybertown /services/http/80/cgi-bin/cybertown/templates/neighbor ___mapinfo.tmpl
2002.09.25 10:16 B d:\CT\cgi-bin\cybertown\templates\neighbor\___menu.tmpl <-- cybertown /services/http/80/cgi-bin/cybertown/templates/neighbor ___menu.tmpl
2002.09.25 10:16 B d:\CT\cgi-bin\cybertown\templates\neighbor\_action.tmpl <-- cybertown /services/http/80/cgi-bin/cybertown/templates/neighbor _action.tmpl
2002.09.25 10:16 B d:\CT\cgi-bin\cybertown\templates\neighbor\_index.tmpl <-- cybertown /services/http/80/cgi-bin/cybertown/templates/neighbor _index.tmpl
2002.09.25 10:16 B d:\CT\cgi-bin\cybertown\templates\neighbor\_mapinfo.tmpl <-- cybertown /services/http/80/cgi-bin/cybertown/templates/neighbor _mapinfo.tmpl
2002.09.25 10:16 B d:\CT\cgi-bin\cybertown\templates\neighbor\action-syn.tmpl <-- cybertown /services/http/80/cgi-bin/cybertown/templates/neighbor action-syn.tmpl
2002.09.25 10:16 B d:\CT\cgi-bin\cybertown\templates\neighbor\action.cfg <-- cybertown /services/http/80/cgi-bin/cybertown/templates/neighbor action.cfg
2002.09.25 10:16 B d:\CT\cgi-bin\cybertown\templates\neighbor\action.tmpl <-- cybertown /services/http/80/cgi-bin/cybertown/templates/neighbor action.tmpl
2002.09.25 10:16 B d:\CT\cgi-bin\cybertown\templates\neighbor\action2.tmpl <-- cybertown /services/http/80/cgi-bin/cybertown/templates/neighbor action2.tmpl
2002.09.25 10:16 B d:\CT\cgi-bin\cybertown\templates\neighbor\action_hi-tek.tmpl <-- cybertown /services/http/80/cgi-bin/cybertown/templates/neighbor action_hi-tek.tmpl
2002.09.25 10:16 B d:\CT\cgi-bin\cybertown\templates\neighbor\action_standard.tmpl <-- cybertown /services/http/80/cgi-bin/cybertown/templates/neighbor action_standard.tmpl
2002.09.25 10:16 B d:\CT\cgi-bin\cybertown\templates\neighbor\actionbeforehi-tek.tmpl <-- cybertown /services/http/80/cgi-bin/cybertown/templates/neighbor actionbeforehi-tek.tmpl
2002.09.25 10:16 B d:\CT\cgi-bin\cybertown\templates\neighbor\actionOLD.tmpl <-- cybertown /services/http/80/cgi-bin/cybertown/templates/neighbor actionOLD.tmpl
2002.09.25 10:16 B d:\CT\cgi-bin\cybertown\templates\neighbor\error.tmpl <-- cybertown /services/http/80/cgi-bin/cybertown/templates/neighbor error.tmpl
2002.09.25 10:16 B d:\CT\cgi-bin\cybertown\templates\neighbor\index.tmpl <-- cybertown /services/http/80/cgi-bin/cybertown/templates/neighbor index.tmpl
2002.09.25 10:16 B d:\CT\cgi-bin\cybertown\templates\neighbor\index2.tmpl <-- cybertown /services/http/80/cgi-bin/cybertown/templates/neighbor index2.tmpl
2002.09.25 10:16 B d:\CT\cgi-bin\cybertown\templates\neighbor\info.tmpl <-- cybertown /services/http/80/cgi-bin/cybertown/templates/neighbor info.tmpl
2002.09.25 10:16 B d:\CT\cgi-bin\cybertown\templates\neighbor\mapinfo.cfg <-- cybertown /services/http/80/cgi-bin/cybertown/templates/neighbor mapinfo.cfg
2002.09.25 10:16 B d:\CT\cgi-bin\cybertown\templates\neighbor\mapinfo.tmpl <-- cybertown /services/http/80/cgi-bin/cybertown/templates/neighbor mapinfo.tmpl
2002.09.25 10:16 B d:\CT\cgi-bin\cybertown\templates\neighbor\menu.cfg <-- cybertown /services/http/80/cgi-bin/cybertown/templates/neighbor menu.cfg
2002.09.25 10:16 B d:\CT\cgi-bin\cybertown\templates\neighbor\menu.tmpl <-- cybertown /services/http/80/cgi-bin/cybertown/templates/neighbor menu.tmpl
2002.09.25 10:16 B d:\CT\cgi-bin\cybertown\templates\neighbor\place.tmpl <-- cybertown /services/http/80/cgi-bin/cybertown/templates/neighbor place.tmpl
2002.09.25 10:16 B d:\CT\cgi-bin\cybertown\templates\neighbor\present.cfg <-- cybertown /services/http/80/cgi-bin/cybertown/templates/neighbor present.cfg
2002.09.25 10:16 B d:\CT\cgi-bin\cybertown\templates\neighbor\present.tmpl <-- cybertown /services/http/80/cgi-bin/cybertown/templates/neighbor present.tmpl
2002.09.25 10:16 B d:\CT\cgi-bin\cybertown\templates\neighbor\rolem.cfg <-- cybertown /services/http/80/cgi-bin/cybertown/templates/neighbor rolem.cfg
2002.09.25 10:16 B d:\CT\cgi-bin\cybertown\templates\neighbor\rolem.tmpl <-- cybertown /services/http/80/cgi-bin/cybertown/templates/neighbor rolem.tmpl
2002.09.25 19:12 B c:\WINDOWS\Desktop\sec\Ct\cgi-bin\cybertown\templates\neighbor\WS_FTP.LOG --> ftp.cybertown.com /services/http/80/cgi-bin/cybertown/templates/neighbor WS_FTP.LOG
2002.09.25 19:27 B c:\WINDOWS\Desktop\sec\Ct\cgi-bin\cybertown\templates\neighbor\___mapinfo.tmpl --> ftp.cybertown.com /services/http/80/cgi-bin/cybertown/templates/neighbor ___mapinfo.tmpl
2002.09.25 19:27 B c:\WINDOWS\Desktop\sec\Ct\cgi-bin\cybertown\templates\neighbor\___menu.tmpl --> ftp.cybertown.com /services/http/80/cgi-bin/cybertown/templates/neighbor ___menu.tmpl
2002.09.25 19:27 B c:\WINDOWS\Desktop\sec\Ct\cgi-bin\cybertown\templates\neighbor\_action.tmpl --> ftp.cybertown.com /services/http/80/cgi-bin/cybertown/templates/neighbor _action.tmpl
2002.09.25 19:27 B c:\WINDOWS\Desktop\sec\Ct\cgi-bin\cybertown\templates\neighbor\_index.tmpl --> ftp.cybertown.com /services/http/80/cgi-bin/cybertown/templates/neighbor _index.tmpl
2002.09.25 19:27 B c:\WINDOWS\Desktop\sec\Ct\cgi-bin\cybertown\templates\neighbor\_mapinfo.tmpl --> ftp.cybertown.com /services/http/80/cgi-bin/cybertown/templates/neighbor _mapinfo.tmpl
2002.09.25 19:27 B c:\WINDOWS\Desktop\sec\Ct\cgi-bin\cybertown\templates\neighbor\action-syn.tmpl --> ftp.cybertown.com /services/http/80/cgi-bin/cybertown/templates/neighbor action-syn.tmpl
2002.09.25 19:27 B c:\WINDOWS\Desktop\sec\Ct\cgi-bin\cybertown\templates\neighbor\action.cfg --> ftp.cybertown.com /services/http/80/cgi-bin/cybertown/templates/neighbor action.cfg
2002.09.25 19:27 B c:\WINDOWS\Desktop\sec\Ct\cgi-bin\cybertown\templates\neighbor\action.tmpl --> ftp.cybertown.com /services/http/80/cgi-bin/cybertown/templates/neighbor action.tmpl
2002.09.25 19:28 B c:\WINDOWS\Desktop\sec\Ct\cgi-bin\cybertown\templates\neighbor\action2.tmpl --> ftp.cybertown.com /services/http/80/cgi-bin/cybertown/templates/neighbor action2.tmpl
2002.09.25 19:28 B c:\WINDOWS\Desktop\sec\Ct\cgi-bin\cybertown\templates\neighbor\action_hi-tek.tmpl --> ftp.cybertown.com /services/http/80/cgi-bin/cybertown/templates/neighbor action_hi-tek.tmpl
2002.09.25 19:28 B c:\WINDOWS\Desktop\sec\Ct\cgi-bin\cybertown\templates\neighbor\action_standard.tmpl --> ftp.cybertown.com /services/http/80/cgi-bin/cybertown/templates/neighbor action_standard.tmpl
2002.09.25 19:28 B c:\WINDOWS\Desktop\sec\Ct\cgi-bin\cybertown\templates\neighbor\actionbeforehi-tek.tmpl --> ftp.cybertown.com /services/http/80/cgi-bin/cybertown/templates/neighbor actionbeforehi-tek.tmpl
2002.09.25 19:28 B c:\WINDOWS\Desktop\sec\Ct\cgi-bin\cybertown\templates\neighbor\actionOLD.tmpl --> ftp.cybertown.com /services/http/80/cgi-bin/cybertown/templates/neighbor actionOLD.tmpl
2002.09.25 19:28 B c:\WINDOWS\Desktop\sec\Ct\cgi-bin\cybertown\templates\neighbor\error.tmpl --> ftp.cybertown.com /services/http/80/cgi-bin/cybertown/templates/neighbor error.tmpl
2002.09.25 19:28 B c:\WINDOWS\Desktop\sec\Ct\cgi-bin\cybertown\templates\neighbor\index.tmpl --> ftp.cybertown.com /services/http/80/cgi-bin/cybertown/templates/neighbor index.tmpl
2002.09.25 19:28 B c:\WINDOWS\Desktop\sec\Ct\cgi-bin\cybertown\templates\neighbor\index2.tmpl --> ftp.cybertown.com /services/http/80/cgi-bin/cybertown/templates/neighbor index2.tmpl
2002.09.25 19:28 B c:\WINDOWS\Desktop\sec\Ct\cgi-bin\cybertown\templates\neighbor\info.tmpl --> ftp.cybertown.com /services/http/80/cgi-bin/cybertown/templates/neighbor info.tmpl
2002.09.25 19:28 B c:\WINDOWS\Desktop\sec\Ct\cgi-bin\cybertown\templates\neighbor\mapinfo.cfg --> ftp.cybertown.com /services/http/80/cgi-bin/cybertown/templates/neighbor mapinfo.cfg
2002.09.25 19:28 B c:\WINDOWS\Desktop\sec\Ct\cgi-bin\cybertown\templates\neighbor\mapinfo.tmpl --> ftp.cybertown.com /services/http/80/cgi-bin/cybertown/templates/neighbor mapinfo.tmpl
2002.09.25 19:28 B c:\WINDOWS\Desktop\sec\Ct\cgi-bin\cybertown\templates\neighbor\menu.cfg --> ftp.cybertown.com /services/http/80/cgi-bin/cybertown/templates/neighbor menu.cfg
2002.09.25 19:28 B c:\WINDOWS\Desktop\sec\Ct\cgi-bin\cybertown\templates\neighbor\menu.tmpl --> ftp.cybertown.com /services/http/80/cgi-bin/cybertown/templates/neighbor menu.tmpl
2002.09.25 19:28 B c:\WINDOWS\Desktop\sec\Ct\cgi-bin\cybertown\templates\neighbor\place.tmpl --> ftp.cybertown.com /services/http/80/cgi-bin/cybertown/templates/neighbor place.tmpl
2002.09.25 19:28 B c:\WINDOWS\Desktop\sec\Ct\cgi-bin\cybertown\templates\neighbor\present.cfg --> ftp.cybertown.com /services/http/80/cgi-bin/cybertown/templates/neighbor present.cfg
2002.09.25 19:28 B c:\WINDOWS\Desktop\sec\Ct\cgi-bin\cybertown\templates\neighbor\present.tmpl --> ftp.cybertown.com /services/http/80/cgi-bin/cybertown/templates/neighbor present.tmpl
2002.09.25 19:28 B c:\WINDOWS\Desktop\sec\Ct\cgi-bin\cybertown\templates\neighbor\rolem.cfg --> ftp.cybertown.com /services/http/80/cgi-bin/cybertown/templates/neighbor rolem.cfg
2002.09.25 19:28 B c:\WINDOWS\Desktop\sec\Ct\cgi-bin\cybertown\templates\neighbor\rolem.tmpl --> ftp.cybertown.com /services/http/80/cgi-bin/cybertown/templates/neighbor rolem.tmpl
