2002.09.25 10:24 B d:\CT\cgi-bin\cybertown\templates\suburbs\suburbs_old\_enter3D.tmpl_nickn_change_bug <-- cybertown /services/http/80/cgi-bin/cybertown/templates/suburbs/suburbs_old _enter3D.tmpl_nickn_change_bug
2002.09.25 10:24 B d:\CT\cgi-bin\cybertown\templates\suburbs\suburbs_old\action.cfg <-- cybertown /services/http/80/cgi-bin/cybertown/templates/suburbs/suburbs_old action.cfg
2002.09.25 10:24 B d:\CT\cgi-bin\cybertown\templates\suburbs\suburbs_old\action.tmpl <-- cybertown /services/http/80/cgi-bin/cybertown/templates/suburbs/suburbs_old action.tmpl
2002.09.25 10:24 B d:\CT\cgi-bin\cybertown\templates\suburbs\suburbs_old\check.tmpl <-- cybertown /services/http/80/cgi-bin/cybertown/templates/suburbs/suburbs_old check.tmpl
2002.09.25 10:24 B d:\CT\cgi-bin\cybertown\templates\suburbs\suburbs_old\checkbxx.tmpl <-- cybertown /services/http/80/cgi-bin/cybertown/templates/suburbs/suburbs_old checkbxx.tmpl
2002.09.25 10:24 B d:\CT\cgi-bin\cybertown\templates\suburbs\suburbs_old\checkplugin.tmpl <-- cybertown /services/http/80/cgi-bin/cybertown/templates/suburbs/suburbs_old checkplugin.tmpl
2002.09.25 10:24 B d:\CT\cgi-bin\cybertown\templates\suburbs\suburbs_old\contact3d.tmpl <-- cybertown /services/http/80/cgi-bin/cybertown/templates/suburbs/suburbs_old contact3d.tmpl
2002.09.25 10:24 B d:\CT\cgi-bin\cybertown\templates\suburbs\suburbs_old\enter3D.cfg <-- cybertown /services/http/80/cgi-bin/cybertown/templates/suburbs/suburbs_old enter3D.cfg
2002.09.25 10:24 B d:\CT\cgi-bin\cybertown\templates\suburbs\suburbs_old\enter3D.tmpl <-- cybertown /services/http/80/cgi-bin/cybertown/templates/suburbs/suburbs_old enter3D.tmpl
2002.09.25 10:24 B d:\CT\cgi-bin\cybertown\templates\suburbs\suburbs_old\index.tmpl <-- cybertown /services/http/80/cgi-bin/cybertown/templates/suburbs/suburbs_old index.tmpl
2002.09.25 10:24 B d:\CT\cgi-bin\cybertown\templates\suburbs\suburbs_old\index2d.tmpl <-- cybertown /services/http/80/cgi-bin/cybertown/templates/suburbs/suburbs_old index2d.tmpl
2002.09.25 10:24 B d:\CT\cgi-bin\cybertown\templates\suburbs\suburbs_old\index3d.tmpl <-- cybertown /services/http/80/cgi-bin/cybertown/templates/suburbs/suburbs_old index3d.tmpl
2002.09.25 10:24 B d:\CT\cgi-bin\cybertown\templates\suburbs\suburbs_old\info.tmpl <-- cybertown /services/http/80/cgi-bin/cybertown/templates/suburbs/suburbs_old info.tmpl
2002.09.25 10:24 B d:\CT\cgi-bin\cybertown\templates\suburbs\suburbs_old\javachat.tmpl <-- cybertown /services/http/80/cgi-bin/cybertown/templates/suburbs/suburbs_old javachat.tmpl
2002.09.25 10:24 B d:\CT\cgi-bin\cybertown\templates\suburbs\suburbs_old\main.tmpl <-- cybertown /services/http/80/cgi-bin/cybertown/templates/suburbs/suburbs_old main.tmpl
2002.09.25 10:24 B d:\CT\cgi-bin\cybertown\templates\suburbs\suburbs_old\menu.tmpl <-- cybertown /services/http/80/cgi-bin/cybertown/templates/suburbs/suburbs_old menu.tmpl
2002.09.25 10:24 B d:\CT\cgi-bin\cybertown\templates\suburbs\suburbs_old\place.tmpl <-- cybertown /services/http/80/cgi-bin/cybertown/templates/suburbs/suburbs_old place.tmpl
2002.09.25 10:24 B d:\CT\cgi-bin\cybertown\templates\suburbs\suburbs_old\submit.tmpl <-- cybertown /services/http/80/cgi-bin/cybertown/templates/suburbs/suburbs_old submit.tmpl
2002.09.25 10:24 B d:\CT\cgi-bin\cybertown\templates\suburbs\suburbs_old\world.tmpl <-- cybertown /services/http/80/cgi-bin/cybertown/templates/suburbs/suburbs_old world.tmpl
2002.09.25 19:12 B c:\WINDOWS\Desktop\sec\Ct\cgi-bin\cybertown\templates\suburbs\suburbs_old\WS_FTP.LOG --> ftp.cybertown.com /services/http/80/cgi-bin/cybertown/templates/suburbs/suburbs_old WS_FTP.LOG
2002.09.25 19:31 B c:\WINDOWS\Desktop\sec\Ct\cgi-bin\cybertown\templates\suburbs\suburbs_old\_enter3D.tmpl_nickn_change_bug --> ftp.cybertown.com /services/http/80/cgi-bin/cybertown/templates/suburbs/suburbs_old _enter3D.tmpl_nickn_change_bug
2002.09.25 19:31 B c:\WINDOWS\Desktop\sec\Ct\cgi-bin\cybertown\templates\suburbs\suburbs_old\action.cfg --> ftp.cybertown.com /services/http/80/cgi-bin/cybertown/templates/suburbs/suburbs_old action.cfg
2002.09.25 19:31 B c:\WINDOWS\Desktop\sec\Ct\cgi-bin\cybertown\templates\suburbs\suburbs_old\action.tmpl --> ftp.cybertown.com /services/http/80/cgi-bin/cybertown/templates/suburbs/suburbs_old action.tmpl
2002.09.25 19:31 B c:\WINDOWS\Desktop\sec\Ct\cgi-bin\cybertown\templates\suburbs\suburbs_old\check.tmpl --> ftp.cybertown.com /services/http/80/cgi-bin/cybertown/templates/suburbs/suburbs_old check.tmpl
2002.09.25 19:31 B c:\WINDOWS\Desktop\sec\Ct\cgi-bin\cybertown\templates\suburbs\suburbs_old\checkbxx.tmpl --> ftp.cybertown.com /services/http/80/cgi-bin/cybertown/templates/suburbs/suburbs_old checkbxx.tmpl
2002.09.25 19:31 B c:\WINDOWS\Desktop\sec\Ct\cgi-bin\cybertown\templates\suburbs\suburbs_old\checkplugin.tmpl --> ftp.cybertown.com /services/http/80/cgi-bin/cybertown/templates/suburbs/suburbs_old checkplugin.tmpl
2002.09.25 19:31 B c:\WINDOWS\Desktop\sec\Ct\cgi-bin\cybertown\templates\suburbs\suburbs_old\contact3d.tmpl --> ftp.cybertown.com /services/http/80/cgi-bin/cybertown/templates/suburbs/suburbs_old contact3d.tmpl
2002.09.25 19:31 B c:\WINDOWS\Desktop\sec\Ct\cgi-bin\cybertown\templates\suburbs\suburbs_old\enter3D.cfg --> ftp.cybertown.com /services/http/80/cgi-bin/cybertown/templates/suburbs/suburbs_old enter3D.cfg
2002.09.25 19:31 B c:\WINDOWS\Desktop\sec\Ct\cgi-bin\cybertown\templates\suburbs\suburbs_old\enter3D.tmpl --> ftp.cybertown.com /services/http/80/cgi-bin/cybertown/templates/suburbs/suburbs_old enter3D.tmpl
2002.09.25 19:31 B c:\WINDOWS\Desktop\sec\Ct\cgi-bin\cybertown\templates\suburbs\suburbs_old\index.tmpl --> ftp.cybertown.com /services/http/80/cgi-bin/cybertown/templates/suburbs/suburbs_old index.tmpl
2002.09.25 19:31 B c:\WINDOWS\Desktop\sec\Ct\cgi-bin\cybertown\templates\suburbs\suburbs_old\index2d.tmpl --> ftp.cybertown.com /services/http/80/cgi-bin/cybertown/templates/suburbs/suburbs_old index2d.tmpl
2002.09.25 19:31 B c:\WINDOWS\Desktop\sec\Ct\cgi-bin\cybertown\templates\suburbs\suburbs_old\index3d.tmpl --> ftp.cybertown.com /services/http/80/cgi-bin/cybertown/templates/suburbs/suburbs_old index3d.tmpl
2002.09.25 19:31 B c:\WINDOWS\Desktop\sec\Ct\cgi-bin\cybertown\templates\suburbs\suburbs_old\info.tmpl --> ftp.cybertown.com /services/http/80/cgi-bin/cybertown/templates/suburbs/suburbs_old info.tmpl
2002.09.25 19:31 B c:\WINDOWS\Desktop\sec\Ct\cgi-bin\cybertown\templates\suburbs\suburbs_old\javachat.tmpl --> ftp.cybertown.com /services/http/80/cgi-bin/cybertown/templates/suburbs/suburbs_old javachat.tmpl
2002.09.25 19:31 B c:\WINDOWS\Desktop\sec\Ct\cgi-bin\cybertown\templates\suburbs\suburbs_old\main.tmpl --> ftp.cybertown.com /services/http/80/cgi-bin/cybertown/templates/suburbs/suburbs_old main.tmpl
2002.09.25 19:31 B c:\WINDOWS\Desktop\sec\Ct\cgi-bin\cybertown\templates\suburbs\suburbs_old\menu.tmpl --> ftp.cybertown.com /services/http/80/cgi-bin/cybertown/templates/suburbs/suburbs_old menu.tmpl
2002.09.25 19:31 B c:\WINDOWS\Desktop\sec\Ct\cgi-bin\cybertown\templates\suburbs\suburbs_old\place.tmpl --> ftp.cybertown.com /services/http/80/cgi-bin/cybertown/templates/suburbs/suburbs_old place.tmpl
2002.09.25 19:31 B c:\WINDOWS\Desktop\sec\Ct\cgi-bin\cybertown\templates\suburbs\suburbs_old\submit.tmpl --> ftp.cybertown.com /services/http/80/cgi-bin/cybertown/templates/suburbs/suburbs_old submit.tmpl
2002.09.25 19:31 B c:\WINDOWS\Desktop\sec\Ct\cgi-bin\cybertown\templates\suburbs\suburbs_old\world.tmpl --> ftp.cybertown.com /services/http/80/cgi-bin/cybertown/templates/suburbs/suburbs_old world.tmpl
