2002.09.25 10:23 B d:\CT\cgi-bin\cybertown\templates\sponsorsdir\action.cfg <-- cybertown /services/http/80/cgi-bin/cybertown/templates/sponsorsdir action.cfg
2002.09.25 10:23 B d:\CT\cgi-bin\cybertown\templates\sponsorsdir\action.tmpl <-- cybertown /services/http/80/cgi-bin/cybertown/templates/sponsorsdir action.tmpl
2002.09.25 10:23 B d:\CT\cgi-bin\cybertown\templates\sponsorsdir\actlist.cfg <-- cybertown /services/http/80/cgi-bin/cybertown/templates/sponsorsdir actlist.cfg
2002.09.25 10:23 B d:\CT\cgi-bin\cybertown\templates\sponsorsdir\actlist.tmpl <-- cybertown /services/http/80/cgi-bin/cybertown/templates/sponsorsdir actlist.tmpl
2002.09.25 10:23 B d:\CT\cgi-bin\cybertown\templates\sponsorsdir\charts.cfg <-- cybertown /services/http/80/cgi-bin/cybertown/templates/sponsorsdir charts.cfg
2002.09.25 10:23 B d:\CT\cgi-bin\cybertown\templates\sponsorsdir\charts.tmpl <-- cybertown /services/http/80/cgi-bin/cybertown/templates/sponsorsdir charts.tmpl
2002.09.25 10:23 B d:\CT\cgi-bin\cybertown\templates\sponsorsdir\check.cfg <-- cybertown /services/http/80/cgi-bin/cybertown/templates/sponsorsdir check.cfg
2002.09.25 10:23 B d:\CT\cgi-bin\cybertown\templates\sponsorsdir\check.tmpl <-- cybertown /services/http/80/cgi-bin/cybertown/templates/sponsorsdir check.tmpl
2002.09.25 10:23 B d:\CT\cgi-bin\cybertown\templates\sponsorsdir\create.cfg <-- cybertown /services/http/80/cgi-bin/cybertown/templates/sponsorsdir create.cfg
2002.09.25 10:23 B d:\CT\cgi-bin\cybertown\templates\sponsorsdir\create.tmpl <-- cybertown /services/http/80/cgi-bin/cybertown/templates/sponsorsdir create.tmpl
2002.09.25 10:23 B d:\CT\cgi-bin\cybertown\templates\sponsorsdir\dellist.cfg <-- cybertown /services/http/80/cgi-bin/cybertown/templates/sponsorsdir dellist.cfg
2002.09.25 10:23 B d:\CT\cgi-bin\cybertown\templates\sponsorsdir\dellist.tmpl <-- cybertown /services/http/80/cgi-bin/cybertown/templates/sponsorsdir dellist.tmpl
2002.09.25 10:23 B d:\CT\cgi-bin\cybertown\templates\sponsorsdir\directory.cfg <-- cybertown /services/http/80/cgi-bin/cybertown/templates/sponsorsdir directory.cfg
2002.09.25 10:23 B d:\CT\cgi-bin\cybertown\templates\sponsorsdir\directory.tmpl <-- cybertown /services/http/80/cgi-bin/cybertown/templates/sponsorsdir directory.tmpl
2002.09.25 10:23 B d:\CT\cgi-bin\cybertown\templates\sponsorsdir\dirtext.cfg <-- cybertown /services/http/80/cgi-bin/cybertown/templates/sponsorsdir dirtext.cfg
2002.09.25 10:23 B d:\CT\cgi-bin\cybertown\templates\sponsorsdir\dirtext.tmpl <-- cybertown /services/http/80/cgi-bin/cybertown/templates/sponsorsdir dirtext.tmpl
2002.09.25 10:23 B d:\CT\cgi-bin\cybertown\templates\sponsorsdir\error.tmpl <-- cybertown /services/http/80/cgi-bin/cybertown/templates/sponsorsdir error.tmpl
2002.09.25 10:23 B d:\CT\cgi-bin\cybertown\templates\sponsorsdir\index.tmpl <-- cybertown /services/http/80/cgi-bin/cybertown/templates/sponsorsdir index.tmpl
2002.09.25 10:23 B d:\CT\cgi-bin\cybertown\templates\sponsorsdir\info.tmpl <-- cybertown /services/http/80/cgi-bin/cybertown/templates/sponsorsdir info.tmpl
2002.09.25 10:23 B d:\CT\cgi-bin\cybertown\templates\sponsorsdir\locklist.cfg <-- cybertown /services/http/80/cgi-bin/cybertown/templates/sponsorsdir locklist.cfg
2002.09.25 10:23 B d:\CT\cgi-bin\cybertown\templates\sponsorsdir\locklist.tmpl <-- cybertown /services/http/80/cgi-bin/cybertown/templates/sponsorsdir locklist.tmpl
2002.09.25 10:23 B d:\CT\cgi-bin\cybertown\templates\sponsorsdir\place.tmpl <-- cybertown /services/http/80/cgi-bin/cybertown/templates/sponsorsdir place.tmpl
2002.09.25 10:23 B d:\CT\cgi-bin\cybertown\templates\sponsorsdir\plist.cfg <-- cybertown /services/http/80/cgi-bin/cybertown/templates/sponsorsdir plist.cfg
2002.09.25 10:23 B d:\CT\cgi-bin\cybertown\templates\sponsorsdir\plist.tmpl <-- cybertown /services/http/80/cgi-bin/cybertown/templates/sponsorsdir plist.tmpl
2002.09.25 10:23 B d:\CT\cgi-bin\cybertown\templates\sponsorsdir\postable.cfg <-- cybertown /services/http/80/cgi-bin/cybertown/templates/sponsorsdir postable.cfg
2002.09.25 10:23 B d:\CT\cgi-bin\cybertown\templates\sponsorsdir\postable.tmpl <-- cybertown /services/http/80/cgi-bin/cybertown/templates/sponsorsdir postable.tmpl
2002.09.25 10:23 B d:\CT\cgi-bin\cybertown\templates\sponsorsdir\topactivity.cfg <-- cybertown /services/http/80/cgi-bin/cybertown/templates/sponsorsdir topactivity.cfg
2002.09.25 10:23 B d:\CT\cgi-bin\cybertown\templates\sponsorsdir\topactivity.tmpl <-- cybertown /services/http/80/cgi-bin/cybertown/templates/sponsorsdir topactivity.tmpl
2002.09.25 19:12 B c:\WINDOWS\Desktop\sec\Ct\cgi-bin\cybertown\templates\sponsorsdir\WS_FTP.LOG --> ftp.cybertown.com /services/http/80/cgi-bin/cybertown/templates/sponsorsdir WS_FTP.LOG
2002.09.25 19:30 B c:\WINDOWS\Desktop\sec\Ct\cgi-bin\cybertown\templates\sponsorsdir\action.cfg --> ftp.cybertown.com /services/http/80/cgi-bin/cybertown/templates/sponsorsdir action.cfg
2002.09.25 19:30 B c:\WINDOWS\Desktop\sec\Ct\cgi-bin\cybertown\templates\sponsorsdir\action.tmpl --> ftp.cybertown.com /services/http/80/cgi-bin/cybertown/templates/sponsorsdir action.tmpl
2002.09.25 19:30 B c:\WINDOWS\Desktop\sec\Ct\cgi-bin\cybertown\templates\sponsorsdir\actlist.cfg --> ftp.cybertown.com /services/http/80/cgi-bin/cybertown/templates/sponsorsdir actlist.cfg
2002.09.25 19:30 B c:\WINDOWS\Desktop\sec\Ct\cgi-bin\cybertown\templates\sponsorsdir\actlist.tmpl --> ftp.cybertown.com /services/http/80/cgi-bin/cybertown/templates/sponsorsdir actlist.tmpl
2002.09.25 19:30 B c:\WINDOWS\Desktop\sec\Ct\cgi-bin\cybertown\templates\sponsorsdir\charts.cfg --> ftp.cybertown.com /services/http/80/cgi-bin/cybertown/templates/sponsorsdir charts.cfg
2002.09.25 19:30 B c:\WINDOWS\Desktop\sec\Ct\cgi-bin\cybertown\templates\sponsorsdir\charts.tmpl --> ftp.cybertown.com /services/http/80/cgi-bin/cybertown/templates/sponsorsdir charts.tmpl
2002.09.25 19:30 B c:\WINDOWS\Desktop\sec\Ct\cgi-bin\cybertown\templates\sponsorsdir\check.cfg --> ftp.cybertown.com /services/http/80/cgi-bin/cybertown/templates/sponsorsdir check.cfg
2002.09.25 19:30 B c:\WINDOWS\Desktop\sec\Ct\cgi-bin\cybertown\templates\sponsorsdir\check.tmpl --> ftp.cybertown.com /services/http/80/cgi-bin/cybertown/templates/sponsorsdir check.tmpl
2002.09.25 19:30 B c:\WINDOWS\Desktop\sec\Ct\cgi-bin\cybertown\templates\sponsorsdir\create.cfg --> ftp.cybertown.com /services/http/80/cgi-bin/cybertown/templates/sponsorsdir create.cfg
2002.09.25 19:30 B c:\WINDOWS\Desktop\sec\Ct\cgi-bin\cybertown\templates\sponsorsdir\create.tmpl --> ftp.cybertown.com /services/http/80/cgi-bin/cybertown/templates/sponsorsdir create.tmpl
2002.09.25 19:30 B c:\WINDOWS\Desktop\sec\Ct\cgi-bin\cybertown\templates\sponsorsdir\dellist.cfg --> ftp.cybertown.com /services/http/80/cgi-bin/cybertown/templates/sponsorsdir dellist.cfg
2002.09.25 19:30 B c:\WINDOWS\Desktop\sec\Ct\cgi-bin\cybertown\templates\sponsorsdir\dellist.tmpl --> ftp.cybertown.com /services/http/80/cgi-bin/cybertown/templates/sponsorsdir dellist.tmpl
2002.09.25 19:30 B c:\WINDOWS\Desktop\sec\Ct\cgi-bin\cybertown\templates\sponsorsdir\directory.cfg --> ftp.cybertown.com /services/http/80/cgi-bin/cybertown/templates/sponsorsdir directory.cfg
2002.09.25 19:30 B c:\WINDOWS\Desktop\sec\Ct\cgi-bin\cybertown\templates\sponsorsdir\directory.tmpl --> ftp.cybertown.com /services/http/80/cgi-bin/cybertown/templates/sponsorsdir directory.tmpl
2002.09.25 19:30 B c:\WINDOWS\Desktop\sec\Ct\cgi-bin\cybertown\templates\sponsorsdir\dirtext.cfg --> ftp.cybertown.com /services/http/80/cgi-bin/cybertown/templates/sponsorsdir dirtext.cfg
2002.09.25 19:30 B c:\WINDOWS\Desktop\sec\Ct\cgi-bin\cybertown\templates\sponsorsdir\dirtext.tmpl --> ftp.cybertown.com /services/http/80/cgi-bin/cybertown/templates/sponsorsdir dirtext.tmpl
2002.09.25 19:30 B c:\WINDOWS\Desktop\sec\Ct\cgi-bin\cybertown\templates\sponsorsdir\error.tmpl --> ftp.cybertown.com /services/http/80/cgi-bin/cybertown/templates/sponsorsdir error.tmpl
2002.09.25 19:30 B c:\WINDOWS\Desktop\sec\Ct\cgi-bin\cybertown\templates\sponsorsdir\index.tmpl --> ftp.cybertown.com /services/http/80/cgi-bin/cybertown/templates/sponsorsdir index.tmpl
2002.09.25 19:30 B c:\WINDOWS\Desktop\sec\Ct\cgi-bin\cybertown\templates\sponsorsdir\info.tmpl --> ftp.cybertown.com /services/http/80/cgi-bin/cybertown/templates/sponsorsdir info.tmpl
2002.09.25 19:30 B c:\WINDOWS\Desktop\sec\Ct\cgi-bin\cybertown\templates\sponsorsdir\locklist.cfg --> ftp.cybertown.com /services/http/80/cgi-bin/cybertown/templates/sponsorsdir locklist.cfg
2002.09.25 19:30 B c:\WINDOWS\Desktop\sec\Ct\cgi-bin\cybertown\templates\sponsorsdir\locklist.tmpl --> ftp.cybertown.com /services/http/80/cgi-bin/cybertown/templates/sponsorsdir locklist.tmpl
2002.09.25 19:30 B c:\WINDOWS\Desktop\sec\Ct\cgi-bin\cybertown\templates\sponsorsdir\place.tmpl --> ftp.cybertown.com /services/http/80/cgi-bin/cybertown/templates/sponsorsdir place.tmpl
2002.09.25 19:30 B c:\WINDOWS\Desktop\sec\Ct\cgi-bin\cybertown\templates\sponsorsdir\plist.cfg --> ftp.cybertown.com /services/http/80/cgi-bin/cybertown/templates/sponsorsdir plist.cfg
2002.09.25 19:30 B c:\WINDOWS\Desktop\sec\Ct\cgi-bin\cybertown\templates\sponsorsdir\plist.tmpl --> ftp.cybertown.com /services/http/80/cgi-bin/cybertown/templates/sponsorsdir plist.tmpl
2002.09.25 19:30 B c:\WINDOWS\Desktop\sec\Ct\cgi-bin\cybertown\templates\sponsorsdir\postable.cfg --> ftp.cybertown.com /services/http/80/cgi-bin/cybertown/templates/sponsorsdir postable.cfg
2002.09.25 19:30 B c:\WINDOWS\Desktop\sec\Ct\cgi-bin\cybertown\templates\sponsorsdir\postable.tmpl --> ftp.cybertown.com /services/http/80/cgi-bin/cybertown/templates/sponsorsdir postable.tmpl
2002.09.25 19:30 B c:\WINDOWS\Desktop\sec\Ct\cgi-bin\cybertown\templates\sponsorsdir\topactivity.cfg --> ftp.cybertown.com /services/http/80/cgi-bin/cybertown/templates/sponsorsdir topactivity.cfg
2002.09.25 19:30 B c:\WINDOWS\Desktop\sec\Ct\cgi-bin\cybertown\templates\sponsorsdir\topactivity.tmpl --> ftp.cybertown.com /services/http/80/cgi-bin/cybertown/templates/sponsorsdir topactivity.tmpl
