2002.09.25 10:11 B d:\CT\cgi-bin\cybertown\templates\iwos\objects\album.tmpl <-- cybertown /services/http/80/cgi-bin/cybertown/templates/iwos/objects album.tmpl
2002.09.25 10:11 B d:\CT\cgi-bin\cybertown\templates\iwos\objects\beamstation.tmpl <-- cybertown /services/http/80/cgi-bin/cybertown/templates/iwos/objects beamstation.tmpl
2002.09.25 10:11 B d:\CT\cgi-bin\cybertown\templates\iwos\objects\guestbook.tmpl <-- cybertown /services/http/80/cgi-bin/cybertown/templates/iwos/objects guestbook.tmpl
2002.09.25 10:11 B d:\CT\cgi-bin\cybertown\templates\iwos\objects\musicbox.tmpl <-- cybertown /services/http/80/cgi-bin/cybertown/templates/iwos/objects musicbox.tmpl
2002.09.25 10:11 B d:\CT\cgi-bin\cybertown\templates\iwos\objects\picture1x1.tmpl <-- cybertown /services/http/80/cgi-bin/cybertown/templates/iwos/objects picture1x1.tmpl
2002.09.25 10:11 B d:\CT\cgi-bin\cybertown\templates\iwos\objects\picture3x4.tmpl <-- cybertown /services/http/80/cgi-bin/cybertown/templates/iwos/objects picture3x4.tmpl
2002.09.25 10:11 B d:\CT\cgi-bin\cybertown\templates\iwos\objects\picture4x3.tmpl <-- cybertown /services/http/80/cgi-bin/cybertown/templates/iwos/objects picture4x3.tmpl
2002.09.25 10:11 B d:\CT\cgi-bin\cybertown\templates\iwos\objects\pictureframe.tmpl <-- cybertown /services/http/80/cgi-bin/cybertown/templates/iwos/objects pictureframe.tmpl
2002.09.25 10:11 B d:\CT\cgi-bin\cybertown\templates\iwos\objects\topicbook.tmpl <-- cybertown /services/http/80/cgi-bin/cybertown/templates/iwos/objects topicbook.tmpl
2002.09.25 10:11 B d:\CT\cgi-bin\cybertown\templates\iwos\objects\visitcounter.tmpl <-- cybertown /services/http/80/cgi-bin/cybertown/templates/iwos/objects visitcounter.tmpl
2002.09.25 19:11 B c:\WINDOWS\Desktop\sec\Ct\cgi-bin\cybertown\templates\iwos\objects\WS_FTP.LOG --> ftp.cybertown.com /services/http/80/cgi-bin/cybertown/templates/iwos/objects WS_FTP.LOG
2002.09.25 19:26 B c:\WINDOWS\Desktop\sec\Ct\cgi-bin\cybertown\templates\iwos\objects\album.tmpl --> ftp.cybertown.com /services/http/80/cgi-bin/cybertown/templates/iwos/objects album.tmpl
2002.09.25 19:26 B c:\WINDOWS\Desktop\sec\Ct\cgi-bin\cybertown\templates\iwos\objects\beamstation.tmpl --> ftp.cybertown.com /services/http/80/cgi-bin/cybertown/templates/iwos/objects beamstation.tmpl
2002.09.25 19:26 B c:\WINDOWS\Desktop\sec\Ct\cgi-bin\cybertown\templates\iwos\objects\guestbook.tmpl --> ftp.cybertown.com /services/http/80/cgi-bin/cybertown/templates/iwos/objects guestbook.tmpl
2002.09.25 19:26 B c:\WINDOWS\Desktop\sec\Ct\cgi-bin\cybertown\templates\iwos\objects\musicbox.tmpl --> ftp.cybertown.com /services/http/80/cgi-bin/cybertown/templates/iwos/objects musicbox.tmpl
2002.09.25 19:26 B c:\WINDOWS\Desktop\sec\Ct\cgi-bin\cybertown\templates\iwos\objects\picture1x1.tmpl --> ftp.cybertown.com /services/http/80/cgi-bin/cybertown/templates/iwos/objects picture1x1.tmpl
2002.09.25 19:26 B c:\WINDOWS\Desktop\sec\Ct\cgi-bin\cybertown\templates\iwos\objects\picture3x4.tmpl --> ftp.cybertown.com /services/http/80/cgi-bin/cybertown/templates/iwos/objects picture3x4.tmpl
2002.09.25 19:26 B c:\WINDOWS\Desktop\sec\Ct\cgi-bin\cybertown\templates\iwos\objects\picture4x3.tmpl --> ftp.cybertown.com /services/http/80/cgi-bin/cybertown/templates/iwos/objects picture4x3.tmpl
2002.09.25 19:26 B c:\WINDOWS\Desktop\sec\Ct\cgi-bin\cybertown\templates\iwos\objects\pictureframe.tmpl --> ftp.cybertown.com /services/http/80/cgi-bin/cybertown/templates/iwos/objects pictureframe.tmpl
2002.09.25 19:26 B c:\WINDOWS\Desktop\sec\Ct\cgi-bin\cybertown\templates\iwos\objects\topicbook.tmpl --> ftp.cybertown.com /services/http/80/cgi-bin/cybertown/templates/iwos/objects topicbook.tmpl
2002.09.25 19:26 B c:\WINDOWS\Desktop\sec\Ct\cgi-bin\cybertown\templates\iwos\objects\visitcounter.tmpl --> ftp.cybertown.com /services/http/80/cgi-bin/cybertown/templates/iwos/objects visitcounter.tmpl
