2002.09.25 10:15 B d:\CT\cgi-bin\cybertown\templates\mothership\_control.tmpl <-- cybertown /services/http/80/cgi-bin/cybertown/templates/mothership _control.tmpl
2002.09.25 10:15 B d:\CT\cgi-bin\cybertown\templates\mothership\action.tmpl <-- cybertown /services/http/80/cgi-bin/cybertown/templates/mothership action.tmpl
2002.09.25 10:15 B d:\CT\cgi-bin\cybertown\templates\mothership\action_top.tmpl <-- cybertown /services/http/80/cgi-bin/cybertown/templates/mothership action_top.tmpl
2002.09.25 10:15 B d:\CT\cgi-bin\cybertown\templates\mothership\black.tmpl <-- cybertown /services/http/80/cgi-bin/cybertown/templates/mothership black.tmpl
2002.09.25 10:15 B d:\CT\cgi-bin\cybertown\templates\mothership\blank.tmpl <-- cybertown /services/http/80/cgi-bin/cybertown/templates/mothership blank.tmpl
2002.09.25 10:15 B d:\CT\cgi-bin\cybertown\templates\mothership\blue.tmpl <-- cybertown /services/http/80/cgi-bin/cybertown/templates/mothership blue.tmpl
2002.09.25 10:15 B d:\CT\cgi-bin\cybertown\templates\mothership\colony.cfg <-- cybertown /services/http/80/cgi-bin/cybertown/templates/mothership colony.cfg
2002.09.25 10:15 B d:\CT\cgi-bin\cybertown\templates\mothership\colony.tmpl <-- cybertown /services/http/80/cgi-bin/cybertown/templates/mothership colony.tmpl
2002.09.25 10:15 B d:\CT\cgi-bin\cybertown\templates\mothership\contact3d.tmpl <-- cybertown /services/http/80/cgi-bin/cybertown/templates/mothership contact3d.tmpl
2002.09.25 10:15 B d:\CT\cgi-bin\cybertown\templates\mothership\control.tmpl <-- cybertown /services/http/80/cgi-bin/cybertown/templates/mothership control.tmpl
2002.09.25 10:15 B d:\CT\cgi-bin\cybertown\templates\mothership\enter3D.cfg <-- cybertown /services/http/80/cgi-bin/cybertown/templates/mothership enter3D.cfg
2002.09.25 10:15 B d:\CT\cgi-bin\cybertown\templates\mothership\enter3D.tmpl <-- cybertown /services/http/80/cgi-bin/cybertown/templates/mothership enter3D.tmpl
2002.09.25 10:15 B d:\CT\cgi-bin\cybertown\templates\mothership\imsg.tmpl <-- cybertown /services/http/80/cgi-bin/cybertown/templates/mothership imsg.tmpl
2002.09.25 10:15 B d:\CT\cgi-bin\cybertown\templates\mothership\index.tmpl <-- cybertown /services/http/80/cgi-bin/cybertown/templates/mothership index.tmpl
2002.09.25 10:15 B d:\CT\cgi-bin\cybertown\templates\mothership\login.tmpl <-- cybertown /services/http/80/cgi-bin/cybertown/templates/mothership login.tmpl
2002.09.25 10:15 B d:\CT\cgi-bin\cybertown\templates\mothership\place.cfg <-- cybertown /services/http/80/cgi-bin/cybertown/templates/mothership place.cfg
2002.09.25 10:15 B d:\CT\cgi-bin\cybertown\templates\mothership\place.tmpl <-- cybertown /services/http/80/cgi-bin/cybertown/templates/mothership place.tmpl
2002.09.25 10:15 B d:\CT\cgi-bin\cybertown\templates\mothership\welcome.tmpl <-- cybertown /services/http/80/cgi-bin/cybertown/templates/mothership welcome.tmpl
2002.09.25 10:15 B d:\CT\cgi-bin\cybertown\templates\mothership\world.tmpl <-- cybertown /services/http/80/cgi-bin/cybertown/templates/mothership world.tmpl
2002.09.25 19:12 B c:\WINDOWS\Desktop\sec\Ct\cgi-bin\cybertown\templates\mothership\WS_FTP.LOG --> ftp.cybertown.com /services/http/80/cgi-bin/cybertown/templates/mothership WS_FTP.LOG
2002.09.25 19:27 B c:\WINDOWS\Desktop\sec\Ct\cgi-bin\cybertown\templates\mothership\_control.tmpl --> ftp.cybertown.com /services/http/80/cgi-bin/cybertown/templates/mothership _control.tmpl
2002.09.25 19:27 B c:\WINDOWS\Desktop\sec\Ct\cgi-bin\cybertown\templates\mothership\action.tmpl --> ftp.cybertown.com /services/http/80/cgi-bin/cybertown/templates/mothership action.tmpl
2002.09.25 19:27 B c:\WINDOWS\Desktop\sec\Ct\cgi-bin\cybertown\templates\mothership\action_top.tmpl --> ftp.cybertown.com /services/http/80/cgi-bin/cybertown/templates/mothership action_top.tmpl
2002.09.25 19:27 B c:\WINDOWS\Desktop\sec\Ct\cgi-bin\cybertown\templates\mothership\black.tmpl --> ftp.cybertown.com /services/http/80/cgi-bin/cybertown/templates/mothership black.tmpl
2002.09.25 19:27 B c:\WINDOWS\Desktop\sec\Ct\cgi-bin\cybertown\templates\mothership\blank.tmpl --> ftp.cybertown.com /services/http/80/cgi-bin/cybertown/templates/mothership blank.tmpl
2002.09.25 19:27 B c:\WINDOWS\Desktop\sec\Ct\cgi-bin\cybertown\templates\mothership\blue.tmpl --> ftp.cybertown.com /services/http/80/cgi-bin/cybertown/templates/mothership blue.tmpl
2002.09.25 19:27 B c:\WINDOWS\Desktop\sec\Ct\cgi-bin\cybertown\templates\mothership\colony.cfg --> ftp.cybertown.com /services/http/80/cgi-bin/cybertown/templates/mothership colony.cfg
2002.09.25 19:27 B c:\WINDOWS\Desktop\sec\Ct\cgi-bin\cybertown\templates\mothership\colony.tmpl --> ftp.cybertown.com /services/http/80/cgi-bin/cybertown/templates/mothership colony.tmpl
2002.09.25 19:27 B c:\WINDOWS\Desktop\sec\Ct\cgi-bin\cybertown\templates\mothership\contact3d.tmpl --> ftp.cybertown.com /services/http/80/cgi-bin/cybertown/templates/mothership contact3d.tmpl
2002.09.25 19:27 B c:\WINDOWS\Desktop\sec\Ct\cgi-bin\cybertown\templates\mothership\control.tmpl --> ftp.cybertown.com /services/http/80/cgi-bin/cybertown/templates/mothership control.tmpl
2002.09.25 19:27 B c:\WINDOWS\Desktop\sec\Ct\cgi-bin\cybertown\templates\mothership\enter3D.cfg --> ftp.cybertown.com /services/http/80/cgi-bin/cybertown/templates/mothership enter3D.cfg
2002.09.25 19:27 B c:\WINDOWS\Desktop\sec\Ct\cgi-bin\cybertown\templates\mothership\enter3D.tmpl --> ftp.cybertown.com /services/http/80/cgi-bin/cybertown/templates/mothership enter3D.tmpl
2002.09.25 19:27 B c:\WINDOWS\Desktop\sec\Ct\cgi-bin\cybertown\templates\mothership\imsg.tmpl --> ftp.cybertown.com /services/http/80/cgi-bin/cybertown/templates/mothership imsg.tmpl
2002.09.25 19:27 B c:\WINDOWS\Desktop\sec\Ct\cgi-bin\cybertown\templates\mothership\index.tmpl --> ftp.cybertown.com /services/http/80/cgi-bin/cybertown/templates/mothership index.tmpl
2002.09.25 19:27 B c:\WINDOWS\Desktop\sec\Ct\cgi-bin\cybertown\templates\mothership\login.tmpl --> ftp.cybertown.com /services/http/80/cgi-bin/cybertown/templates/mothership login.tmpl
2002.09.25 19:27 B c:\WINDOWS\Desktop\sec\Ct\cgi-bin\cybertown\templates\mothership\place.cfg --> ftp.cybertown.com /services/http/80/cgi-bin/cybertown/templates/mothership place.cfg
2002.09.25 19:27 B c:\WINDOWS\Desktop\sec\Ct\cgi-bin\cybertown\templates\mothership\place.tmpl --> ftp.cybertown.com /services/http/80/cgi-bin/cybertown/templates/mothership place.tmpl
2002.09.25 19:27 B c:\WINDOWS\Desktop\sec\Ct\cgi-bin\cybertown\templates\mothership\welcome.tmpl --> ftp.cybertown.com /services/http/80/cgi-bin/cybertown/templates/mothership welcome.tmpl
2002.09.25 19:27 B c:\WINDOWS\Desktop\sec\Ct\cgi-bin\cybertown\templates\mothership\world.tmpl --> ftp.cybertown.com /services/http/80/cgi-bin/cybertown/templates/mothership world.tmpl
