2002.09.25 10:10 B d:\CT\cgi-bin\cybertown\templates\enter\_menu.tmpl <-- cybertown /services/http/80/cgi-bin/cybertown/templates/enter _menu.tmpl
2002.09.25 10:10 B d:\CT\cgi-bin\cybertown\templates\enter\action.cfg <-- cybertown /services/http/80/cgi-bin/cybertown/templates/enter action.cfg
2002.09.25 10:10 B d:\CT\cgi-bin\cybertown\templates\enter\action.tmpl <-- cybertown /services/http/80/cgi-bin/cybertown/templates/enter action.tmpl
2002.09.25 10:10 B d:\CT\cgi-bin\cybertown\templates\enter\cancel.tmpl <-- cybertown /services/http/80/cgi-bin/cybertown/templates/enter cancel.tmpl
2002.09.25 10:10 B d:\CT\cgi-bin\cybertown\templates\enter\head-test.tmpl <-- cybertown /services/http/80/cgi-bin/cybertown/templates/enter head-test.tmpl
2002.09.25 10:10 B d:\CT\cgi-bin\cybertown\templates\enter\head.tmpl <-- cybertown /services/http/80/cgi-bin/cybertown/templates/enter head.tmpl
2002.09.25 10:10 B d:\CT\cgi-bin\cybertown\templates\enter\index.cfg <-- cybertown /services/http/80/cgi-bin/cybertown/templates/enter index.cfg
2002.09.25 10:10 B d:\CT\cgi-bin\cybertown\templates\enter\index.tmpl <-- cybertown /services/http/80/cgi-bin/cybertown/templates/enter index.tmpl
2002.09.25 10:10 B d:\CT\cgi-bin\cybertown\templates\enter\mapcity.tmpl <-- cybertown /services/http/80/cgi-bin/cybertown/templates/enter mapcity.tmpl
2002.09.25 10:10 B d:\CT\cgi-bin\cybertown\templates\enter\menu.cfg <-- cybertown /services/http/80/cgi-bin/cybertown/templates/enter menu.cfg
2002.09.25 10:10 B d:\CT\cgi-bin\cybertown\templates\enter\menu.tmpl <-- cybertown /services/http/80/cgi-bin/cybertown/templates/enter menu.tmpl
2002.09.25 10:10 B d:\CT\cgi-bin\cybertown\templates\enter\menu1.tmpl <-- cybertown /services/http/80/cgi-bin/cybertown/templates/enter menu1.tmpl
2002.09.25 10:10 B d:\CT\cgi-bin\cybertown\templates\enter\menubak.tmpl <-- cybertown /services/http/80/cgi-bin/cybertown/templates/enter menubak.tmpl
2002.09.25 10:10 B d:\CT\cgi-bin\cybertown\templates\enter\update.tmpl <-- cybertown /services/http/80/cgi-bin/cybertown/templates/enter update.tmpl
2002.09.25 19:11 B c:\WINDOWS\Desktop\sec\Ct\cgi-bin\cybertown\templates\enter\WS_FTP.LOG --> ftp.cybertown.com /services/http/80/cgi-bin/cybertown/templates/enter WS_FTP.LOG
2002.09.25 19:24 B c:\WINDOWS\Desktop\sec\Ct\cgi-bin\cybertown\templates\enter\_menu.tmpl --> ftp.cybertown.com /services/http/80/cgi-bin/cybertown/templates/enter _menu.tmpl
2002.09.25 19:24 B c:\WINDOWS\Desktop\sec\Ct\cgi-bin\cybertown\templates\enter\action.cfg --> ftp.cybertown.com /services/http/80/cgi-bin/cybertown/templates/enter action.cfg
2002.09.25 19:24 B c:\WINDOWS\Desktop\sec\Ct\cgi-bin\cybertown\templates\enter\action.tmpl --> ftp.cybertown.com /services/http/80/cgi-bin/cybertown/templates/enter action.tmpl
2002.09.25 19:24 B c:\WINDOWS\Desktop\sec\Ct\cgi-bin\cybertown\templates\enter\cancel.tmpl --> ftp.cybertown.com /services/http/80/cgi-bin/cybertown/templates/enter cancel.tmpl
2002.09.25 19:24 B c:\WINDOWS\Desktop\sec\Ct\cgi-bin\cybertown\templates\enter\head-test.tmpl --> ftp.cybertown.com /services/http/80/cgi-bin/cybertown/templates/enter head-test.tmpl
2002.09.25 19:24 B c:\WINDOWS\Desktop\sec\Ct\cgi-bin\cybertown\templates\enter\head.tmpl --> ftp.cybertown.com /services/http/80/cgi-bin/cybertown/templates/enter head.tmpl
2002.09.25 19:24 B c:\WINDOWS\Desktop\sec\Ct\cgi-bin\cybertown\templates\enter\index.cfg --> ftp.cybertown.com /services/http/80/cgi-bin/cybertown/templates/enter index.cfg
2002.09.25 19:24 B c:\WINDOWS\Desktop\sec\Ct\cgi-bin\cybertown\templates\enter\index.tmpl --> ftp.cybertown.com /services/http/80/cgi-bin/cybertown/templates/enter index.tmpl
2002.09.25 19:24 B c:\WINDOWS\Desktop\sec\Ct\cgi-bin\cybertown\templates\enter\mapcity.tmpl --> ftp.cybertown.com /services/http/80/cgi-bin/cybertown/templates/enter mapcity.tmpl
2002.09.25 19:24 B c:\WINDOWS\Desktop\sec\Ct\cgi-bin\cybertown\templates\enter\menu.cfg --> ftp.cybertown.com /services/http/80/cgi-bin/cybertown/templates/enter menu.cfg
2002.09.25 19:24 B c:\WINDOWS\Desktop\sec\Ct\cgi-bin\cybertown\templates\enter\menu.tmpl --> ftp.cybertown.com /services/http/80/cgi-bin/cybertown/templates/enter menu.tmpl
2002.09.25 19:24 B c:\WINDOWS\Desktop\sec\Ct\cgi-bin\cybertown\templates\enter\menu1.tmpl --> ftp.cybertown.com /services/http/80/cgi-bin/cybertown/templates/enter menu1.tmpl
2002.09.25 19:24 B c:\WINDOWS\Desktop\sec\Ct\cgi-bin\cybertown\templates\enter\menubak.tmpl --> ftp.cybertown.com /services/http/80/cgi-bin/cybertown/templates/enter menubak.tmpl
2002.09.25 19:24 B c:\WINDOWS\Desktop\sec\Ct\cgi-bin\cybertown\templates\enter\update.tmpl --> ftp.cybertown.com /services/http/80/cgi-bin/cybertown/templates/enter update.tmpl
