2002.09.25 10:24 B d:\CT\cgi-bin\cybertown\templates\vote\error.tmpl <-- cybertown /services/http/80/cgi-bin/cybertown/templates/vote error.tmpl
2002.09.25 10:24 B d:\CT\cgi-bin\cybertown\templates\vote\list.tmpl <-- cybertown /services/http/80/cgi-bin/cybertown/templates/vote list.tmpl
2002.09.25 10:24 B d:\CT\cgi-bin\cybertown\templates\vote\listhdr.tmpl <-- cybertown /services/http/80/cgi-bin/cybertown/templates/vote listhdr.tmpl
2002.09.25 10:24 B d:\CT\cgi-bin\cybertown\templates\vote\new.tmpl <-- cybertown /services/http/80/cgi-bin/cybertown/templates/vote new.tmpl
2002.09.25 10:24 B d:\CT\cgi-bin\cybertown\templates\vote\ok.tmpl <-- cybertown /services/http/80/cgi-bin/cybertown/templates/vote ok.tmpl
2002.09.25 10:24 B d:\CT\cgi-bin\cybertown\templates\vote\rate.tmpl <-- cybertown /services/http/80/cgi-bin/cybertown/templates/vote rate.tmpl
2002.09.25 10:24 B d:\CT\cgi-bin\cybertown\templates\vote\ratelist.tmpl <-- cybertown /services/http/80/cgi-bin/cybertown/templates/vote ratelist.tmpl
2002.09.25 10:24 B d:\CT\cgi-bin\cybertown\templates\vote\result.tmpl <-- cybertown /services/http/80/cgi-bin/cybertown/templates/vote result.tmpl
2002.09.25 10:24 B d:\CT\cgi-bin\cybertown\templates\vote\vote.tmpl <-- cybertown /services/http/80/cgi-bin/cybertown/templates/vote vote.tmpl
2002.09.25 10:24 B d:\CT\cgi-bin\cybertown\templates\vote\vote_info.tmpl <-- cybertown /services/http/80/cgi-bin/cybertown/templates/vote vote_info.tmpl
2002.09.25 10:24 B d:\CT\cgi-bin\cybertown\templates\vote\weight.tmpl <-- cybertown /services/http/80/cgi-bin/cybertown/templates/vote weight.tmpl
2002.09.25 19:13 B c:\WINDOWS\Desktop\sec\Ct\cgi-bin\cybertown\templates\vote\WS_FTP.LOG --> ftp.cybertown.com /services/http/80/cgi-bin/cybertown/templates/vote WS_FTP.LOG
2002.09.25 19:31 B c:\WINDOWS\Desktop\sec\Ct\cgi-bin\cybertown\templates\vote\error.tmpl --> ftp.cybertown.com /services/http/80/cgi-bin/cybertown/templates/vote error.tmpl
2002.09.25 19:31 B c:\WINDOWS\Desktop\sec\Ct\cgi-bin\cybertown\templates\vote\list.tmpl --> ftp.cybertown.com /services/http/80/cgi-bin/cybertown/templates/vote list.tmpl
2002.09.25 19:31 B c:\WINDOWS\Desktop\sec\Ct\cgi-bin\cybertown\templates\vote\listhdr.tmpl --> ftp.cybertown.com /services/http/80/cgi-bin/cybertown/templates/vote listhdr.tmpl
2002.09.25 19:31 B c:\WINDOWS\Desktop\sec\Ct\cgi-bin\cybertown\templates\vote\new.tmpl --> ftp.cybertown.com /services/http/80/cgi-bin/cybertown/templates/vote new.tmpl
2002.09.25 19:31 B c:\WINDOWS\Desktop\sec\Ct\cgi-bin\cybertown\templates\vote\ok.tmpl --> ftp.cybertown.com /services/http/80/cgi-bin/cybertown/templates/vote ok.tmpl
2002.09.25 19:31 B c:\WINDOWS\Desktop\sec\Ct\cgi-bin\cybertown\templates\vote\rate.tmpl --> ftp.cybertown.com /services/http/80/cgi-bin/cybertown/templates/vote rate.tmpl
2002.09.25 19:31 B c:\WINDOWS\Desktop\sec\Ct\cgi-bin\cybertown\templates\vote\ratelist.tmpl --> ftp.cybertown.com /services/http/80/cgi-bin/cybertown/templates/vote ratelist.tmpl
2002.09.25 19:31 B c:\WINDOWS\Desktop\sec\Ct\cgi-bin\cybertown\templates\vote\result.tmpl --> ftp.cybertown.com /services/http/80/cgi-bin/cybertown/templates/vote result.tmpl
2002.09.25 19:31 B c:\WINDOWS\Desktop\sec\Ct\cgi-bin\cybertown\templates\vote\vote.tmpl --> ftp.cybertown.com /services/http/80/cgi-bin/cybertown/templates/vote vote.tmpl
2002.09.25 19:31 B c:\WINDOWS\Desktop\sec\Ct\cgi-bin\cybertown\templates\vote\vote_info.tmpl --> ftp.cybertown.com /services/http/80/cgi-bin/cybertown/templates/vote vote_info.tmpl
2002.09.25 19:31 B c:\WINDOWS\Desktop\sec\Ct\cgi-bin\cybertown\templates\vote\weight.tmpl --> ftp.cybertown.com /services/http/80/cgi-bin/cybertown/templates/vote weight.tmpl
