100.06.14 23:34 B D:\vanessa\Cybertown\work\plaza_destroyed\blasted\vrml\alarm.wav <-- ctdev /services/http/80/htdocs/places/blasted/vrml alarm.wav
100.06.14 23:35 B D:\vanessa\Cybertown\work\plaza_destroyed\blasted\vrml\blbuid2.jpg <-- ctdev /services/http/80/htdocs/places/blasted/vrml blbuid2.jpg
100.06.14 23:35 B D:\vanessa\Cybertown\work\plaza_destroyed\blasted\vrml\citiz.jpg <-- ctdev /services/http/80/htdocs/places/blasted/vrml citiz.jpg
100.06.14 23:35 B D:\vanessa\Cybertown\work\plaza_destroyed\blasted\vrml\cityhal.jpg <-- ctdev /services/http/80/htdocs/places/blasted/vrml cityhal.jpg
100.06.14 23:35 B D:\vanessa\Cybertown\work\plaza_destroyed\blasted\vrml\destroyed.wrl <-- ctdev /services/http/80/htdocs/places/blasted/vrml destroyed.wrl
100.06.14 23:35 B D:\vanessa\Cybertown\work\plaza_destroyed\blasted\vrml\floor.jpg <-- ctdev /services/http/80/htdocs/places/blasted/vrml floor.jpg
100.06.14 23:35 B D:\vanessa\Cybertown\work\plaza_destroyed\blasted\vrml\freel.jpg <-- ctdev /services/http/80/htdocs/places/blasted/vrml freel.jpg
100.06.14 23:35 B D:\vanessa\Cybertown\work\plaza_destroyed\blasted\vrml\freew.jpg <-- ctdev /services/http/80/htdocs/places/blasted/vrml freew.jpg
100.06.14 23:35 B D:\vanessa\Cybertown\work\plaza_destroyed\blasted\vrml\libra.jpg <-- ctdev /services/http/80/htdocs/places/blasted/vrml libra.jpg
100.06.14 23:35 B D:\vanessa\Cybertown\work\plaza_destroyed\blasted\vrml\lights.jpg <-- ctdev /services/http/80/htdocs/places/blasted/vrml lights.jpg
100.06.14 23:35 B D:\vanessa\Cybertown\work\plaza_destroyed\blasted\vrml\mall.jpg <-- ctdev /services/http/80/htdocs/places/blasted/vrml mall.jpg
100.06.14 23:35 B D:\vanessa\Cybertown\work\plaza_destroyed\blasted\vrml\news.jpg <-- ctdev /services/http/80/htdocs/places/blasted/vrml news.jpg
100.06.14 23:35 B D:\vanessa\Cybertown\work\plaza_destroyed\blasted\vrml\plate.jpg <-- ctdev /services/http/80/htdocs/places/blasted/vrml plate.jpg
100.06.14 23:35 B D:\vanessa\Cybertown\work\plaza_destroyed\blasted\vrml\road.jpg <-- ctdev /services/http/80/htdocs/places/blasted/vrml road.jpg
100.06.14 23:35 B D:\vanessa\Cybertown\work\plaza_destroyed\blasted\vrml\siren.wav <-- ctdev /services/http/80/htdocs/places/blasted/vrml siren.wav
100.06.14 23:35 B D:\vanessa\Cybertown\work\plaza_destroyed\blasted\vrml\smoke.png <-- ctdev /services/http/80/htdocs/places/blasted/vrml smoke.png
100.06.14 23:35 B D:\vanessa\Cybertown\work\plaza_destroyed\blasted\vrml\theater.jpg <-- ctdev /services/http/80/htdocs/places/blasted/vrml theater.jpg
100.06.14 23:35 B D:\vanessa\Cybertown\work\plaza_destroyed\blasted\vrml\thecafe.jpg <-- ctdev /services/http/80/htdocs/places/blasted/vrml thecafe.jpg
100.06.14 23:35 B D:\vanessa\Cybertown\work\plaza_destroyed\blasted\vrml\top.jpg <-- ctdev /services/http/80/htdocs/places/blasted/vrml top.jpg
100.06.14 23:35 B D:\vanessa\Cybertown\work\plaza_destroyed\blasted\vrml\wall2.jpg <-- ctdev /services/http/80/htdocs/places/blasted/vrml wall2.jpg
100.06.14 23:35 B D:\vanessa\Cybertown\work\plaza_destroyed\blasted\vrml\welco.jpg <-- ctdev /services/http/80/htdocs/places/blasted/vrml welco.jpg
100.06.14 23:41 B D:\vanessa\Cybertown\work\plaza_destroyed\blasted\vrml\alarm.wav --> cybertown.com /services/http/80/htdocs/places/blasted/vrml alarm.wav
100.06.14 23:41 B D:\vanessa\Cybertown\work\plaza_destroyed\blasted\vrml\blbuid2.jpg --> cybertown.com /services/http/80/htdocs/places/blasted/vrml blbuid2.jpg
100.06.14 23:41 B D:\vanessa\Cybertown\work\plaza_destroyed\blasted\vrml\citiz.jpg --> cybertown.com /services/http/80/htdocs/places/blasted/vrml citiz.jpg
100.06.14 23:41 B D:\vanessa\Cybertown\work\plaza_destroyed\blasted\vrml\cityhal.jpg --> cybertown.com /services/http/80/htdocs/places/blasted/vrml cityhal.jpg
100.06.14 23:41 B D:\vanessa\Cybertown\work\plaza_destroyed\blasted\vrml\destroyed.wrl --> cybertown.com /services/http/80/htdocs/places/blasted/vrml destroyed.wrl
100.06.14 23:41 B D:\vanessa\Cybertown\work\plaza_destroyed\blasted\vrml\floor.jpg --> cybertown.com /services/http/80/htdocs/places/blasted/vrml floor.jpg
100.06.14 23:41 B D:\vanessa\Cybertown\work\plaza_destroyed\blasted\vrml\freel.jpg --> cybertown.com /services/http/80/htdocs/places/blasted/vrml freel.jpg
100.06.14 23:41 B D:\vanessa\Cybertown\work\plaza_destroyed\blasted\vrml\freew.jpg --> cybertown.com /services/http/80/htdocs/places/blasted/vrml freew.jpg
100.06.14 23:41 B D:\vanessa\Cybertown\work\plaza_destroyed\blasted\vrml\libra.jpg --> cybertown.com /services/http/80/htdocs/places/blasted/vrml libra.jpg
100.06.14 23:41 B D:\vanessa\Cybertown\work\plaza_destroyed\blasted\vrml\lights.jpg --> cybertown.com /services/http/80/htdocs/places/blasted/vrml lights.jpg
100.06.14 23:41 B D:\vanessa\Cybertown\work\plaza_destroyed\blasted\vrml\mall.jpg --> cybertown.com /services/http/80/htdocs/places/blasted/vrml mall.jpg
100.06.14 23:41 B D:\vanessa\Cybertown\work\plaza_destroyed\blasted\vrml\news.jpg --> cybertown.com /services/http/80/htdocs/places/blasted/vrml news.jpg
100.06.14 23:41 B D:\vanessa\Cybertown\work\plaza_destroyed\blasted\vrml\plate.jpg --> cybertown.com /services/http/80/htdocs/places/blasted/vrml plate.jpg
100.06.14 23:41 B D:\vanessa\Cybertown\work\plaza_destroyed\blasted\vrml\road.jpg --> cybertown.com /services/http/80/htdocs/places/blasted/vrml road.jpg
100.06.14 23:41 B D:\vanessa\Cybertown\work\plaza_destroyed\blasted\vrml\siren.wav --> cybertown.com /services/http/80/htdocs/places/blasted/vrml siren.wav
100.06.14 23:41 B D:\vanessa\Cybertown\work\plaza_destroyed\blasted\vrml\smoke.png --> cybertown.com /services/http/80/htdocs/places/blasted/vrml smoke.png
100.06.14 23:41 B D:\vanessa\Cybertown\work\plaza_destroyed\blasted\vrml\theater.jpg --> cybertown.com /services/http/80/htdocs/places/blasted/vrml theater.jpg
100.06.14 23:41 B D:\vanessa\Cybertown\work\plaza_destroyed\blasted\vrml\thecafe.jpg --> cybertown.com /services/http/80/htdocs/places/blasted/vrml thecafe.jpg
100.06.14 23:41 B D:\vanessa\Cybertown\work\plaza_destroyed\blasted\vrml\top.jpg --> cybertown.com /services/http/80/htdocs/places/blasted/vrml top.jpg
100.06.14 23:41 B D:\vanessa\Cybertown\work\plaza_destroyed\blasted\vrml\wall2.jpg --> cybertown.com /services/http/80/htdocs/places/blasted/vrml wall2.jpg
100.06.14 23:41 B D:\vanessa\Cybertown\work\plaza_destroyed\blasted\vrml\welco.jpg --> cybertown.com /services/http/80/htdocs/places/blasted/vrml welco.jpg
100.06.14 23:41 B D:\vanessa\Cybertown\work\plaza_destroyed\blasted\vrml\WS_FTP.LOG --> cybertown.com /services/http/80/htdocs/places/blasted/vrml WS_FTP.LOG
100.06.14 23:49 B D:\vanessa\Cybertown\work\plaza_destroyed\blasted\vrml2\alarm.wav --> cybertown.com /services/http/80/htdocs/places/enter/vrml2 alarm.wav
100.06.14 23:49 B D:\vanessa\Cybertown\work\plaza_destroyed\blasted\vrml2\blbuid2.jpg --> cybertown.com /services/http/80/htdocs/places/enter/vrml2 blbuid2.jpg
100.06.14 23:49 B D:\vanessa\Cybertown\work\plaza_destroyed\blasted\vrml2\citiz.jpg --> cybertown.com /services/http/80/htdocs/places/enter/vrml2 citiz.jpg
100.06.14 23:49 B D:\vanessa\Cybertown\work\plaza_destroyed\blasted\vrml2\cityhal.jpg --> cybertown.com /services/http/80/htdocs/places/enter/vrml2 cityhal.jpg
100.06.14 23:49 B D:\vanessa\Cybertown\work\plaza_destroyed\blasted\vrml2\enter.wrl --> cybertown.com /services/http/80/htdocs/places/enter/vrml2 enter.wrl
100.06.14 23:49 B D:\vanessa\Cybertown\work\plaza_destroyed\blasted\vrml2\floor.jpg --> cybertown.com /services/http/80/htdocs/places/enter/vrml2 floor.jpg
100.06.14 23:49 B D:\vanessa\Cybertown\work\plaza_destroyed\blasted\vrml2\freel.jpg --> cybertown.com /services/http/80/htdocs/places/enter/vrml2 freel.jpg
100.06.14 23:49 B D:\vanessa\Cybertown\work\plaza_destroyed\blasted\vrml2\freew.jpg --> cybertown.com /services/http/80/htdocs/places/enter/vrml2 freew.jpg
100.06.14 23:49 B D:\vanessa\Cybertown\work\plaza_destroyed\blasted\vrml2\libra.jpg --> cybertown.com /services/http/80/htdocs/places/enter/vrml2 libra.jpg
100.06.14 23:49 B D:\vanessa\Cybertown\work\plaza_destroyed\blasted\vrml2\lights.jpg --> cybertown.com /services/http/80/htdocs/places/enter/vrml2 lights.jpg
100.06.14 23:49 B D:\vanessa\Cybertown\work\plaza_destroyed\blasted\vrml2\mall.jpg --> cybertown.com /services/http/80/htdocs/places/enter/vrml2 mall.jpg
100.06.14 23:49 B D:\vanessa\Cybertown\work\plaza_destroyed\blasted\vrml2\news.jpg --> cybertown.com /services/http/80/htdocs/places/enter/vrml2 news.jpg
100.06.14 23:49 B D:\vanessa\Cybertown\work\plaza_destroyed\blasted\vrml2\plate.jpg --> cybertown.com /services/http/80/htdocs/places/enter/vrml2 plate.jpg
100.06.14 23:49 B D:\vanessa\Cybertown\work\plaza_destroyed\blasted\vrml2\road.jpg --> cybertown.com /services/http/80/htdocs/places/enter/vrml2 road.jpg
100.06.14 23:49 B D:\vanessa\Cybertown\work\plaza_destroyed\blasted\vrml2\siren.wav --> cybertown.com /services/http/80/htdocs/places/enter/vrml2 siren.wav
100.06.14 23:49 B D:\vanessa\Cybertown\work\plaza_destroyed\blasted\vrml2\smoke.png --> cybertown.com /services/http/80/htdocs/places/enter/vrml2 smoke.png
100.06.14 23:49 B D:\vanessa\Cybertown\work\plaza_destroyed\blasted\vrml2\theater.jpg --> cybertown.com /services/http/80/htdocs/places/enter/vrml2 theater.jpg
100.06.14 23:49 B D:\vanessa\Cybertown\work\plaza_destroyed\blasted\vrml2\thecafe.jpg --> cybertown.com /services/http/80/htdocs/places/enter/vrml2 thecafe.jpg
100.06.14 23:49 B D:\vanessa\Cybertown\work\plaza_destroyed\blasted\vrml2\top.jpg --> cybertown.com /services/http/80/htdocs/places/enter/vrml2 top.jpg
100.06.14 23:49 B D:\vanessa\Cybertown\work\plaza_destroyed\blasted\vrml2\wall2.jpg --> cybertown.com /services/http/80/htdocs/places/enter/vrml2 wall2.jpg
100.06.14 23:49 B D:\vanessa\Cybertown\work\plaza_destroyed\blasted\vrml2\welco.jpg --> cybertown.com /services/http/80/htdocs/places/enter/vrml2 welco.jpg
