2002.09.25 10:08 B d:\CT\cgi-bin\cybertown\templates\clubdir\_directory.cfg <-- cybertown /services/http/80/cgi-bin/cybertown/templates/clubdir _directory.cfg
2002.09.25 10:08 B d:\CT\cgi-bin\cybertown\templates\clubdir\_directory.tmpl <-- cybertown /services/http/80/cgi-bin/cybertown/templates/clubdir _directory.tmpl
2002.09.25 10:08 B d:\CT\cgi-bin\cybertown\templates\clubdir\_sponsorclubs.tmpl <-- cybertown /services/http/80/cgi-bin/cybertown/templates/clubdir _sponsorclubs.tmpl
2002.09.25 10:08 B d:\CT\cgi-bin\cybertown\templates\clubdir\action.cfg <-- cybertown /services/http/80/cgi-bin/cybertown/templates/clubdir action.cfg
2002.09.25 10:08 B d:\CT\cgi-bin\cybertown\templates\clubdir\action.tmpl <-- cybertown /services/http/80/cgi-bin/cybertown/templates/clubdir action.tmpl
2002.09.25 10:08 B d:\CT\cgi-bin\cybertown\templates\clubdir\activity.tmpl <-- cybertown /services/http/80/cgi-bin/cybertown/templates/clubdir activity.tmpl
2002.09.25 10:08 B d:\CT\cgi-bin\cybertown\templates\clubdir\actlist.cfg <-- cybertown /services/http/80/cgi-bin/cybertown/templates/clubdir actlist.cfg
2002.09.25 10:08 B d:\CT\cgi-bin\cybertown\templates\clubdir\actlist.tmpl <-- cybertown /services/http/80/cgi-bin/cybertown/templates/clubdir actlist.tmpl
2002.09.25 10:08 B d:\CT\cgi-bin\cybertown\templates\clubdir\charts.cfg <-- cybertown /services/http/80/cgi-bin/cybertown/templates/clubdir charts.cfg
2002.09.25 10:08 B d:\CT\cgi-bin\cybertown\templates\clubdir\charts.tmpl <-- cybertown /services/http/80/cgi-bin/cybertown/templates/clubdir charts.tmpl
2002.09.25 10:08 B d:\CT\cgi-bin\cybertown\templates\clubdir\check.cfg <-- cybertown /services/http/80/cgi-bin/cybertown/templates/clubdir check.cfg
2002.09.25 10:08 B d:\CT\cgi-bin\cybertown\templates\clubdir\check.tmpl <-- cybertown /services/http/80/cgi-bin/cybertown/templates/clubdir check.tmpl
2002.09.25 10:08 B d:\CT\cgi-bin\cybertown\templates\clubdir\create.cfg <-- cybertown /services/http/80/cgi-bin/cybertown/templates/clubdir create.cfg
2002.09.25 10:08 B d:\CT\cgi-bin\cybertown\templates\clubdir\create.tmpl <-- cybertown /services/http/80/cgi-bin/cybertown/templates/clubdir create.tmpl
2002.09.25 10:08 B d:\CT\cgi-bin\cybertown\templates\clubdir\dellist.cfg <-- cybertown /services/http/80/cgi-bin/cybertown/templates/clubdir dellist.cfg
2002.09.25 10:08 B d:\CT\cgi-bin\cybertown\templates\clubdir\dellist.tmpl <-- cybertown /services/http/80/cgi-bin/cybertown/templates/clubdir dellist.tmpl
2002.09.25 10:08 B d:\CT\cgi-bin\cybertown\templates\clubdir\directory.cfg <-- cybertown /services/http/80/cgi-bin/cybertown/templates/clubdir directory.cfg
2002.09.25 10:08 B d:\CT\cgi-bin\cybertown\templates\clubdir\directory.tmpl <-- cybertown /services/http/80/cgi-bin/cybertown/templates/clubdir directory.tmpl
2002.09.25 10:08 B d:\CT\cgi-bin\cybertown\templates\clubdir\dirtext.cfg <-- cybertown /services/http/80/cgi-bin/cybertown/templates/clubdir dirtext.cfg
2002.09.25 10:08 B d:\CT\cgi-bin\cybertown\templates\clubdir\dirtext.tmpl <-- cybertown /services/http/80/cgi-bin/cybertown/templates/clubdir dirtext.tmpl
2002.09.25 10:08 B d:\CT\cgi-bin\cybertown\templates\clubdir\error.tmpl <-- cybertown /services/http/80/cgi-bin/cybertown/templates/clubdir error.tmpl
2002.09.25 10:08 B d:\CT\cgi-bin\cybertown\templates\clubdir\index.tmpl <-- cybertown /services/http/80/cgi-bin/cybertown/templates/clubdir index.tmpl
2002.09.25 10:08 B d:\CT\cgi-bin\cybertown\templates\clubdir\locklist.cfg <-- cybertown /services/http/80/cgi-bin/cybertown/templates/clubdir locklist.cfg
2002.09.25 10:08 B d:\CT\cgi-bin\cybertown\templates\clubdir\locklist.tmpl <-- cybertown /services/http/80/cgi-bin/cybertown/templates/clubdir locklist.tmpl
2002.09.25 10:08 B d:\CT\cgi-bin\cybertown\templates\clubdir\place.tmpl <-- cybertown /services/http/80/cgi-bin/cybertown/templates/clubdir place.tmpl
2002.09.25 10:08 B d:\CT\cgi-bin\cybertown\templates\clubdir\plist.cfg <-- cybertown /services/http/80/cgi-bin/cybertown/templates/clubdir plist.cfg
2002.09.25 10:08 B d:\CT\cgi-bin\cybertown\templates\clubdir\plist.tmpl <-- cybertown /services/http/80/cgi-bin/cybertown/templates/clubdir plist.tmpl
2002.09.25 10:08 B d:\CT\cgi-bin\cybertown\templates\clubdir\postable.cfg <-- cybertown /services/http/80/cgi-bin/cybertown/templates/clubdir postable.cfg
2002.09.25 10:08 B d:\CT\cgi-bin\cybertown\templates\clubdir\postable.tmpl <-- cybertown /services/http/80/cgi-bin/cybertown/templates/clubdir postable.tmpl
2002.09.25 10:08 B d:\CT\cgi-bin\cybertown\templates\clubdir\sponsorclubs.tmpl <-- cybertown /services/http/80/cgi-bin/cybertown/templates/clubdir sponsorclubs.tmpl
2002.09.25 10:08 B d:\CT\cgi-bin\cybertown\templates\clubdir\sponsorclubs1.tmpl <-- cybertown /services/http/80/cgi-bin/cybertown/templates/clubdir sponsorclubs1.tmpl
2002.09.25 10:08 B d:\CT\cgi-bin\cybertown\templates\clubdir\topactivity.cfg <-- cybertown /services/http/80/cgi-bin/cybertown/templates/clubdir topactivity.cfg
2002.09.25 10:08 B d:\CT\cgi-bin\cybertown\templates\clubdir\topactivity.tmpl <-- cybertown /services/http/80/cgi-bin/cybertown/templates/clubdir topactivity.tmpl
2002.09.25 19:10 B c:\WINDOWS\Desktop\sec\Ct\cgi-bin\cybertown\templates\clubdir\WS_FTP.LOG --> ftp.cybertown.com /services/http/80/cgi-bin/cybertown/templates/clubdir WS_FTP.LOG
2002.09.25 19:22 B c:\WINDOWS\Desktop\sec\Ct\cgi-bin\cybertown\templates\clubdir\_directory.cfg --> ftp.cybertown.com /services/http/80/cgi-bin/cybertown/templates/clubdir _directory.cfg
2002.09.25 19:22 B c:\WINDOWS\Desktop\sec\Ct\cgi-bin\cybertown\templates\clubdir\_directory.tmpl --> ftp.cybertown.com /services/http/80/cgi-bin/cybertown/templates/clubdir _directory.tmpl
2002.09.25 19:22 B c:\WINDOWS\Desktop\sec\Ct\cgi-bin\cybertown\templates\clubdir\_sponsorclubs.tmpl --> ftp.cybertown.com /services/http/80/cgi-bin/cybertown/templates/clubdir _sponsorclubs.tmpl
2002.09.25 19:22 B c:\WINDOWS\Desktop\sec\Ct\cgi-bin\cybertown\templates\clubdir\action.cfg --> ftp.cybertown.com /services/http/80/cgi-bin/cybertown/templates/clubdir action.cfg
2002.09.25 19:22 B c:\WINDOWS\Desktop\sec\Ct\cgi-bin\cybertown\templates\clubdir\action.tmpl --> ftp.cybertown.com /services/http/80/cgi-bin/cybertown/templates/clubdir action.tmpl
2002.09.25 19:22 B c:\WINDOWS\Desktop\sec\Ct\cgi-bin\cybertown\templates\clubdir\activity.tmpl --> ftp.cybertown.com /services/http/80/cgi-bin/cybertown/templates/clubdir activity.tmpl
2002.09.25 19:22 B c:\WINDOWS\Desktop\sec\Ct\cgi-bin\cybertown\templates\clubdir\actlist.cfg --> ftp.cybertown.com /services/http/80/cgi-bin/cybertown/templates/clubdir actlist.cfg
2002.09.25 19:22 B c:\WINDOWS\Desktop\sec\Ct\cgi-bin\cybertown\templates\clubdir\actlist.tmpl --> ftp.cybertown.com /services/http/80/cgi-bin/cybertown/templates/clubdir actlist.tmpl
2002.09.25 19:22 B c:\WINDOWS\Desktop\sec\Ct\cgi-bin\cybertown\templates\clubdir\charts.cfg --> ftp.cybertown.com /services/http/80/cgi-bin/cybertown/templates/clubdir charts.cfg
2002.09.25 19:22 B c:\WINDOWS\Desktop\sec\Ct\cgi-bin\cybertown\templates\clubdir\charts.tmpl --> ftp.cybertown.com /services/http/80/cgi-bin/cybertown/templates/clubdir charts.tmpl
2002.09.25 19:22 B c:\WINDOWS\Desktop\sec\Ct\cgi-bin\cybertown\templates\clubdir\check.cfg --> ftp.cybertown.com /services/http/80/cgi-bin/cybertown/templates/clubdir check.cfg
2002.09.25 19:22 B c:\WINDOWS\Desktop\sec\Ct\cgi-bin\cybertown\templates\clubdir\check.tmpl --> ftp.cybertown.com /services/http/80/cgi-bin/cybertown/templates/clubdir check.tmpl
2002.09.25 19:22 B c:\WINDOWS\Desktop\sec\Ct\cgi-bin\cybertown\templates\clubdir\create.cfg --> ftp.cybertown.com /services/http/80/cgi-bin/cybertown/templates/clubdir create.cfg
2002.09.25 19:22 B c:\WINDOWS\Desktop\sec\Ct\cgi-bin\cybertown\templates\clubdir\create.tmpl --> ftp.cybertown.com /services/http/80/cgi-bin/cybertown/templates/clubdir create.tmpl
2002.09.25 19:22 B c:\WINDOWS\Desktop\sec\Ct\cgi-bin\cybertown\templates\clubdir\dellist.cfg --> ftp.cybertown.com /services/http/80/cgi-bin/cybertown/templates/clubdir dellist.cfg
2002.09.25 19:22 B c:\WINDOWS\Desktop\sec\Ct\cgi-bin\cybertown\templates\clubdir\dellist.tmpl --> ftp.cybertown.com /services/http/80/cgi-bin/cybertown/templates/clubdir dellist.tmpl
2002.09.25 19:22 B c:\WINDOWS\Desktop\sec\Ct\cgi-bin\cybertown\templates\clubdir\directory.cfg --> ftp.cybertown.com /services/http/80/cgi-bin/cybertown/templates/clubdir directory.cfg
2002.09.25 19:22 B c:\WINDOWS\Desktop\sec\Ct\cgi-bin\cybertown\templates\clubdir\directory.tmpl --> ftp.cybertown.com /services/http/80/cgi-bin/cybertown/templates/clubdir directory.tmpl
2002.09.25 19:22 B c:\WINDOWS\Desktop\sec\Ct\cgi-bin\cybertown\templates\clubdir\dirtext.cfg --> ftp.cybertown.com /services/http/80/cgi-bin/cybertown/templates/clubdir dirtext.cfg
2002.09.25 19:22 B c:\WINDOWS\Desktop\sec\Ct\cgi-bin\cybertown\templates\clubdir\dirtext.tmpl --> ftp.cybertown.com /services/http/80/cgi-bin/cybertown/templates/clubdir dirtext.tmpl
2002.09.25 19:22 B c:\WINDOWS\Desktop\sec\Ct\cgi-bin\cybertown\templates\clubdir\error.tmpl --> ftp.cybertown.com /services/http/80/cgi-bin/cybertown/templates/clubdir error.tmpl
2002.09.25 19:22 B c:\WINDOWS\Desktop\sec\Ct\cgi-bin\cybertown\templates\clubdir\index.tmpl --> ftp.cybertown.com /services/http/80/cgi-bin/cybertown/templates/clubdir index.tmpl
2002.09.25 19:22 B c:\WINDOWS\Desktop\sec\Ct\cgi-bin\cybertown\templates\clubdir\locklist.cfg --> ftp.cybertown.com /services/http/80/cgi-bin/cybertown/templates/clubdir locklist.cfg
2002.09.25 19:22 B c:\WINDOWS\Desktop\sec\Ct\cgi-bin\cybertown\templates\clubdir\locklist.tmpl --> ftp.cybertown.com /services/http/80/cgi-bin/cybertown/templates/clubdir locklist.tmpl
2002.09.25 19:22 B c:\WINDOWS\Desktop\sec\Ct\cgi-bin\cybertown\templates\clubdir\place.tmpl --> ftp.cybertown.com /services/http/80/cgi-bin/cybertown/templates/clubdir place.tmpl
2002.09.25 19:22 B c:\WINDOWS\Desktop\sec\Ct\cgi-bin\cybertown\templates\clubdir\plist.cfg --> ftp.cybertown.com /services/http/80/cgi-bin/cybertown/templates/clubdir plist.cfg
2002.09.25 19:22 B c:\WINDOWS\Desktop\sec\Ct\cgi-bin\cybertown\templates\clubdir\plist.tmpl --> ftp.cybertown.com /services/http/80/cgi-bin/cybertown/templates/clubdir plist.tmpl
2002.09.25 19:22 B c:\WINDOWS\Desktop\sec\Ct\cgi-bin\cybertown\templates\clubdir\postable.cfg --> ftp.cybertown.com /services/http/80/cgi-bin/cybertown/templates/clubdir postable.cfg
2002.09.25 19:22 B c:\WINDOWS\Desktop\sec\Ct\cgi-bin\cybertown\templates\clubdir\postable.tmpl --> ftp.cybertown.com /services/http/80/cgi-bin/cybertown/templates/clubdir postable.tmpl
2002.09.25 19:22 B c:\WINDOWS\Desktop\sec\Ct\cgi-bin\cybertown\templates\clubdir\sponsorclubs.tmpl --> ftp.cybertown.com /services/http/80/cgi-bin/cybertown/templates/clubdir sponsorclubs.tmpl
2002.09.25 19:22 B c:\WINDOWS\Desktop\sec\Ct\cgi-bin\cybertown\templates\clubdir\sponsorclubs1.tmpl --> ftp.cybertown.com /services/http/80/cgi-bin/cybertown/templates/clubdir sponsorclubs1.tmpl
2002.09.25 19:22 B c:\WINDOWS\Desktop\sec\Ct\cgi-bin\cybertown\templates\clubdir\topactivity.cfg --> ftp.cybertown.com /services/http/80/cgi-bin/cybertown/templates/clubdir topactivity.cfg
2002.09.25 19:22 B c:\WINDOWS\Desktop\sec\Ct\cgi-bin\cybertown\templates\clubdir\topactivity.tmpl --> ftp.cybertown.com /services/http/80/cgi-bin/cybertown/templates/clubdir topactivity.tmpl
