2002.09.25 10:07 B d:\CT\cgi-bin\cybertown\templates\citizen\_____action.tmpl <-- cybertown /services/http/80/cgi-bin/cybertown/templates/citizen _____action.tmpl
2002.09.25 10:07 B d:\CT\cgi-bin\cybertown\templates\citizen\___action.tmpl <-- cybertown /services/http/80/cgi-bin/cybertown/templates/citizen ___action.tmpl
2002.09.25 10:07 B d:\CT\cgi-bin\cybertown\templates\citizen\___list.tmpl <-- cybertown /services/http/80/cgi-bin/cybertown/templates/citizen ___list.tmpl
2002.09.25 10:07 B d:\CT\cgi-bin\cybertown\templates\citizen\_excl_upd.tmpl <-- cybertown /services/http/80/cgi-bin/cybertown/templates/citizen _excl_upd.tmpl
2002.09.25 10:07 B d:\CT\cgi-bin\cybertown\templates\citizen\action.cfg <-- cybertown /services/http/80/cgi-bin/cybertown/templates/citizen action.cfg
2002.09.25 10:07 B d:\CT\cgi-bin\cybertown\templates\citizen\action.tmpl <-- cybertown /services/http/80/cgi-bin/cybertown/templates/citizen action.tmpl
2002.09.25 10:07 B d:\CT\cgi-bin\cybertown\templates\citizen\editrole.cfg <-- cybertown /services/http/80/cgi-bin/cybertown/templates/citizen editrole.cfg
2002.09.25 10:07 B d:\CT\cgi-bin\cybertown\templates\citizen\editrole.tmpl <-- cybertown /services/http/80/cgi-bin/cybertown/templates/citizen editrole.tmpl
2002.09.25 10:07 B d:\CT\cgi-bin\cybertown\templates\citizen\excl.cfg <-- cybertown /services/http/80/cgi-bin/cybertown/templates/citizen excl.cfg
2002.09.25 10:07 B d:\CT\cgi-bin\cybertown\templates\citizen\excl.tmpl <-- cybertown /services/http/80/cgi-bin/cybertown/templates/citizen excl.tmpl
2002.09.25 10:07 B d:\CT\cgi-bin\cybertown\templates\citizen\excl_upd.cfg <-- cybertown /services/http/80/cgi-bin/cybertown/templates/citizen excl_upd.cfg
2002.09.25 10:07 B d:\CT\cgi-bin\cybertown\templates\citizen\excl_upd.tmpl <-- cybertown /services/http/80/cgi-bin/cybertown/templates/citizen excl_upd.tmpl
2002.09.25 10:07 B d:\CT\cgi-bin\cybertown\templates\citizen\info.cfg <-- cybertown /services/http/80/cgi-bin/cybertown/templates/citizen info.cfg
2002.09.25 10:07 B d:\CT\cgi-bin\cybertown\templates\citizen\info.tmpl <-- cybertown /services/http/80/cgi-bin/cybertown/templates/citizen info.tmpl
2002.09.25 10:07 B d:\CT\cgi-bin\cybertown\templates\citizen\list.cfg <-- cybertown /services/http/80/cgi-bin/cybertown/templates/citizen list.cfg
2002.09.25 10:07 B d:\CT\cgi-bin\cybertown\templates\citizen\list.tmpl <-- cybertown /services/http/80/cgi-bin/cybertown/templates/citizen list.tmpl
2002.09.25 10:07 B d:\CT\cgi-bin\cybertown\templates\citizen\listalnum.cfg <-- cybertown /services/http/80/cgi-bin/cybertown/templates/citizen listalnum.cfg
2002.09.25 10:07 B d:\CT\cgi-bin\cybertown\templates\citizen\listalnum.tmpl <-- cybertown /services/http/80/cgi-bin/cybertown/templates/citizen listalnum.tmpl
2002.09.25 10:07 B d:\CT\cgi-bin\cybertown\templates\citizen\listexperonly.cfg <-- cybertown /services/http/80/cgi-bin/cybertown/templates/citizen listexperonly.cfg
2002.09.25 10:07 B d:\CT\cgi-bin\cybertown\templates\citizen\listexperonly.tmpl <-- cybertown /services/http/80/cgi-bin/cybertown/templates/citizen listexperonly.tmpl
2002.09.25 10:07 B d:\CT\cgi-bin\cybertown\templates\citizen\memrol.cfg <-- cybertown /services/http/80/cgi-bin/cybertown/templates/citizen memrol.cfg
2002.09.25 10:07 B d:\CT\cgi-bin\cybertown\templates\citizen\memrol.tmpl <-- cybertown /services/http/80/cgi-bin/cybertown/templates/citizen memrol.tmpl
2002.09.25 10:07 B d:\CT\cgi-bin\cybertown\templates\citizen\present.tmpl <-- cybertown /services/http/80/cgi-bin/cybertown/templates/citizen present.tmpl
2002.09.25 10:07 B d:\CT\cgi-bin\cybertown\templates\citizen\rolem.cfg <-- cybertown /services/http/80/cgi-bin/cybertown/templates/citizen rolem.cfg
2002.09.25 10:07 B d:\CT\cgi-bin\cybertown\templates\citizen\rolem.tmpl <-- cybertown /services/http/80/cgi-bin/cybertown/templates/citizen rolem.tmpl
2002.09.25 19:10 B c:\WINDOWS\Desktop\sec\Ct\cgi-bin\cybertown\templates\citizen\WS_FTP.LOG --> ftp.cybertown.com /services/http/80/cgi-bin/cybertown/templates/citizen WS_FTP.LOG
2002.09.25 19:21 B c:\WINDOWS\Desktop\sec\Ct\cgi-bin\cybertown\templates\citizen\_____action.tmpl --> ftp.cybertown.com /services/http/80/cgi-bin/cybertown/templates/citizen _____action.tmpl
2002.09.25 19:21 B c:\WINDOWS\Desktop\sec\Ct\cgi-bin\cybertown\templates\citizen\___action.tmpl --> ftp.cybertown.com /services/http/80/cgi-bin/cybertown/templates/citizen ___action.tmpl
2002.09.25 19:21 B c:\WINDOWS\Desktop\sec\Ct\cgi-bin\cybertown\templates\citizen\___list.tmpl --> ftp.cybertown.com /services/http/80/cgi-bin/cybertown/templates/citizen ___list.tmpl
2002.09.25 19:21 B c:\WINDOWS\Desktop\sec\Ct\cgi-bin\cybertown\templates\citizen\_excl_upd.tmpl --> ftp.cybertown.com /services/http/80/cgi-bin/cybertown/templates/citizen _excl_upd.tmpl
2002.09.25 19:21 B c:\WINDOWS\Desktop\sec\Ct\cgi-bin\cybertown\templates\citizen\action.cfg --> ftp.cybertown.com /services/http/80/cgi-bin/cybertown/templates/citizen action.cfg
2002.09.25 19:21 B c:\WINDOWS\Desktop\sec\Ct\cgi-bin\cybertown\templates\citizen\action.tmpl --> ftp.cybertown.com /services/http/80/cgi-bin/cybertown/templates/citizen action.tmpl
2002.09.25 19:21 B c:\WINDOWS\Desktop\sec\Ct\cgi-bin\cybertown\templates\citizen\editrole.cfg --> ftp.cybertown.com /services/http/80/cgi-bin/cybertown/templates/citizen editrole.cfg
2002.09.25 19:21 B c:\WINDOWS\Desktop\sec\Ct\cgi-bin\cybertown\templates\citizen\editrole.tmpl --> ftp.cybertown.com /services/http/80/cgi-bin/cybertown/templates/citizen editrole.tmpl
2002.09.25 19:21 B c:\WINDOWS\Desktop\sec\Ct\cgi-bin\cybertown\templates\citizen\excl.cfg --> ftp.cybertown.com /services/http/80/cgi-bin/cybertown/templates/citizen excl.cfg
2002.09.25 19:21 B c:\WINDOWS\Desktop\sec\Ct\cgi-bin\cybertown\templates\citizen\excl.tmpl --> ftp.cybertown.com /services/http/80/cgi-bin/cybertown/templates/citizen excl.tmpl
2002.09.25 19:21 B c:\WINDOWS\Desktop\sec\Ct\cgi-bin\cybertown\templates\citizen\excl_upd.cfg --> ftp.cybertown.com /services/http/80/cgi-bin/cybertown/templates/citizen excl_upd.cfg
2002.09.25 19:21 B c:\WINDOWS\Desktop\sec\Ct\cgi-bin\cybertown\templates\citizen\excl_upd.tmpl --> ftp.cybertown.com /services/http/80/cgi-bin/cybertown/templates/citizen excl_upd.tmpl
2002.09.25 19:21 B c:\WINDOWS\Desktop\sec\Ct\cgi-bin\cybertown\templates\citizen\info.cfg --> ftp.cybertown.com /services/http/80/cgi-bin/cybertown/templates/citizen info.cfg
2002.09.25 19:21 B c:\WINDOWS\Desktop\sec\Ct\cgi-bin\cybertown\templates\citizen\info.tmpl --> ftp.cybertown.com /services/http/80/cgi-bin/cybertown/templates/citizen info.tmpl
2002.09.25 19:21 B c:\WINDOWS\Desktop\sec\Ct\cgi-bin\cybertown\templates\citizen\list.cfg --> ftp.cybertown.com /services/http/80/cgi-bin/cybertown/templates/citizen list.cfg
2002.09.25 19:21 B c:\WINDOWS\Desktop\sec\Ct\cgi-bin\cybertown\templates\citizen\list.tmpl --> ftp.cybertown.com /services/http/80/cgi-bin/cybertown/templates/citizen list.tmpl
2002.09.25 19:21 B c:\WINDOWS\Desktop\sec\Ct\cgi-bin\cybertown\templates\citizen\listalnum.cfg --> ftp.cybertown.com /services/http/80/cgi-bin/cybertown/templates/citizen listalnum.cfg
2002.09.25 19:21 B c:\WINDOWS\Desktop\sec\Ct\cgi-bin\cybertown\templates\citizen\listalnum.tmpl --> ftp.cybertown.com /services/http/80/cgi-bin/cybertown/templates/citizen listalnum.tmpl
2002.09.25 19:21 B c:\WINDOWS\Desktop\sec\Ct\cgi-bin\cybertown\templates\citizen\listexperonly.cfg --> ftp.cybertown.com /services/http/80/cgi-bin/cybertown/templates/citizen listexperonly.cfg
2002.09.25 19:21 B c:\WINDOWS\Desktop\sec\Ct\cgi-bin\cybertown\templates\citizen\listexperonly.tmpl --> ftp.cybertown.com /services/http/80/cgi-bin/cybertown/templates/citizen listexperonly.tmpl
2002.09.25 19:21 B c:\WINDOWS\Desktop\sec\Ct\cgi-bin\cybertown\templates\citizen\memrol.cfg --> ftp.cybertown.com /services/http/80/cgi-bin/cybertown/templates/citizen memrol.cfg
2002.09.25 19:21 B c:\WINDOWS\Desktop\sec\Ct\cgi-bin\cybertown\templates\citizen\memrol.tmpl --> ftp.cybertown.com /services/http/80/cgi-bin/cybertown/templates/citizen memrol.tmpl
2002.09.25 19:21 B c:\WINDOWS\Desktop\sec\Ct\cgi-bin\cybertown\templates\citizen\present.tmpl --> ftp.cybertown.com /services/http/80/cgi-bin/cybertown/templates/citizen present.tmpl
2002.09.25 19:21 B c:\WINDOWS\Desktop\sec\Ct\cgi-bin\cybertown\templates\citizen\rolem.cfg --> ftp.cybertown.com /services/http/80/cgi-bin/cybertown/templates/citizen rolem.cfg
2002.09.25 19:21 B c:\WINDOWS\Desktop\sec\Ct\cgi-bin\cybertown\templates\citizen\rolem.tmpl --> ftp.cybertown.com /services/http/80/cgi-bin/cybertown/templates/citizen rolem.tmpl
