2002.09.25 10:06 B d:\CT\cgi-bin\cybertown\templates\block\___mapinfo.tmpl <-- cybertown /services/http/80/cgi-bin/cybertown/templates/block ___mapinfo.tmpl
2002.09.25 10:06 B d:\CT\cgi-bin\cybertown\templates\block\___menu.tmpl <-- cybertown /services/http/80/cgi-bin/cybertown/templates/block ___menu.tmpl
2002.09.25 10:06 B d:\CT\cgi-bin\cybertown\templates\block\_action.tmpl <-- cybertown /services/http/80/cgi-bin/cybertown/templates/block _action.tmpl
2002.09.25 10:06 B d:\CT\cgi-bin\cybertown\templates\block\_index.tmpl <-- cybertown /services/http/80/cgi-bin/cybertown/templates/block _index.tmpl
2002.09.25 10:06 B d:\CT\cgi-bin\cybertown\templates\block\action.cfg <-- cybertown /services/http/80/cgi-bin/cybertown/templates/block action.cfg
2002.09.25 10:06 B d:\CT\cgi-bin\cybertown\templates\block\action.tmpl <-- cybertown /services/http/80/cgi-bin/cybertown/templates/block action.tmpl
2002.09.25 10:06 B d:\CT\cgi-bin\cybertown\templates\block\action2.tmpl <-- cybertown /services/http/80/cgi-bin/cybertown/templates/block action2.tmpl
2002.09.25 10:06 B d:\CT\cgi-bin\cybertown\templates\block\action_hi-tek.tmpl <-- cybertown /services/http/80/cgi-bin/cybertown/templates/block action_hi-tek.tmpl
2002.09.25 10:06 B d:\CT\cgi-bin\cybertown\templates\block\action_standard.tmpl <-- cybertown /services/http/80/cgi-bin/cybertown/templates/block action_standard.tmpl
2002.09.25 10:06 B d:\CT\cgi-bin\cybertown\templates\block\actionfs.tmpl <-- cybertown /services/http/80/cgi-bin/cybertown/templates/block actionfs.tmpl
2002.09.25 10:06 B d:\CT\cgi-bin\cybertown\templates\block\check.tmpl <-- cybertown /services/http/80/cgi-bin/cybertown/templates/block check.tmpl
2002.09.25 10:06 B d:\CT\cgi-bin\cybertown\templates\block\checksubmit.tmpl <-- cybertown /services/http/80/cgi-bin/cybertown/templates/block checksubmit.tmpl
2002.09.25 10:06 B d:\CT\cgi-bin\cybertown\templates\block\error.tmpl <-- cybertown /services/http/80/cgi-bin/cybertown/templates/block error.tmpl
2002.09.25 10:06 B d:\CT\cgi-bin\cybertown\templates\block\free.tmpl <-- cybertown /services/http/80/cgi-bin/cybertown/templates/block free.tmpl
2002.09.25 10:06 B d:\CT\cgi-bin\cybertown\templates\block\freeset.tmpl <-- cybertown /services/http/80/cgi-bin/cybertown/templates/block freeset.tmpl
2002.09.25 10:06 B d:\CT\cgi-bin\cybertown\templates\block\index.tmpl <-- cybertown /services/http/80/cgi-bin/cybertown/templates/block index.tmpl
2002.09.25 10:06 B d:\CT\cgi-bin\cybertown\templates\block\index2.tmpl <-- cybertown /services/http/80/cgi-bin/cybertown/templates/block index2.tmpl
2002.09.25 10:06 B d:\CT\cgi-bin\cybertown\templates\block\info.tmpl <-- cybertown /services/http/80/cgi-bin/cybertown/templates/block info.tmpl
2002.09.25 10:06 B d:\CT\cgi-bin\cybertown\templates\block\main.tmpl <-- cybertown /services/http/80/cgi-bin/cybertown/templates/block main.tmpl
2002.09.25 10:06 B d:\CT\cgi-bin\cybertown\templates\block\mapinfo.cfg <-- cybertown /services/http/80/cgi-bin/cybertown/templates/block mapinfo.cfg
2002.09.25 10:06 B d:\CT\cgi-bin\cybertown\templates\block\mapinfo.tmpl <-- cybertown /services/http/80/cgi-bin/cybertown/templates/block mapinfo.tmpl
2002.09.25 10:06 B d:\CT\cgi-bin\cybertown\templates\block\menu.cfg <-- cybertown /services/http/80/cgi-bin/cybertown/templates/block menu.cfg
2002.09.25 10:06 B d:\CT\cgi-bin\cybertown\templates\block\menu.tmpl <-- cybertown /services/http/80/cgi-bin/cybertown/templates/block menu.tmpl
2002.09.25 10:06 B d:\CT\cgi-bin\cybertown\templates\block\move.tmpl <-- cybertown /services/http/80/cgi-bin/cybertown/templates/block move.tmpl
2002.09.25 10:06 B d:\CT\cgi-bin\cybertown\templates\block\place.tmpl <-- cybertown /services/http/80/cgi-bin/cybertown/templates/block place.tmpl
2002.09.25 10:06 B d:\CT\cgi-bin\cybertown\templates\block\plist.cfg <-- cybertown /services/http/80/cgi-bin/cybertown/templates/block plist.cfg
2002.09.25 10:06 B d:\CT\cgi-bin\cybertown\templates\block\plist.tmpl <-- cybertown /services/http/80/cgi-bin/cybertown/templates/block plist.tmpl
2002.09.25 10:06 B d:\CT\cgi-bin\cybertown\templates\block\pobj.cfg <-- cybertown /services/http/80/cgi-bin/cybertown/templates/block pobj.cfg
2002.09.25 10:06 B d:\CT\cgi-bin\cybertown\templates\block\pobj.tmpl <-- cybertown /services/http/80/cgi-bin/cybertown/templates/block pobj.tmpl
2002.09.25 10:07 B d:\CT\cgi-bin\cybertown\templates\block\present.tmpl <-- cybertown /services/http/80/cgi-bin/cybertown/templates/block present.tmpl
2002.09.25 10:07 B d:\CT\cgi-bin\cybertown\templates\block\textlist.cfg <-- cybertown /services/http/80/cgi-bin/cybertown/templates/block textlist.cfg
2002.09.25 10:07 B d:\CT\cgi-bin\cybertown\templates\block\textlist.tmpl <-- cybertown /services/http/80/cgi-bin/cybertown/templates/block textlist.tmpl
2002.09.25 19:10 B c:\WINDOWS\Desktop\sec\Ct\cgi-bin\cybertown\templates\block\WS_FTP.LOG --> ftp.cybertown.com /services/http/80/cgi-bin/cybertown/templates/block WS_FTP.LOG
2002.09.25 19:19 B c:\WINDOWS\Desktop\sec\Ct\cgi-bin\cybertown\templates\block\___mapinfo.tmpl --> ftp.cybertown.com /services/http/80/cgi-bin/cybertown/templates/block ___mapinfo.tmpl
2002.09.25 19:19 B c:\WINDOWS\Desktop\sec\Ct\cgi-bin\cybertown\templates\block\___menu.tmpl --> ftp.cybertown.com /services/http/80/cgi-bin/cybertown/templates/block ___menu.tmpl
2002.09.25 19:19 B c:\WINDOWS\Desktop\sec\Ct\cgi-bin\cybertown\templates\block\_action.tmpl --> ftp.cybertown.com /services/http/80/cgi-bin/cybertown/templates/block _action.tmpl
2002.09.25 19:19 B c:\WINDOWS\Desktop\sec\Ct\cgi-bin\cybertown\templates\block\_index.tmpl --> ftp.cybertown.com /services/http/80/cgi-bin/cybertown/templates/block _index.tmpl
2002.09.25 19:19 B c:\WINDOWS\Desktop\sec\Ct\cgi-bin\cybertown\templates\block\action.cfg --> ftp.cybertown.com /services/http/80/cgi-bin/cybertown/templates/block action.cfg
2002.09.25 19:19 B c:\WINDOWS\Desktop\sec\Ct\cgi-bin\cybertown\templates\block\action.tmpl --> ftp.cybertown.com /services/http/80/cgi-bin/cybertown/templates/block action.tmpl
2002.09.25 19:19 B c:\WINDOWS\Desktop\sec\Ct\cgi-bin\cybertown\templates\block\action2.tmpl --> ftp.cybertown.com /services/http/80/cgi-bin/cybertown/templates/block action2.tmpl
2002.09.25 19:19 B c:\WINDOWS\Desktop\sec\Ct\cgi-bin\cybertown\templates\block\action_hi-tek.tmpl --> ftp.cybertown.com /services/http/80/cgi-bin/cybertown/templates/block action_hi-tek.tmpl
2002.09.25 19:19 B c:\WINDOWS\Desktop\sec\Ct\cgi-bin\cybertown\templates\block\action_standard.tmpl --> ftp.cybertown.com /services/http/80/cgi-bin/cybertown/templates/block action_standard.tmpl
2002.09.25 19:19 B c:\WINDOWS\Desktop\sec\Ct\cgi-bin\cybertown\templates\block\actionfs.tmpl --> ftp.cybertown.com /services/http/80/cgi-bin/cybertown/templates/block actionfs.tmpl
2002.09.25 19:19 B c:\WINDOWS\Desktop\sec\Ct\cgi-bin\cybertown\templates\block\check.tmpl --> ftp.cybertown.com /services/http/80/cgi-bin/cybertown/templates/block check.tmpl
2002.09.25 19:19 B c:\WINDOWS\Desktop\sec\Ct\cgi-bin\cybertown\templates\block\checksubmit.tmpl --> ftp.cybertown.com /services/http/80/cgi-bin/cybertown/templates/block checksubmit.tmpl
2002.09.25 19:19 B c:\WINDOWS\Desktop\sec\Ct\cgi-bin\cybertown\templates\block\error.tmpl --> ftp.cybertown.com /services/http/80/cgi-bin/cybertown/templates/block error.tmpl
2002.09.25 19:19 B c:\WINDOWS\Desktop\sec\Ct\cgi-bin\cybertown\templates\block\free.tmpl --> ftp.cybertown.com /services/http/80/cgi-bin/cybertown/templates/block free.tmpl
2002.09.25 19:19 B c:\WINDOWS\Desktop\sec\Ct\cgi-bin\cybertown\templates\block\freeset.tmpl --> ftp.cybertown.com /services/http/80/cgi-bin/cybertown/templates/block freeset.tmpl
2002.09.25 19:19 B c:\WINDOWS\Desktop\sec\Ct\cgi-bin\cybertown\templates\block\index.tmpl --> ftp.cybertown.com /services/http/80/cgi-bin/cybertown/templates/block index.tmpl
2002.09.25 19:19 B c:\WINDOWS\Desktop\sec\Ct\cgi-bin\cybertown\templates\block\index2.tmpl --> ftp.cybertown.com /services/http/80/cgi-bin/cybertown/templates/block index2.tmpl
2002.09.25 19:19 B c:\WINDOWS\Desktop\sec\Ct\cgi-bin\cybertown\templates\block\info.tmpl --> ftp.cybertown.com /services/http/80/cgi-bin/cybertown/templates/block info.tmpl
2002.09.25 19:19 B c:\WINDOWS\Desktop\sec\Ct\cgi-bin\cybertown\templates\block\main.tmpl --> ftp.cybertown.com /services/http/80/cgi-bin/cybertown/templates/block main.tmpl
2002.09.25 19:19 B c:\WINDOWS\Desktop\sec\Ct\cgi-bin\cybertown\templates\block\mapinfo.cfg --> ftp.cybertown.com /services/http/80/cgi-bin/cybertown/templates/block mapinfo.cfg
2002.09.25 19:19 B c:\WINDOWS\Desktop\sec\Ct\cgi-bin\cybertown\templates\block\mapinfo.tmpl --> ftp.cybertown.com /services/http/80/cgi-bin/cybertown/templates/block mapinfo.tmpl
2002.09.25 19:19 B c:\WINDOWS\Desktop\sec\Ct\cgi-bin\cybertown\templates\block\menu.cfg --> ftp.cybertown.com /services/http/80/cgi-bin/cybertown/templates/block menu.cfg
2002.09.25 19:19 B c:\WINDOWS\Desktop\sec\Ct\cgi-bin\cybertown\templates\block\menu.tmpl --> ftp.cybertown.com /services/http/80/cgi-bin/cybertown/templates/block menu.tmpl
2002.09.25 19:19 B c:\WINDOWS\Desktop\sec\Ct\cgi-bin\cybertown\templates\block\move.tmpl --> ftp.cybertown.com /services/http/80/cgi-bin/cybertown/templates/block move.tmpl
2002.09.25 19:19 B c:\WINDOWS\Desktop\sec\Ct\cgi-bin\cybertown\templates\block\place.tmpl --> ftp.cybertown.com /services/http/80/cgi-bin/cybertown/templates/block place.tmpl
2002.09.25 19:19 B c:\WINDOWS\Desktop\sec\Ct\cgi-bin\cybertown\templates\block\plist.cfg --> ftp.cybertown.com /services/http/80/cgi-bin/cybertown/templates/block plist.cfg
2002.09.25 19:19 B c:\WINDOWS\Desktop\sec\Ct\cgi-bin\cybertown\templates\block\plist.tmpl --> ftp.cybertown.com /services/http/80/cgi-bin/cybertown/templates/block plist.tmpl
2002.09.25 19:19 B c:\WINDOWS\Desktop\sec\Ct\cgi-bin\cybertown\templates\block\pobj.cfg --> ftp.cybertown.com /services/http/80/cgi-bin/cybertown/templates/block pobj.cfg
2002.09.25 19:19 B c:\WINDOWS\Desktop\sec\Ct\cgi-bin\cybertown\templates\block\pobj.tmpl --> ftp.cybertown.com /services/http/80/cgi-bin/cybertown/templates/block pobj.tmpl
2002.09.25 19:20 B c:\WINDOWS\Desktop\sec\Ct\cgi-bin\cybertown\templates\block\present.tmpl --> ftp.cybertown.com /services/http/80/cgi-bin/cybertown/templates/block present.tmpl
2002.09.25 19:20 B c:\WINDOWS\Desktop\sec\Ct\cgi-bin\cybertown\templates\block\textlist.cfg --> ftp.cybertown.com /services/http/80/cgi-bin/cybertown/templates/block textlist.cfg
2002.09.25 19:20 B c:\WINDOWS\Desktop\sec\Ct\cgi-bin\cybertown\templates\block\textlist.tmpl --> ftp.cybertown.com /services/http/80/cgi-bin/cybertown/templates/block textlist.tmpl
