2002.09.25 10:16 B d:\CT\cgi-bin\cybertown\templates\object\3d.cfg <-- cybertown /services/http/80/cgi-bin/cybertown/templates/object 3d.cfg
2002.09.25 10:16 B d:\CT\cgi-bin\cybertown\templates\object\3d.tmpl <-- cybertown /services/http/80/cgi-bin/cybertown/templates/object 3d.tmpl
2002.09.25 10:16 B d:\CT\cgi-bin\cybertown\templates\object\axis.tmpl <-- cybertown /services/http/80/cgi-bin/cybertown/templates/object axis.tmpl
2002.09.25 10:16 B d:\CT\cgi-bin\cybertown\templates\object\check.cfg <-- cybertown /services/http/80/cgi-bin/cybertown/templates/object check.cfg
2002.09.25 10:16 B d:\CT\cgi-bin\cybertown\templates\object\check.tmpl <-- cybertown /services/http/80/cgi-bin/cybertown/templates/object check.tmpl
2002.09.25 10:16 B d:\CT\cgi-bin\cybertown\templates\object\check_tmpl.iwos <-- cybertown /services/http/80/cgi-bin/cybertown/templates/object check_tmpl.iwos
2002.09.25 10:16 B d:\CT\cgi-bin\cybertown\templates\object\cl_check.cfg <-- cybertown /services/http/80/cgi-bin/cybertown/templates/object cl_check.cfg
2002.09.25 10:16 B d:\CT\cgi-bin\cybertown\templates\object\cl_check.tmpl <-- cybertown /services/http/80/cgi-bin/cybertown/templates/object cl_check.tmpl
2002.09.25 10:16 B d:\CT\cgi-bin\cybertown\templates\object\display.cfg <-- cybertown /services/http/80/cgi-bin/cybertown/templates/object display.cfg
2002.09.25 10:16 B d:\CT\cgi-bin\cybertown\templates\object\display.tmpl <-- cybertown /services/http/80/cgi-bin/cybertown/templates/object display.tmpl
2002.09.25 10:16 B d:\CT\cgi-bin\cybertown\templates\object\display_cfg.iwos <-- cybertown /services/http/80/cgi-bin/cybertown/templates/object display_cfg.iwos
2002.09.25 10:16 B d:\CT\cgi-bin\cybertown\templates\object\display_tmpl.iwos <-- cybertown /services/http/80/cgi-bin/cybertown/templates/object display_tmpl.iwos
2002.09.25 10:16 B d:\CT\cgi-bin\cybertown\templates\object\error.tmpl <-- cybertown /services/http/80/cgi-bin/cybertown/templates/object error.tmpl
2002.09.25 10:16 B d:\CT\cgi-bin\cybertown\templates\object\list.tmpl <-- cybertown /services/http/80/cgi-bin/cybertown/templates/object list.tmpl
2002.09.25 10:16 B d:\CT\cgi-bin\cybertown\templates\object\list_1000427.tmpl <-- cybertown /services/http/80/cgi-bin/cybertown/templates/object list_1000427.tmpl
2002.09.25 10:16 B d:\CT\cgi-bin\cybertown\templates\object\obj_chk.tmpl <-- cybertown /services/http/80/cgi-bin/cybertown/templates/object obj_chk.tmpl
2002.09.25 10:16 B d:\CT\cgi-bin\cybertown\templates\object\reject.cfg <-- cybertown /services/http/80/cgi-bin/cybertown/templates/object reject.cfg
2002.09.25 10:16 B d:\CT\cgi-bin\cybertown\templates\object\reject.tmpl <-- cybertown /services/http/80/cgi-bin/cybertown/templates/object reject.tmpl
2002.09.25 10:16 B d:\CT\cgi-bin\cybertown\templates\object\upload.cfg <-- cybertown /services/http/80/cgi-bin/cybertown/templates/object upload.cfg
2002.09.25 10:16 B d:\CT\cgi-bin\cybertown\templates\object\upload.tmpl <-- cybertown /services/http/80/cgi-bin/cybertown/templates/object upload.tmpl
2002.09.25 19:12 B c:\WINDOWS\Desktop\sec\Ct\cgi-bin\cybertown\templates\object\WS_FTP.LOG --> ftp.cybertown.com /services/http/80/cgi-bin/cybertown/templates/object WS_FTP.LOG
2002.09.25 19:28 B c:\WINDOWS\Desktop\sec\Ct\cgi-bin\cybertown\templates\object\3d.cfg --> ftp.cybertown.com /services/http/80/cgi-bin/cybertown/templates/object 3d.cfg
2002.09.25 19:28 B c:\WINDOWS\Desktop\sec\Ct\cgi-bin\cybertown\templates\object\3d.tmpl --> ftp.cybertown.com /services/http/80/cgi-bin/cybertown/templates/object 3d.tmpl
2002.09.25 19:28 B c:\WINDOWS\Desktop\sec\Ct\cgi-bin\cybertown\templates\object\axis.tmpl --> ftp.cybertown.com /services/http/80/cgi-bin/cybertown/templates/object axis.tmpl
2002.09.25 19:28 B c:\WINDOWS\Desktop\sec\Ct\cgi-bin\cybertown\templates\object\check.cfg --> ftp.cybertown.com /services/http/80/cgi-bin/cybertown/templates/object check.cfg
2002.09.25 19:28 B c:\WINDOWS\Desktop\sec\Ct\cgi-bin\cybertown\templates\object\check.tmpl --> ftp.cybertown.com /services/http/80/cgi-bin/cybertown/templates/object check.tmpl
2002.09.25 19:28 B c:\WINDOWS\Desktop\sec\Ct\cgi-bin\cybertown\templates\object\check_tmpl.iwos --> ftp.cybertown.com /services/http/80/cgi-bin/cybertown/templates/object check_tmpl.iwos
2002.09.25 19:28 B c:\WINDOWS\Desktop\sec\Ct\cgi-bin\cybertown\templates\object\cl_check.cfg --> ftp.cybertown.com /services/http/80/cgi-bin/cybertown/templates/object cl_check.cfg
2002.09.25 19:28 B c:\WINDOWS\Desktop\sec\Ct\cgi-bin\cybertown\templates\object\cl_check.tmpl --> ftp.cybertown.com /services/http/80/cgi-bin/cybertown/templates/object cl_check.tmpl
2002.09.25 19:28 B c:\WINDOWS\Desktop\sec\Ct\cgi-bin\cybertown\templates\object\display.cfg --> ftp.cybertown.com /services/http/80/cgi-bin/cybertown/templates/object display.cfg
2002.09.25 19:28 B c:\WINDOWS\Desktop\sec\Ct\cgi-bin\cybertown\templates\object\display.tmpl --> ftp.cybertown.com /services/http/80/cgi-bin/cybertown/templates/object display.tmpl
2002.09.25 19:28 B c:\WINDOWS\Desktop\sec\Ct\cgi-bin\cybertown\templates\object\display_cfg.iwos --> ftp.cybertown.com /services/http/80/cgi-bin/cybertown/templates/object display_cfg.iwos
2002.09.25 19:28 B c:\WINDOWS\Desktop\sec\Ct\cgi-bin\cybertown\templates\object\display_tmpl.iwos --> ftp.cybertown.com /services/http/80/cgi-bin/cybertown/templates/object display_tmpl.iwos
2002.09.25 19:28 B c:\WINDOWS\Desktop\sec\Ct\cgi-bin\cybertown\templates\object\error.tmpl --> ftp.cybertown.com /services/http/80/cgi-bin/cybertown/templates/object error.tmpl
2002.09.25 19:28 B c:\WINDOWS\Desktop\sec\Ct\cgi-bin\cybertown\templates\object\list.tmpl --> ftp.cybertown.com /services/http/80/cgi-bin/cybertown/templates/object list.tmpl
2002.09.25 19:28 B c:\WINDOWS\Desktop\sec\Ct\cgi-bin\cybertown\templates\object\list_1000427.tmpl --> ftp.cybertown.com /services/http/80/cgi-bin/cybertown/templates/object list_1000427.tmpl
2002.09.25 19:28 B c:\WINDOWS\Desktop\sec\Ct\cgi-bin\cybertown\templates\object\obj_chk.tmpl --> ftp.cybertown.com /services/http/80/cgi-bin/cybertown/templates/object obj_chk.tmpl
2002.09.25 19:28 B c:\WINDOWS\Desktop\sec\Ct\cgi-bin\cybertown\templates\object\reject.cfg --> ftp.cybertown.com /services/http/80/cgi-bin/cybertown/templates/object reject.cfg
2002.09.25 19:28 B c:\WINDOWS\Desktop\sec\Ct\cgi-bin\cybertown\templates\object\reject.tmpl --> ftp.cybertown.com /services/http/80/cgi-bin/cybertown/templates/object reject.tmpl
2002.09.25 19:28 B c:\WINDOWS\Desktop\sec\Ct\cgi-bin\cybertown\templates\object\upload.cfg --> ftp.cybertown.com /services/http/80/cgi-bin/cybertown/templates/object upload.cfg
2002.09.25 19:28 B c:\WINDOWS\Desktop\sec\Ct\cgi-bin\cybertown\templates\object\upload.tmpl --> ftp.cybertown.com /services/http/80/cgi-bin/cybertown/templates/object upload.tmpl
