2002.09.25 10:27 B d:\CT\cgi-bin\cybertown\templates\register\_cforgot2.tmpl <-- cybertown /services/http/80/cgi-bin/cybertown/templates/register _cforgot2.tmpl
2002.09.25 10:27 B d:\CT\cgi-bin\cybertown\templates\register\cadmin.tmpl <-- cybertown /services/http/80/cgi-bin/cybertown/templates/register cadmin.tmpl
2002.09.25 10:27 B d:\CT\cgi-bin\cybertown\templates\register\cadmin2.tmpl <-- cybertown /services/http/80/cgi-bin/cybertown/templates/register cadmin2.tmpl
2002.09.25 10:27 B d:\CT\cgi-bin\cybertown\templates\register\cancel.tmpl <-- cybertown /services/http/80/cgi-bin/cybertown/templates/register cancel.tmpl
2002.09.25 10:27 B d:\CT\cgi-bin\cybertown\templates\register\cchpass.tmpl <-- cybertown /services/http/80/cgi-bin/cybertown/templates/register cchpass.tmpl
2002.09.25 10:27 B d:\CT\cgi-bin\cybertown\templates\register\cchpass2.tmpl <-- cybertown /services/http/80/cgi-bin/cybertown/templates/register cchpass2.tmpl
2002.09.25 10:27 B d:\CT\cgi-bin\cybertown\templates\register\cforgot.tmpl <-- cybertown /services/http/80/cgi-bin/cybertown/templates/register cforgot.tmpl
2002.09.25 10:27 B d:\CT\cgi-bin\cybertown\templates\register\cnew.cfg <-- cybertown /services/http/80/cgi-bin/cybertown/templates/register cnew.cfg
2002.09.25 10:27 B d:\CT\cgi-bin\cybertown\templates\register\cnew.tmpl <-- cybertown /services/http/80/cgi-bin/cybertown/templates/register cnew.tmpl
2002.09.25 10:27 B d:\CT\cgi-bin\cybertown\templates\register\cregister.tmpl <-- cybertown /services/http/80/cgi-bin/cybertown/templates/register cregister.tmpl
2002.09.25 10:27 B d:\CT\cgi-bin\cybertown\templates\register\cregister.tmpl.js_new <-- cybertown /services/http/80/cgi-bin/cybertown/templates/register cregister.tmpl.js_new
2002.09.25 10:27 B d:\CT\cgi-bin\cybertown\templates\register\cregister.tmpl.swe <-- cybertown /services/http/80/cgi-bin/cybertown/templates/register cregister.tmpl.swe
2002.09.25 10:27 B d:\CT\cgi-bin\cybertown\templates\register\cregister.tmpl.swe_7_4 <-- cybertown /services/http/80/cgi-bin/cybertown/templates/register cregister.tmpl.swe_7_4
2002.09.25 10:28 B d:\CT\cgi-bin\cybertown\templates\register\cregister.tmpl_no_mag <-- cybertown /services/http/80/cgi-bin/cybertown/templates/register cregister.tmpl_no_mag
2002.09.25 10:28 B d:\CT\cgi-bin\cybertown\templates\register\cregister2.cfg <-- cybertown /services/http/80/cgi-bin/cybertown/templates/register cregister2.cfg
2002.09.25 10:28 B d:\CT\cgi-bin\cybertown\templates\register\cregister2.tmpl <-- cybertown /services/http/80/cgi-bin/cybertown/templates/register cregister2.tmpl
2002.09.25 10:28 B d:\CT\cgi-bin\cybertown\templates\register\cregister2_tmpl.iwos <-- cybertown /services/http/80/cgi-bin/cybertown/templates/register cregister2_tmpl.iwos
2002.09.25 10:28 B d:\CT\cgi-bin\cybertown\templates\register\cregister3.tmpl <-- cybertown /services/http/80/cgi-bin/cybertown/templates/register cregister3.tmpl
2002.09.25 10:28 B d:\CT\cgi-bin\cybertown\templates\register\cregister4.tmpl <-- cybertown /services/http/80/cgi-bin/cybertown/templates/register cregister4.tmpl
2002.09.25 10:28 B d:\CT\cgi-bin\cybertown\templates\register\enter.tmpl <-- cybertown /services/http/80/cgi-bin/cybertown/templates/register enter.tmpl
2002.09.25 10:28 B d:\CT\cgi-bin\cybertown\templates\register\enter_tmpl.iwos <-- cybertown /services/http/80/cgi-bin/cybertown/templates/register enter_tmpl.iwos
2002.09.25 19:12 B c:\WINDOWS\Desktop\sec\Ct\cgi-bin\cybertown\templates\register\WS_FTP.LOG --> ftp.cybertown.com /services/http/80/cgi-bin/cybertown/templates/register WS_FTP.LOG
2002.09.25 19:30 B c:\WINDOWS\Desktop\sec\Ct\cgi-bin\cybertown\templates\register\_cforgot2.tmpl --> ftp.cybertown.com /services/http/80/cgi-bin/cybertown/templates/register _cforgot2.tmpl
2002.09.25 19:30 B c:\WINDOWS\Desktop\sec\Ct\cgi-bin\cybertown\templates\register\cadmin.tmpl --> ftp.cybertown.com /services/http/80/cgi-bin/cybertown/templates/register cadmin.tmpl
2002.09.25 19:30 B c:\WINDOWS\Desktop\sec\Ct\cgi-bin\cybertown\templates\register\cadmin2.tmpl --> ftp.cybertown.com /services/http/80/cgi-bin/cybertown/templates/register cadmin2.tmpl
2002.09.25 19:30 B c:\WINDOWS\Desktop\sec\Ct\cgi-bin\cybertown\templates\register\cancel.tmpl --> ftp.cybertown.com /services/http/80/cgi-bin/cybertown/templates/register cancel.tmpl
2002.09.25 19:30 B c:\WINDOWS\Desktop\sec\Ct\cgi-bin\cybertown\templates\register\cchpass.tmpl --> ftp.cybertown.com /services/http/80/cgi-bin/cybertown/templates/register cchpass.tmpl
2002.09.25 19:30 B c:\WINDOWS\Desktop\sec\Ct\cgi-bin\cybertown\templates\register\cchpass2.tmpl --> ftp.cybertown.com /services/http/80/cgi-bin/cybertown/templates/register cchpass2.tmpl
2002.09.25 19:30 B c:\WINDOWS\Desktop\sec\Ct\cgi-bin\cybertown\templates\register\cforgot.tmpl --> ftp.cybertown.com /services/http/80/cgi-bin/cybertown/templates/register cforgot.tmpl
2002.09.25 19:30 B c:\WINDOWS\Desktop\sec\Ct\cgi-bin\cybertown\templates\register\cnew.cfg --> ftp.cybertown.com /services/http/80/cgi-bin/cybertown/templates/register cnew.cfg
2002.09.25 19:30 B c:\WINDOWS\Desktop\sec\Ct\cgi-bin\cybertown\templates\register\cnew.tmpl --> ftp.cybertown.com /services/http/80/cgi-bin/cybertown/templates/register cnew.tmpl
2002.09.25 19:30 B c:\WINDOWS\Desktop\sec\Ct\cgi-bin\cybertown\templates\register\cregister.tmpl --> ftp.cybertown.com /services/http/80/cgi-bin/cybertown/templates/register cregister.tmpl
2002.09.25 19:30 B c:\WINDOWS\Desktop\sec\Ct\cgi-bin\cybertown\templates\register\cregister.tmpl.js_new --> ftp.cybertown.com /services/http/80/cgi-bin/cybertown/templates/register cregister.tmpl.js_new
2002.09.25 19:30 B c:\WINDOWS\Desktop\sec\Ct\cgi-bin\cybertown\templates\register\cregister.tmpl.swe --> ftp.cybertown.com /services/http/80/cgi-bin/cybertown/templates/register cregister.tmpl.swe
2002.09.25 19:30 B c:\WINDOWS\Desktop\sec\Ct\cgi-bin\cybertown\templates\register\cregister.tmpl.swe_7_4 --> ftp.cybertown.com /services/http/80/cgi-bin/cybertown/templates/register cregister.tmpl.swe_7_4
2002.09.25 19:30 B c:\WINDOWS\Desktop\sec\Ct\cgi-bin\cybertown\templates\register\cregister.tmpl_no_mag --> ftp.cybertown.com /services/http/80/cgi-bin/cybertown/templates/register cregister.tmpl_no_mag
2002.09.25 19:30 B c:\WINDOWS\Desktop\sec\Ct\cgi-bin\cybertown\templates\register\cregister2.cfg --> ftp.cybertown.com /services/http/80/cgi-bin/cybertown/templates/register cregister2.cfg
2002.09.25 19:30 B c:\WINDOWS\Desktop\sec\Ct\cgi-bin\cybertown\templates\register\cregister2.tmpl --> ftp.cybertown.com /services/http/80/cgi-bin/cybertown/templates/register cregister2.tmpl
2002.09.25 19:30 B c:\WINDOWS\Desktop\sec\Ct\cgi-bin\cybertown\templates\register\cregister2_tmpl.iwos --> ftp.cybertown.com /services/http/80/cgi-bin/cybertown/templates/register cregister2_tmpl.iwos
2002.09.25 19:30 B c:\WINDOWS\Desktop\sec\Ct\cgi-bin\cybertown\templates\register\cregister3.tmpl --> ftp.cybertown.com /services/http/80/cgi-bin/cybertown/templates/register cregister3.tmpl
2002.09.25 19:30 B c:\WINDOWS\Desktop\sec\Ct\cgi-bin\cybertown\templates\register\cregister4.tmpl --> ftp.cybertown.com /services/http/80/cgi-bin/cybertown/templates/register cregister4.tmpl
2002.09.25 19:30 B c:\WINDOWS\Desktop\sec\Ct\cgi-bin\cybertown\templates\register\enter.tmpl --> ftp.cybertown.com /services/http/80/cgi-bin/cybertown/templates/register enter.tmpl
2002.09.25 19:30 B c:\WINDOWS\Desktop\sec\Ct\cgi-bin\cybertown\templates\register\enter_tmpl.iwos --> ftp.cybertown.com /services/http/80/cgi-bin/cybertown/templates/register enter_tmpl.iwos
